1.0483 	WARNING 	We strongly recommend you activate the PTB sound engine in PsychoPy prefs as the preferred audio engine. Its timing is vastly superior. Your prefs are currently set to use ['sounddevice', 'PTB', 'pyo', 'pygame'] (in that order).
108.5557 	INFO 	Loaded monitor calibration from ['2020_10_01 13:01']
110.8732 	EXP 	Created window1 = Window(allowGUI=True, allowStencil=False, autoLog=True, backendConf=UNKNOWN, bitsMode=UNKNOWN, blendMode='avg', bpc=(8, 8, 8), color=array([0, 0, 0]), colorSpace='rgb', depthBits=8, fullscr=<method-wrapper '__getattribute__' of attributeSetter object at 0x0000017A66090588>, gamma=None, gammaErrorPolicy='raise', lms=UNKNOWN, monitor=<psychopy.monitors.calibTools.Monitor object at 0x0000017A66114C50>, multiSample=False, name='window1', numSamples=2, pos=[240.0, 90.0], screen=0, size=array([1440,  900]), stencilBits=0, stereo=False, units='height', useFBO=True, useRetina=False, viewOri=0.0, viewPos=None, viewScale=None, waitBlanking=True, winType='pyglet')
110.8735 	EXP 	window1: mouseVisible = True
110.8736 	EXP 	window1: recordFrameIntervals = False
111.0364 	EXP 	window1: recordFrameIntervals = True
111.8721 	DEBUG 	Screen (0) actual frame rate measured at 59.56
111.8722 	EXP 	window1: recordFrameIntervals = False
112.1438 	EXP 	Created std_instructions = TextStim(__class__=<class 'psychopy.visual.text.TextStim'>, alignHoriz=method-wrapper(...), alignText='center', alignVert=method-wrapper(...), anchorHoriz='center', anchorVert='center', antialias=True, autoLog=True, bold=False, color=array([-1, -1, -1]), colorSpace='rgb', contrast=1.0, depth=0.0, flipHoriz=False, flipVert=False, font='Open Sans', fontFiles=[], height=0.05, italic=False, languageStyle='LTR', name='std_instructions', opacity=1, ori=0.0, pos=array([0., 0.]), rgb=UNKNOWN, text=str(...), units='height', win=Window(...), wrapWidth=1)
112.1446 	EXP 	Created text = TextStim(__class__=<class 'psychopy.visual.text.TextStim'>, alignHoriz=method-wrapper(...), alignText='center', alignVert=method-wrapper(...), anchorHoriz='center', anchorVert='center', antialias=True, autoLog=True, bold=False, color=array([-1, -1, -1]), colorSpace='rgb', contrast=1.0, depth=-1.0, flipHoriz=False, flipVert=False, font='Open Sans', fontFiles=[], height=0.05, italic=False, languageStyle='LTR', name='text', opacity=1, ori=0.0, pos=array([0., 0.]), rgb=UNKNOWN, text='', units='height', win=Window(...), wrapWidth=1)
112.1714 	EXP 	Created task_instructions = TextStim(__class__=<class 'psychopy.visual.text.TextStim'>, alignHoriz=method-wrapper(...), alignText='center', alignVert=method-wrapper(...), anchorHoriz='center', anchorVert='center', antialias=True, autoLog=True, bold=False, color=array([-1, -1, -1]), colorSpace='rgb', contrast=1.0, depth=0.0, flipHoriz=False, flipVert=False, font='Open Sans', fontFiles=[], height=0.05, italic=False, languageStyle='LTR', name='task_instructions', opacity=1, ori=0.0, pos=array([0., 0.]), rgb=UNKNOWN, text=str(...), units='height', win=Window(...), wrapWidth=1)
112.1951 	EXP 	Created practice_block = TextStim(__class__=<class 'psychopy.visual.text.TextStim'>, alignHoriz=method-wrapper(...), alignText='center', alignVert=method-wrapper(...), anchorHoriz='center', anchorVert='center', antialias=True, autoLog=True, bold=False, color=array([-1, -1, -1]), colorSpace='rgb', contrast=1.0, depth=0.0, flipHoriz=False, flipVert=False, font='Open Sans', fontFiles=[], height=0.1, italic=False, languageStyle='LTR', name='practice_block', opacity=1, ori=0.0, pos=array([0., 0.]), rgb=UNKNOWN, text='Practice Block', units='height', win=Window(...), wrapWidth=1)
112.2121 	EXP 	Created trial_instructions_practice = TextStim(__class__=<class 'psychopy.visual.text.TextStim'>, alignHoriz=method-wrapper(...), alignText='center', alignVert=method-wrapper(...), anchorHoriz='center', anchorVert='center', antialias=True, autoLog=True, bold=False, color=array([-1, -1, -1]), colorSpace='rgb', contrast=1.0, depth=0.0, flipHoriz=False, flipVert=False, font='Open Sans', fontFiles=[], height=30.0, italic=False, languageStyle='LTR', name='trial_instructions_practice', opacity=1, ori=0.0, pos=array([   0., -300.]), rgb=UNKNOWN, text='C = “YES”             N = “NO”', units='pix', win=Window(...), wrapWidth=500)
112.2168 	EXP 	Created image_practice = ImageStim(__class__=<class 'psychopy.visual.image.ImageStim'>, autoLog=True, color=array([1, 1, 1]), colorSpace='rgb', contrast=1.0, depth=-2.0, flipHoriz=False, flipVert=False, image='sin', interpolate=True, mask=None, maskParams=None, name='image_practice', opacity=1, ori=0.0, pos=array([0., 0.]), size=array([0.5, 0.5]), texRes=128.0, units='height', win=Window(...))
112.2498 	EXP 	Created experiment_block = TextStim(__class__=<class 'psychopy.visual.text.TextStim'>, alignHoriz=method-wrapper(...), alignText='center', alignVert=method-wrapper(...), anchorHoriz='center', anchorVert='center', antialias=True, autoLog=True, bold=False, color=array([-1, -1, -1]), colorSpace='rgb', contrast=1.0, depth=0.0, flipHoriz=False, flipVert=False, font='Open Sans', fontFiles=[], height=0.05, italic=False, languageStyle='LTR', name='experiment_block', opacity=1, ori=0.0, pos=array([0., 0.]), rgb=UNKNOWN, text=str(...), units='height', win=Window(...), wrapWidth=1)
112.2535 	EXP 	Created trial_instructions = TextStim(__class__=<class 'psychopy.visual.text.TextStim'>, alignHoriz=method-wrapper(...), alignText='center', alignVert=method-wrapper(...), anchorHoriz='center', anchorVert='center', antialias=True, autoLog=True, bold=False, color=array([-1, -1, -1]), colorSpace='rgb', contrast=1.0, depth=0.0, flipHoriz=False, flipVert=False, font='Open Sans', fontFiles=[], height=30.0, italic=False, languageStyle='LTR', name='trial_instructions', opacity=1, ori=0.0, pos=array([   0., -300.]), rgb=UNKNOWN, text='C = “YES”             N = “NO”', units='pix', win=Window(...), wrapWidth=500)
112.2567 	EXP 	Created image = ImageStim(__class__=<class 'psychopy.visual.image.ImageStim'>, autoLog=True, color=array([1, 1, 1]), colorSpace='rgb', contrast=1.0, depth=-2.0, flipHoriz=False, flipVert=False, image='sin', interpolate=True, mask=None, maskParams=None, name='image', opacity=1, ori=0.0, pos=array([0., 0.]), size=array([0.5, 0.5]), texRes=128.0, units='height', win=Window(...))
112.3684 	EXP 	Created breakimage = ImageStim(__class__=<class 'psychopy.visual.image.ImageStim'>, autoLog=True, color=array([1, 1, 1]), colorSpace='rgb', contrast=1.0, depth=0.0, flipHoriz=False, flipVert=False, image='breakfile.jpg', interpolate=True, mask=None, maskParams=None, name='breakimage', opacity=1, ori=0.0, pos=array([0., 0.]), size=array([1.6, 0.9]), texRes=128.0, units='height', win=Window(...))
112.3863 	EXP 	Created end_text = TextStim(__class__=<class 'psychopy.visual.text.TextStim'>, alignHoriz=method-wrapper(...), alignText='center', alignVert=method-wrapper(...), anchorHoriz='center', anchorVert='center', antialias=True, autoLog=True, bold=False, color=array([-1, -1, -1]), colorSpace='rgb', contrast=1.0, depth=0.0, flipHoriz=False, flipVert=False, font='Open Sans', fontFiles=[], height=0.1, italic=False, languageStyle='LTR', name='end_text', opacity=1, ori=0.0, pos=array([0., 0.]), rgb=UNKNOWN, text=str(...), units='height', win=Window(...), wrapWidth=1)
112.4368 	EXP 	std_instructions: autoDraw = True
113.4797 	DATA 	Keypress: space
113.5713 	DEBUG 	Read csv file with pandas: standardizingRTs.csv
113.5739 	DEBUG 	Clearing unnamed columns from standardizingRTs.csv
113.5742 	EXP 	Imported standardizingRTs.csv as conditions, 2 conditions, 2 params
113.5746 	EXP 	Created sequence: random, trialTypes=2, nReps=10, seed=None
113.5749 	EXP 	New trial (rep=0, index=0): OrderedDict([('stimulus', "Press the 'yes' key."), ('corrAns', 'c')])
113.6016 	EXP 	std_instructions: autoDraw = False
113.6016 	EXP 	text: text = "Press the 'yes' key."
113.6016 	EXP 	text: autoDraw = True
114.4435 	EXP 	New trial (rep=0, index=1): OrderedDict([('stimulus', "Press the 'no' key."), ('corrAns', 'n')])
114.4643 	DATA 	Keypress: c
114.4860 	EXP 	text: autoDraw = False
114.4860 	EXP 	text: text = "Press the 'no' key."
114.4860 	EXP 	text: autoDraw = True
114.8116 	EXP 	New trial (rep=1, index=0): OrderedDict([('stimulus', "Press the 'no' key."), ('corrAns', 'n')])
114.8191 	DATA 	Keypress: n
114.8352 	EXP 	text: autoDraw = False
114.8352 	EXP 	text: text = "Press the 'no' key."
114.8352 	EXP 	text: autoDraw = True
115.2119 	EXP 	New trial (rep=1, index=1): OrderedDict([('stimulus', "Press the 'yes' key."), ('corrAns', 'c')])
115.2297 	DATA 	Keypress: n
115.2529 	EXP 	text: autoDraw = False
115.2529 	EXP 	text: text = "Press the 'yes' key."
115.2529 	EXP 	text: autoDraw = True
115.6105 	EXP 	New trial (rep=2, index=0): OrderedDict([('stimulus', "Press the 'no' key."), ('corrAns', 'n')])
115.6290 	DATA 	Keypress: c
115.6517 	EXP 	text: autoDraw = False
115.6517 	EXP 	text: text = "Press the 'no' key."
115.6517 	EXP 	text: autoDraw = True
115.9255 	DATA 	Keypress: n
115.9415 	EXP 	New trial (rep=2, index=1): OrderedDict([('stimulus', "Press the 'yes' key."), ('corrAns', 'c')])
115.9675 	EXP 	text: autoDraw = False
115.9675 	EXP 	text: text = "Press the 'yes' key."
115.9675 	EXP 	text: autoDraw = True
116.2769 	EXP 	New trial (rep=3, index=0): OrderedDict([('stimulus', "Press the 'yes' key."), ('corrAns', 'c')])
116.2820 	DATA 	Keypress: c
116.3028 	EXP 	text: autoDraw = False
116.3028 	EXP 	text: text = "Press the 'yes' key."
116.3028 	EXP 	text: autoDraw = True
116.7091 	EXP 	New trial (rep=3, index=1): OrderedDict([('stimulus', "Press the 'no' key."), ('corrAns', 'n')])
116.7227 	DATA 	Keypress: c
116.7341 	EXP 	text: autoDraw = False
116.7341 	EXP 	text: text = "Press the 'no' key."
116.7341 	EXP 	text: autoDraw = True
117.0089 	EXP 	New trial (rep=4, index=0): OrderedDict([('stimulus', "Press the 'no' key."), ('corrAns', 'n')])
117.0135 	DATA 	Keypress: n
117.0365 	EXP 	text: autoDraw = False
117.0365 	EXP 	text: text = "Press the 'no' key."
117.0365 	EXP 	text: autoDraw = True
117.4087 	EXP 	New trial (rep=4, index=1): OrderedDict([('stimulus', "Press the 'yes' key."), ('corrAns', 'c')])
117.4208 	DATA 	Keypress: n
117.4358 	EXP 	text: autoDraw = False
117.4358 	EXP 	text: text = "Press the 'yes' key."
117.4358 	EXP 	text: autoDraw = True
117.7924 	EXP 	New trial (rep=5, index=0): OrderedDict([('stimulus', "Press the 'yes' key."), ('corrAns', 'c')])
117.7973 	DATA 	Keypress: c
117.8192 	EXP 	text: autoDraw = False
117.8192 	EXP 	text: text = "Press the 'yes' key."
117.8192 	EXP 	text: autoDraw = True
118.1754 	EXP 	New trial (rep=5, index=1): OrderedDict([('stimulus', "Press the 'no' key."), ('corrAns', 'n')])
118.1869 	DATA 	Keypress: c
118.2034 	EXP 	text: autoDraw = False
118.2034 	EXP 	text: text = "Press the 'no' key."
118.2034 	EXP 	text: autoDraw = True
118.5246 	EXP 	New trial (rep=6, index=0): OrderedDict([('stimulus', "Press the 'no' key."), ('corrAns', 'n')])
118.5294 	DATA 	Keypress: n
118.5507 	EXP 	text: autoDraw = False
118.5507 	EXP 	text: text = "Press the 'no' key."
118.5507 	EXP 	text: autoDraw = True
118.8418 	EXP 	New trial (rep=6, index=1): OrderedDict([('stimulus', "Press the 'yes' key."), ('corrAns', 'c')])
118.8537 	DATA 	Keypress: n
118.8689 	EXP 	text: autoDraw = False
118.8689 	EXP 	text: text = "Press the 'yes' key."
118.8689 	EXP 	text: autoDraw = True
119.2100 	EXP 	New trial (rep=7, index=0): OrderedDict([('stimulus', "Press the 'no' key."), ('corrAns', 'n')])
119.2300 	DATA 	Keypress: c
119.2525 	EXP 	text: autoDraw = False
119.2525 	EXP 	text: text = "Press the 'no' key."
119.2525 	EXP 	text: autoDraw = True
119.4920 	EXP 	New trial (rep=7, index=1): OrderedDict([('stimulus', "Press the 'yes' key."), ('corrAns', 'c')])
119.5047 	DATA 	Keypress: n
119.5190 	EXP 	text: autoDraw = False
119.5190 	EXP 	text: text = "Press the 'yes' key."
119.5190 	EXP 	text: autoDraw = True
120.4243 	EXP 	New trial (rep=8, index=0): OrderedDict([('stimulus', "Press the 'no' key."), ('corrAns', 'n')])
120.4332 	DATA 	Keypress: c
120.4510 	EXP 	text: autoDraw = False
120.4510 	EXP 	text: text = "Press the 'no' key."
120.4510 	EXP 	text: autoDraw = True
120.6938 	EXP 	New trial (rep=8, index=1): OrderedDict([('stimulus', "Press the 'yes' key."), ('corrAns', 'c')])
120.7112 	DATA 	Keypress: n
120.7170 	EXP 	text: autoDraw = False
120.7170 	EXP 	text: text = "Press the 'yes' key."
120.7170 	EXP 	text: autoDraw = True
121.0795 	EXP 	New trial (rep=9, index=0): OrderedDict([('stimulus', "Press the 'no' key."), ('corrAns', 'n')])
121.0997 	DATA 	Keypress: c
121.1189 	EXP 	text: autoDraw = False
121.1189 	EXP 	text: text = "Press the 'no' key."
121.1189 	EXP 	text: autoDraw = True
121.4119 	DATA 	Keypress: n
121.4436 	EXP 	New trial (rep=9, index=1): OrderedDict([('stimulus', "Press the 'yes' key."), ('corrAns', 'c')])
121.4838 	EXP 	text: autoDraw = False
121.4838 	EXP 	text: text = "Press the 'yes' key."
121.4838 	EXP 	text: autoDraw = True
121.8113 	DATA 	Keypress: c
121.8540 	EXP 	text: autoDraw = False
121.8540 	EXP 	task_instructions: autoDraw = True
122.6607 	DATA 	Keypress: space
123.4099 	DATA 	Keypress: space
124.4636 	DATA 	Keypress: space
124.4846 	EXP 	task_instructions: autoDraw = False
124.4846 	EXP 	practice_block: autoDraw = True
127.4821 	DEBUG 	Read csv file with pandas: practice.csv
127.4853 	DEBUG 	Clearing unnamed columns from practice.csv
127.4927 	EXP 	Imported practice.csv as conditions, 20 conditions, 5 params
127.4932 	EXP 	Created sequence: random, trialTypes=20, nReps=1, seed=None
127.4938 	EXP 	New trial (rep=0, index=0): OrderedDict([('file', 'practice_images/dog playing.jpg'), ('stimulus', 'dog playing.jpg'), ('condition', 'plausible'), ('block', 'practice'), ('corrAns', 'c')])
127.5339 	EXP 	practice_block: autoDraw = False
127.5339 	EXP 	image_practice: size = array([0.62555556, 0.46888889])
127.5339 	EXP 	image_practice: image = 'practice_images/dog playing.jpg'
127.5339 	EXP 	trial_instructions_practice: autoDraw = True
127.5339 	EXP 	image_practice: autoDraw = True
128.6769 	EXP 	New trial (rep=0, index=1): OrderedDict([('file', 'practice_images/girl and woman_patio.jpg'), ('stimulus', 'girl and woman_patio.jpg'), ('condition', 'plausible'), ('block', 'practice'), ('corrAns', 'c')])
128.6944 	DATA 	Keypress: c
128.7007 	EXP 	trial_instructions_practice: autoDraw = False
128.7007 	EXP 	image_practice: autoDraw = False
128.7007 	EXP 	image_practice: size = array([0.62555556, 0.46888889])
128.7007 	EXP 	image_practice: image = 'practice_images/girl and woman_patio.jpg'
128.7007 	EXP 	trial_instructions_practice: autoDraw = True
128.7007 	EXP 	image_practice: autoDraw = True
129.3426 	DATA 	Keypress: c
129.3601 	EXP 	New trial (rep=0, index=2): OrderedDict([('file', 'practice_images/man running.jpg'), ('stimulus', 'man running.jpg'), ('condition', 'plausible'), ('block', 'practice'), ('corrAns', 'c')])
129.4023 	EXP 	trial_instructions_practice: autoDraw = False
129.4023 	EXP 	image_practice: autoDraw = False
129.4023 	EXP 	image_practice: size = array([0.62555556, 0.46888889])
129.4023 	EXP 	image_practice: image = 'practice_images/man running.jpg'
129.4023 	EXP 	trial_instructions_practice: autoDraw = True
129.4023 	EXP 	image_practice: autoDraw = True
129.9273 	EXP 	New trial (rep=0, index=3): OrderedDict([('file', 'practice_images/balancing on umbrella.jpg'), ('stimulus', 'balancing on umbrella.jpg'), ('condition', 'implausible'), ('block', 'practice'), ('corrAns', 'n')])
129.9528 	DATA 	Keypress: c
129.9684 	EXP 	trial_instructions_practice: autoDraw = False
129.9684 	EXP 	image_practice: autoDraw = False
129.9684 	EXP 	image_practice: size = array([0.62555556, 0.46888889])
129.9684 	EXP 	image_practice: image = 'practice_images/balancing on umbrella.jpg'
129.9684 	EXP 	trial_instructions_practice: autoDraw = True
129.9684 	EXP 	image_practice: autoDraw = True
130.5241 	EXP 	New trial (rep=0, index=4): OrderedDict([('file', 'practice_images/kids playing.jpg'), ('stimulus', 'kids playing.jpg'), ('condition', 'plausible'), ('block', 'practice'), ('corrAns', 'c')])
130.5375 	DATA 	Keypress: c
130.5508 	EXP 	trial_instructions_practice: autoDraw = False
130.5508 	EXP 	image_practice: autoDraw = False
130.5508 	EXP 	image_practice: size = array([0.62555556, 0.46888889])
130.5508 	EXP 	image_practice: image = 'practice_images/kids playing.jpg'
130.5508 	EXP 	trial_instructions_practice: autoDraw = True
130.5508 	EXP 	image_practice: autoDraw = True
131.1941 	EXP 	New trial (rep=0, index=5): OrderedDict([('file', 'practice_images/boxer training.jpg'), ('stimulus', 'boxer training.jpg'), ('condition', 'plausible'), ('block', 'practice'), ('corrAns', 'c')])
131.2189 	DATA 	Keypress: c
131.2356 	EXP 	trial_instructions_practice: autoDraw = False
131.2356 	EXP 	image_practice: autoDraw = False
131.2356 	EXP 	image_practice: size = array([0.62555556, 0.46888889])
131.2356 	EXP 	image_practice: image = 'practice_images/boxer training.jpg'
131.2356 	EXP 	trial_instructions_practice: autoDraw = True
131.2356 	EXP 	image_practice: autoDraw = True
131.7603 	EXP 	New trial (rep=0, index=6): OrderedDict([('file', 'practice_images/buisness man working.jpg'), ('stimulus', 'buisness man working.jpg'), ('condition', 'plausible'), ('block', 'practice'), ('corrAns', 'c')])
131.7830 	DATA 	Keypress: c
131.8018 	EXP 	trial_instructions_practice: autoDraw = False
131.8018 	EXP 	image_practice: autoDraw = False
131.8018 	EXP 	image_practice: size = array([0.62555556, 0.46888889])
131.8018 	EXP 	image_practice: image = 'practice_images/buisness man working.jpg'
131.8018 	EXP 	trial_instructions_practice: autoDraw = True
131.8018 	EXP 	image_practice: autoDraw = True
132.4938 	EXP 	New trial (rep=0, index=7): OrderedDict([('file', 'practice_images/parking lot.jpg'), ('stimulus', 'parking lot.jpg'), ('condition', 'plausible'), ('block', 'practice'), ('corrAns', 'c')])
132.5143 	DATA 	Keypress: c
132.5351 	EXP 	trial_instructions_practice: autoDraw = False
132.5351 	EXP 	image_practice: autoDraw = False
132.5351 	EXP 	image_practice: size = array([0.62555556, 0.46888889])
132.5351 	EXP 	image_practice: image = 'practice_images/parking lot.jpg'
132.5351 	EXP 	trial_instructions_practice: autoDraw = True
132.5351 	EXP 	image_practice: autoDraw = True
133.5929 	EXP 	New trial (rep=0, index=8): OrderedDict([('file', 'practice_images/looking at xray.jpg'), ('stimulus', 'looking at xray.jpg'), ('condition', 'plausible'), ('block', 'practice'), ('corrAns', 'c')])
133.6146 	DATA 	Keypress: c
133.6334 	EXP 	trial_instructions_practice: autoDraw = False
133.6334 	EXP 	image_practice: autoDraw = False
133.6334 	EXP 	image_practice: size = array([0.62555556, 0.46888889])
133.6334 	EXP 	image_practice: image = 'practice_images/looking at xray.jpg'
133.6334 	EXP 	trial_instructions_practice: autoDraw = True
133.6334 	EXP 	image_practice: autoDraw = True
134.5265 	DATA 	Keypress: c
134.5436 	EXP 	New trial (rep=0, index=9): OrderedDict([('file', 'practice_images/sawing apple.jpg'), ('stimulus', 'sawing apple.jpg'), ('condition', 'implausible'), ('block', 'practice'), ('corrAns', 'n')])
134.5689 	EXP 	New trial (rep=0, index=10): OrderedDict([('file', 'practice_images/boss baby.jpg'), ('stimulus', 'boss bably.jpg'), ('condition', 'implausible'), ('block', 'practice'), ('corrAns', 'n')])
134.5803 	EXP 	New trial (rep=0, index=11): OrderedDict([('file', 'practice_images/giant coffee.jpg'), ('stimulus', 'giant coffee.jpg'), ('condition', 'implausible'), ('block', 'practice'), ('corrAns', 'n')])
134.5903 	EXP 	New trial (rep=0, index=12): OrderedDict([('file', 'practice_images/mowing the lawn.jpg'), ('stimulus', 'mowing the lawn.jpg'), ('condition', 'plausible'), ('block', 'practice'), ('corrAns', 'c')])
134.6013 	EXP 	New trial (rep=0, index=13): OrderedDict([('file', 'practice_images/throwing noodles.jpg'), ('stimulus', 'throwing noodles.jpg'), ('condition', 'implausible'), ('block', 'practice'), ('corrAns', 'n')])
134.6113 	EXP 	New trial (rep=0, index=14): OrderedDict([('file', 'practice_images/man with paper in mouth.jpg'), ('stimulus', 'man with paper in mouth.jpg'), ('condition', 'implausible'), ('block', 'practice'), ('corrAns', 'n')])
134.6222 	EXP 	New trial (rep=0, index=15): OrderedDict([('file', 'practice_images/woman vacuuming grass.jpg'), ('stimulus', 'woman vacuuming grass.jpg'), ('condition', 'implausible'), ('block', 'practice'), ('corrAns', 'n')])
134.6329 	EXP 	New trial (rep=0, index=16): OrderedDict([('file', 'practice_images/bikini woman gun.jpg'), ('stimulus', 'bikini woman gun.jpg'), ('condition', 'implausible'), ('block', 'practice'), ('corrAns', 'n')])
134.6402 	EXP 	New trial (rep=0, index=17): OrderedDict([('file', 'practice_images/dog pilot.jpg'), ('stimulus', 'dog pilot.jpg'), ('condition', 'implausible'), ('block', 'practice'), ('corrAns', 'n')])
134.6469 	EXP 	New trial (rep=0, index=18): OrderedDict([('file', 'practice_images/underwater skateboard.jpg'), ('stimulus', 'underwater skateboard.jpg'), ('condition', 'implausible'), ('block', 'practice'), ('corrAns', 'n')])
134.6540 	EXP 	New trial (rep=0, index=19): OrderedDict([('file', 'practice_images/family cooking.jpg'), ('stimulus', 'family cooking.jpg'), ('condition', 'plausible'), ('block', 'practice'), ('corrAns', 'c')])
134.6829 	EXP 	trial_instructions_practice: autoDraw = False
134.6829 	EXP 	image_practice: autoDraw = False
134.6829 	EXP 	image_practice: size = array([0.62555556, 0.46888889])
134.6829 	EXP 	image_practice: image = 'practice_images/sawing apple.jpg'
134.6829 	EXP 	trial_instructions_practice: autoDraw = True
134.6829 	EXP 	image_practice: autoDraw = True
134.6829 	EXP 	trial_instructions_practice: autoDraw = False
134.6829 	EXP 	image_practice: autoDraw = False
134.6829 	EXP 	image_practice: size = array([0.62555556, 0.46888889])
134.6829 	EXP 	image_practice: image = 'practice_images/boss baby.jpg'
134.6829 	EXP 	trial_instructions_practice: autoDraw = True
134.6829 	EXP 	image_practice: autoDraw = True
134.6829 	EXP 	trial_instructions_practice: autoDraw = False
134.6829 	EXP 	image_practice: autoDraw = False
134.6829 	EXP 	image_practice: size = array([0.62555556, 0.46888889])
134.6829 	EXP 	image_practice: image = 'practice_images/giant coffee.jpg'
134.6829 	EXP 	trial_instructions_practice: autoDraw = True
134.6829 	EXP 	image_practice: autoDraw = True
134.6829 	EXP 	trial_instructions_practice: autoDraw = False
134.6829 	EXP 	image_practice: autoDraw = False
134.6829 	EXP 	image_practice: size = array([0.62555556, 0.46888889])
134.6829 	EXP 	image_practice: image = 'practice_images/mowing the lawn.jpg'
134.6829 	EXP 	trial_instructions_practice: autoDraw = True
134.6829 	EXP 	image_practice: autoDraw = True
134.6829 	EXP 	trial_instructions_practice: autoDraw = False
134.6829 	EXP 	image_practice: autoDraw = False
134.6829 	EXP 	image_practice: size = array([0.62555556, 0.46888889])
134.6829 	EXP 	image_practice: image = 'practice_images/throwing noodles.jpg'
134.6829 	EXP 	trial_instructions_practice: autoDraw = True
134.6829 	EXP 	image_practice: autoDraw = True
134.6829 	EXP 	trial_instructions_practice: autoDraw = False
134.6829 	EXP 	image_practice: autoDraw = False
134.6829 	EXP 	image_practice: size = array([0.62555556, 0.46888889])
134.6829 	EXP 	image_practice: image = 'practice_images/man with paper in mouth.jpg'
134.6829 	EXP 	trial_instructions_practice: autoDraw = True
134.6829 	EXP 	image_practice: autoDraw = True
134.6829 	EXP 	trial_instructions_practice: autoDraw = False
134.6829 	EXP 	image_practice: autoDraw = False
134.6829 	EXP 	image_practice: size = array([0.62555556, 0.46888889])
134.6829 	EXP 	image_practice: image = 'practice_images/woman vacuuming grass.jpg'
134.6829 	EXP 	trial_instructions_practice: autoDraw = True
134.6829 	EXP 	image_practice: autoDraw = True
134.6829 	EXP 	trial_instructions_practice: autoDraw = False
134.6829 	EXP 	image_practice: autoDraw = False
134.6829 	EXP 	image_practice: size = array([0.62555556, 0.46888889])
134.6829 	EXP 	image_practice: image = 'practice_images/bikini woman gun.jpg'
134.6829 	EXP 	trial_instructions_practice: autoDraw = True
134.6829 	EXP 	image_practice: autoDraw = True
134.6829 	EXP 	trial_instructions_practice: autoDraw = False
134.6829 	EXP 	image_practice: autoDraw = False
134.6829 	EXP 	image_practice: size = array([0.62555556, 0.46888889])
134.6829 	EXP 	image_practice: image = 'practice_images/dog pilot.jpg'
134.6829 	EXP 	trial_instructions_practice: autoDraw = True
134.6829 	EXP 	image_practice: autoDraw = True
134.6829 	EXP 	trial_instructions_practice: autoDraw = False
134.6829 	EXP 	image_practice: autoDraw = False
134.6829 	EXP 	image_practice: size = array([0.62555556, 0.46888889])
134.6829 	EXP 	image_practice: image = 'practice_images/underwater skateboard.jpg'
134.6829 	EXP 	trial_instructions_practice: autoDraw = True
134.6829 	EXP 	image_practice: autoDraw = True
134.6829 	EXP 	trial_instructions_practice: autoDraw = False
134.6829 	EXP 	image_practice: autoDraw = False
134.6829 	EXP 	image_practice: size = array([0.62555556, 0.46888889])
134.6829 	EXP 	image_practice: image = 'practice_images/family cooking.jpg'
134.6829 	EXP 	trial_instructions_practice: autoDraw = True
134.6829 	EXP 	image_practice: autoDraw = True
134.6829 	EXP 	trial_instructions_practice: autoDraw = False
134.6829 	EXP 	image_practice: autoDraw = False
134.6829 	EXP 	experiment_block: autoDraw = True
142.0867 	DEBUG 	Read csv file with pandas: experiment.csv
142.0892 	DEBUG 	Clearing unnamed columns from experiment.csv
142.1056 	EXP 	Imported experiment.csv as conditions, 256 conditions, 5 params
142.1064 	EXP 	Created sequence: random, trialTypes=256, nReps=1, seed=None
142.1067 	EXP 	New trial (rep=0, index=0): OrderedDict([('file', 'images/woman_washing hands.jpg'), ('stimulus', 'woman_washing hands.jpg'), ('condition', 'Plausible'), ('block', 2), ('corrAns', 'c')])
142.1315 	DATA 	Keypress: space
142.1488 	EXP 	experiment_block: autoDraw = False
142.1488 	EXP 	image: size = array([0.62555556, 0.46888889])
142.1488 	EXP 	image: image = 'images/woman_washing hands.jpg'
142.1488 	EXP 	trial_instructions: autoDraw = True
142.1488 	EXP 	image: autoDraw = True
142.9744 	EXP 	Created sequence: random, trialTypes=1, nReps=0, seed=None
142.9750 	EXP 	New trial (rep=0, index=1): OrderedDict([('file', 'images/man feeding paper into shredder w mouth.jpg'), ('stimulus', 'man feeding paper into shredder w mouth.jpg'), ('condition', 'Implausible'), ('block', 2), ('corrAns', 'n')])
143.0069 	DATA 	Keypress: c
143.0181 	EXP 	trial_instructions: autoDraw = False
143.0181 	EXP 	image: autoDraw = False
143.0181 	EXP 	image: size = array([0.62555556, 0.46888889])
143.0181 	EXP 	image: image = 'images/man feeding paper into shredder w mouth.jpg'
143.0181 	EXP 	trial_instructions: autoDraw = True
143.0181 	EXP 	image: autoDraw = True
143.0719 	EXP 	Created sequence: random, trialTypes=1, nReps=0, seed=None
143.0722 	EXP 	New trial (rep=0, index=2): OrderedDict([('file', 'images/business man long jump over binders.jpg'), ('stimulus', 'business man long jump over binders.jpg'), ('condition', 'Implausible'), ('block', 2), ('corrAns', 'n')])
143.0848 	DATA 	Keypress: n
143.0994 	EXP 	trial_instructions: autoDraw = False
143.0994 	EXP 	image: autoDraw = False
143.0994 	EXP 	image: size = array([0.62555556, 0.46888889])
143.0994 	EXP 	image: image = 'images/business man long jump over binders.jpg'
143.0994 	EXP 	trial_instructions: autoDraw = True
143.0994 	EXP 	image: autoDraw = True
143.2250 	EXP 	Created sequence: random, trialTypes=1, nReps=0, seed=None
143.2259 	EXP 	New trial (rep=0, index=3): OrderedDict([('file', 'images/man and woman_jumping into water.jpg'), ('stimulus', 'man and woman_jumping into water.jpg'), ('condition', 'Plausible'), ('block', 1), ('corrAns', 'c')])
143.2484 	DATA 	Keypress: c
143.2674 	EXP 	trial_instructions: autoDraw = False
143.2674 	EXP 	image: autoDraw = False
143.2674 	EXP 	image: size = array([0.62555556, 0.46888889])
143.2674 	EXP 	image: image = 'images/man and woman_jumping into water.jpg'
143.2674 	EXP 	trial_instructions: autoDraw = True
143.2674 	EXP 	image: autoDraw = True
143.2899 	EXP 	Created sequence: random, trialTypes=1, nReps=0, seed=None
143.2904 	EXP 	New trial (rep=0, index=4): OrderedDict([('file', 'images/woman_drilling.jpg'), ('stimulus', 'woman_drilling.jpg'), ('condition', 'Plausible'), ('block', 2), ('corrAns', 'c')])
143.3178 	DATA 	Keypress: n
143.3326 	EXP 	trial_instructions: autoDraw = False
143.3326 	EXP 	image: autoDraw = False
143.3326 	EXP 	image: size = array([0.62555556, 0.46888889])
143.3326 	EXP 	image: image = 'images/woman_drilling.jpg'
143.3326 	EXP 	trial_instructions: autoDraw = True
143.3326 	EXP 	image: autoDraw = True
143.4237 	EXP 	Created sequence: random, trialTypes=1, nReps=0, seed=None
143.4241 	EXP 	New trial (rep=0, index=5): OrderedDict([('file', 'images/man and woman_dinner table.jpg'), ('stimulus', 'man and woman_dinner table.jpg'), ('condition', 'Plausible'), ('block', 1), ('corrAns', 'c')])
143.4527 	DATA 	Keypress: c
143.4656 	EXP 	trial_instructions: autoDraw = False
143.4656 	EXP 	image: autoDraw = False
143.4656 	EXP 	image: size = array([0.62555556, 0.46888889])
143.4656 	EXP 	image: image = 'images/man and woman_dinner table.jpg'
143.4656 	EXP 	trial_instructions: autoDraw = True
143.4656 	EXP 	image: autoDraw = True
143.5072 	DATA 	Keypress: n
143.5222 	EXP 	Created sequence: random, trialTypes=1, nReps=0, seed=None
143.5227 	EXP 	New trial (rep=0, index=6): OrderedDict([('file', 'images/punching milk.jpg'), ('stimulus', 'punching milk.jpg'), ('condition', 'Implausible'), ('block', 1), ('corrAns', 'n')])
143.5496 	EXP 	trial_instructions: autoDraw = False
143.5496 	EXP 	image: autoDraw = False
143.5496 	EXP 	image: size = array([0.62555556, 0.46888889])
143.5496 	EXP 	image: image = 'images/punching milk.jpg'
143.5496 	EXP 	trial_instructions: autoDraw = True
143.5496 	EXP 	image: autoDraw = True
143.6076 	DATA 	Keypress: c
143.6232 	EXP 	Created sequence: random, trialTypes=1, nReps=0, seed=None
143.6238 	EXP 	New trial (rep=0, index=7): OrderedDict([('file', 'images/man_fishing boat.jpg'), ('stimulus', 'man_fishing boat.jpg'), ('condition', 'Plausible'), ('block', 1), ('corrAns', 'c')])
143.6674 	EXP 	trial_instructions: autoDraw = False
143.6674 	EXP 	image: autoDraw = False
143.6674 	EXP 	image: size = array([0.62555556, 0.46888889])
143.6674 	EXP 	image: image = 'images/man_fishing boat.jpg'
143.6674 	EXP 	trial_instructions: autoDraw = True
143.6674 	EXP 	image: autoDraw = True
143.6894 	EXP 	Created sequence: random, trialTypes=1, nReps=0, seed=None
143.6899 	EXP 	New trial (rep=0, index=8): OrderedDict([('file', 'images/office desk in forest.jpg'), ('stimulus', 'office desk in forest.jpg'), ('condition', 'Implausible'), ('block', 1), ('corrAns', 'n')])
143.7067 	DATA 	Keypress: n
143.7159 	EXP 	trial_instructions: autoDraw = False
143.7159 	EXP 	image: autoDraw = False
143.7159 	EXP 	image: size = array([0.62555556, 0.46888889])
143.7159 	EXP 	image: image = 'images/office desk in forest.jpg'
143.7159 	EXP 	trial_instructions: autoDraw = True
143.7159 	EXP 	image: autoDraw = True
143.8068 	EXP 	Created sequence: random, trialTypes=1, nReps=0, seed=None
143.8073 	EXP 	New trial (rep=0, index=9): OrderedDict([('file', 'images/eating cords w chopsticks.jpg'), ('stimulus', 'eating cords w chopsticks.jpg'), ('condition', 'Implausible'), ('block', 2), ('corrAns', 'n')])
143.8228 	DATA 	Keypress: c
143.8233 	DATA 	Keypress: n
143.8341 	EXP 	trial_instructions: autoDraw = False
143.8341 	EXP 	image: autoDraw = False
143.8341 	EXP 	image: size = array([0.62555556, 0.46888889])
143.8341 	EXP 	image: image = 'images/eating cords w chopsticks.jpg'
143.8341 	EXP 	trial_instructions: autoDraw = True
143.8341 	EXP 	image: autoDraw = True
143.9895 	EXP 	Created sequence: random, trialTypes=1, nReps=0, seed=None
143.9900 	EXP 	New trial (rep=0, index=10): OrderedDict([('file', 'images/woman_singing on stage.jpg'), ('stimulus', 'woman_singing on stage.jpg'), ('condition', 'Plausible'), ('block', 2), ('corrAns', 'c')])
144.0299 	DATA 	Keypress: n
144.0302 	DATA 	Keypress: c
144.0490 	EXP 	trial_instructions: autoDraw = False
144.0490 	EXP 	image: autoDraw = False
144.0490 	EXP 	image: size = array([0.62555556, 0.46888889])
144.0490 	EXP 	image: image = 'images/woman_singing on stage.jpg'
144.0490 	EXP 	trial_instructions: autoDraw = True
144.0490 	EXP 	image: autoDraw = True
144.1263 	DATA 	Keypress: n
144.1439 	EXP 	Created sequence: random, trialTypes=1, nReps=0, seed=None
144.1449 	EXP 	New trial (rep=0, index=11): OrderedDict([('file', 'images/woman_throwing frisbee.jpg'), ('stimulus', 'woman_throwing frisbee.jpg'), ('condition', 'Plausible'), ('block', 2), ('corrAns', 'c')])
144.2086 	EXP 	trial_instructions: autoDraw = False
144.2086 	EXP 	image: autoDraw = False
144.2086 	EXP 	image: size = array([0.62555556, 0.46888889])
144.2086 	EXP 	image: image = 'images/woman_throwing frisbee.jpg'
144.2086 	EXP 	trial_instructions: autoDraw = True
144.2086 	EXP 	image: autoDraw = True
144.2954 	DATA 	Keypress: n
144.3248 	EXP 	Created sequence: random, trialTypes=1, nReps=0, seed=None
144.3258 	EXP 	New trial (rep=0, index=12): OrderedDict([('file', 'images/ballerina mechanic.jpg'), ('stimulus', 'ballerina mechanic.jpg'), ('condition', 'Implausible'), ('block', 2), ('corrAns', 'n')])
144.3842 	EXP 	trial_instructions: autoDraw = False
144.3842 	EXP 	image: autoDraw = False
144.3842 	EXP 	image: size = array([0.62555556, 0.46888889])
144.3842 	EXP 	image: image = 'images/ballerina mechanic.jpg'
144.3842 	EXP 	trial_instructions: autoDraw = True
144.3842 	EXP 	image: autoDraw = True
144.4922 	EXP 	Created sequence: random, trialTypes=1, nReps=0, seed=None
144.4931 	EXP 	New trial (rep=0, index=13): OrderedDict([('file', 'images/man_cracking coconut island.jpg'), ('stimulus', 'man_cracking coconut island.jpg'), ('condition', 'Plausible'), ('block', 1), ('corrAns', 'c')])
144.5227 	DATA 	Keypress: c
144.5346 	EXP 	trial_instructions: autoDraw = False
144.5346 	EXP 	image: autoDraw = False
144.5346 	EXP 	image: size = array([0.62555556, 0.46888889])
144.5346 	EXP 	image: image = 'images/man_cracking coconut island.jpg'
144.5346 	EXP 	trial_instructions: autoDraw = True
144.5346 	EXP 	image: autoDraw = True
144.6082 	DATA 	Keypress: n
144.6268 	EXP 	Created sequence: random, trialTypes=1, nReps=0, seed=None
144.6276 	EXP 	New trial (rep=0, index=14): OrderedDict([('file', 'images/man_fishing.jpg'), ('stimulus', 'man_fishing.jpg'), ('condition', 'Plausible'), ('block', 1), ('corrAns', 'c')])
144.7006 	EXP 	trial_instructions: autoDraw = False
144.7006 	EXP 	image: autoDraw = False
144.7006 	EXP 	image: size = array([0.62555556, 0.46888889])
144.7006 	EXP 	image: image = 'images/man_fishing.jpg'
144.7006 	EXP 	trial_instructions: autoDraw = True
144.7006 	EXP 	image: autoDraw = True
144.7097 	DATA 	Keypress: n
144.8909 	DATA 	Keypress: c
144.9090 	EXP 	Created sequence: random, trialTypes=1, nReps=0, seed=None
144.9098 	EXP 	New trial (rep=0, index=15): OrderedDict([('file', 'images/woman_driving.jpg'), ('stimulus', 'woman_driving.jpg'), ('condition', 'Plausible'), ('block', 2), ('corrAns', 'c')])
144.9518 	EXP 	trial_instructions: autoDraw = False
144.9518 	EXP 	image: autoDraw = False
144.9518 	EXP 	image: size = array([0.62555556, 0.46888889])
144.9518 	EXP 	image: image = 'images/woman_driving.jpg'
144.9518 	EXP 	trial_instructions: autoDraw = True
144.9518 	EXP 	image: autoDraw = True
144.9917 	DATA 	Keypress: n
145.0101 	EXP 	Created sequence: random, trialTypes=1, nReps=0, seed=None
145.0110 	EXP 	New trial (rep=0, index=16): OrderedDict([('file', 'images/woman_rock climbing.jpg'), ('stimulus', 'woman_rock climbing.jpg'), ('condition', 'Plausible'), ('block', 2), ('corrAns', 'c')])
145.0505 	EXP 	trial_instructions: autoDraw = False
145.0505 	EXP 	image: autoDraw = False
145.0505 	EXP 	image: size = array([0.62555556, 0.46888889])
145.0505 	EXP 	image: image = 'images/woman_rock climbing.jpg'
145.0505 	EXP 	trial_instructions: autoDraw = True
145.0505 	EXP 	image: autoDraw = True
145.1569 	EXP 	Created sequence: random, trialTypes=1, nReps=0, seed=None
145.1577 	EXP 	New trial (rep=0, index=17): OrderedDict([('file', 'images/business man jumping off bridge.jpg'), ('stimulus', 'business man jumping off bridge.jpg'), ('condition', 'Implausible'), ('block', 2), ('corrAns', 'n')])
145.2029 	DATA 	Keypress: n
145.2156 	EXP 	trial_instructions: autoDraw = False
145.2156 	EXP 	image: autoDraw = False
145.2156 	EXP 	image: size = array([0.62555556, 0.46888889])
145.2156 	EXP 	image: image = 'images/business man jumping off bridge.jpg'
145.2156 	EXP 	trial_instructions: autoDraw = True
145.2156 	EXP 	image: autoDraw = True
145.3098 	EXP 	Created sequence: random, trialTypes=1, nReps=0, seed=None
145.3107 	EXP 	New trial (rep=0, index=18): OrderedDict([('file', 'images/man_football practice.jpg'), ('stimulus', 'man_football practice.jpg'), ('condition', 'Plausible'), ('block', 1), ('corrAns', 'c')])
145.3525 	DATA 	Keypress: n
145.3667 	EXP 	trial_instructions: autoDraw = False
145.3667 	EXP 	image: autoDraw = False
145.3667 	EXP 	image: size = array([0.62555556, 0.46888889])
145.3667 	EXP 	image: image = 'images/man_football practice.jpg'
145.3667 	EXP 	trial_instructions: autoDraw = True
145.3667 	EXP 	image: autoDraw = True
145.7744 	DATA 	Keypress: escape
145.9917 	EXP 	window1: mouseVisible = True
145.9918 	DEBUG 	Saving data for EventTask ExperimentHandler
145.9981 	INFO 	saved data to C:\Users\cukel\OneDrive\Documents\GitHub\Event-Task\data/_EventTask_2021_Jun_16_1041.psydat
146.0137 	INFO 	saved data to 'C:\\Users\\cukel\\OneDrive\\Documents\\GitHub\\Event-Task\\data/_EventTask_2021_Jun_16_1041.csv'
