1.1421 	WARNING 	We strongly recommend you activate the PTB sound engine in PsychoPy prefs as the preferred audio engine. Its timing is vastly superior. Your prefs are currently set to use ['sounddevice', 'PTB', 'pyo', 'pygame'] (in that order).
6.2396 	INFO 	Loaded monitor calibration from ['2020_10_01 13:01']
8.0488 	EXP 	Created window1 = Window(allowGUI=True, allowStencil=False, autoLog=True, backendConf=UNKNOWN, bitsMode=UNKNOWN, blendMode='avg', bpc=(8, 8, 8), color=array([0, 0, 0]), colorSpace='rgb', depthBits=8, fullscr=<method-wrapper '__getattribute__' of attributeSetter object at 0x000001A5111BC5C0>, gamma=None, gammaErrorPolicy='raise', lms=UNKNOWN, monitor=<psychopy.monitors.calibTools.Monitor object at 0x000001A511151C88>, multiSample=False, name='window1', numSamples=2, pos=[240.0, 90.0], screen=0, size=array([1440,  900]), stencilBits=0, stereo=False, units='height', useFBO=True, useRetina=False, viewOri=0.0, viewPos=None, viewScale=None, waitBlanking=True, winType='pyglet')
8.0489 	EXP 	window1: mouseVisible = True
8.0490 	EXP 	window1: recordFrameIntervals = False
8.2183 	EXP 	window1: recordFrameIntervals = True
8.3415 	WARNING 	t of last frame was 26.78ms (=1/37)
8.3664 	WARNING 	t of last frame was 24.92ms (=1/40)
8.4868 	WARNING 	t of last frame was 20.26ms (=1/49)
8.6670 	WARNING 	t of last frame was 20.26ms (=1/49)
8.7021 	WARNING 	Multiple dropped frames have occurred - I'll stop bothering you about them!
9.9481 	WARNING 	Couldn't measure a consistent frame rate.
  - Is your graphics card set to sync to vertical blank?
  - Are you running other processes on your computer?

10.2414 	EXP 	Created std_instructions = TextStim(__class__=<class 'psychopy.visual.text.TextStim'>, alignHoriz=method-wrapper(...), alignText='center', alignVert=method-wrapper(...), anchorHoriz='center', anchorVert='center', antialias=True, autoLog=True, bold=False, color=array([-1, -1, -1]), colorSpace='rgb', contrast=1.0, depth=0.0, flipHoriz=False, flipVert=False, font='Open Sans', fontFiles=[], height=0.05, italic=False, languageStyle='LTR', name='std_instructions', opacity=1, ori=0.0, pos=array([0., 0.]), rgb=UNKNOWN, text=str(...), units='height', win=Window(...), wrapWidth=1)
10.2427 	EXP 	Created text = TextStim(__class__=<class 'psychopy.visual.text.TextStim'>, alignHoriz=method-wrapper(...), alignText='center', alignVert=method-wrapper(...), anchorHoriz='center', anchorVert='center', antialias=True, autoLog=True, bold=False, color=array([-1, -1, -1]), colorSpace='rgb', contrast=1.0, depth=-1.0, flipHoriz=False, flipVert=False, font='Open Sans', fontFiles=[], height=0.05, italic=False, languageStyle='LTR', name='text', opacity=1, ori=0.0, pos=array([0., 0.]), rgb=UNKNOWN, text='', units='height', win=Window(...), wrapWidth=1)
10.2751 	EXP 	Created task_instructions = TextStim(__class__=<class 'psychopy.visual.text.TextStim'>, alignHoriz=method-wrapper(...), alignText='center', alignVert=method-wrapper(...), anchorHoriz='center', anchorVert='center', antialias=True, autoLog=True, bold=False, color=array([-1, -1, -1]), colorSpace='rgb', contrast=1.0, depth=0.0, flipHoriz=False, flipVert=False, font='Open Sans', fontFiles=[], height=0.05, italic=False, languageStyle='LTR', name='task_instructions', opacity=1, ori=0.0, pos=array([0., 0.]), rgb=UNKNOWN, text=str(...), units='height', win=Window(...), wrapWidth=1)
10.2875 	EXP 	Created practice_block = TextStim(__class__=<class 'psychopy.visual.text.TextStim'>, alignHoriz=method-wrapper(...), alignText='center', alignVert=method-wrapper(...), anchorHoriz='center', anchorVert='center', antialias=True, autoLog=True, bold=False, color=array([-1, -1, -1]), colorSpace='rgb', contrast=1.0, depth=0.0, flipHoriz=False, flipVert=False, font='Open Sans', fontFiles=[], height=0.1, italic=False, languageStyle='LTR', name='practice_block', opacity=1, ori=0.0, pos=array([0., 0.]), rgb=UNKNOWN, text='Practice Block', units='height', win=Window(...), wrapWidth=1)
10.3019 	EXP 	Created trial_instructions_practice = TextStim(__class__=<class 'psychopy.visual.text.TextStim'>, alignHoriz=method-wrapper(...), alignText='center', alignVert=method-wrapper(...), anchorHoriz='center', anchorVert='center', antialias=True, autoLog=True, bold=False, color=array([-1, -1, -1]), colorSpace='rgb', contrast=1.0, depth=0.0, flipHoriz=False, flipVert=False, font='Open Sans', fontFiles=[], height=30.0, italic=False, languageStyle='LTR', name='trial_instructions_practice', opacity=1, ori=0.0, pos=array([   0., -300.]), rgb=UNKNOWN, text='C = “YES”             N = “NO”', units='pix', win=Window(...), wrapWidth=500)
10.3070 	EXP 	Created image_practice = ImageStim(__class__=<class 'psychopy.visual.image.ImageStim'>, autoLog=True, color=array([1, 1, 1]), colorSpace='rgb', contrast=1.0, depth=-2.0, flipHoriz=False, flipVert=False, image='sin', interpolate=True, mask=None, maskParams=None, name='image_practice', opacity=1, ori=0.0, pos=array([0., 0.]), size=array([0.5, 0.5]), texRes=128.0, units='height', win=Window(...))
10.3484 	EXP 	Created experiment_block = TextStim(__class__=<class 'psychopy.visual.text.TextStim'>, alignHoriz=method-wrapper(...), alignText='center', alignVert=method-wrapper(...), anchorHoriz='center', anchorVert='center', antialias=True, autoLog=True, bold=False, color=array([-1, -1, -1]), colorSpace='rgb', contrast=1.0, depth=0.0, flipHoriz=False, flipVert=False, font='Open Sans', fontFiles=[], height=0.05, italic=False, languageStyle='LTR', name='experiment_block', opacity=1, ori=0.0, pos=array([0., 0.]), rgb=UNKNOWN, text=str(...), units='height', win=Window(...), wrapWidth=1)
10.3518 	EXP 	Created trial_instructions = TextStim(__class__=<class 'psychopy.visual.text.TextStim'>, alignHoriz=method-wrapper(...), alignText='center', alignVert=method-wrapper(...), anchorHoriz='center', anchorVert='center', antialias=True, autoLog=True, bold=False, color=array([-1, -1, -1]), colorSpace='rgb', contrast=1.0, depth=0.0, flipHoriz=False, flipVert=False, font='Open Sans', fontFiles=[], height=30.0, italic=False, languageStyle='LTR', name='trial_instructions', opacity=1, ori=0.0, pos=array([   0., -300.]), rgb=UNKNOWN, text='C = “YES”             N = “NO”', units='pix', win=Window(...), wrapWidth=500)
10.3551 	EXP 	Created image = ImageStim(__class__=<class 'psychopy.visual.image.ImageStim'>, autoLog=True, color=array([1, 1, 1]), colorSpace='rgb', contrast=1.0, depth=-2.0, flipHoriz=False, flipVert=False, image='sin', interpolate=True, mask=None, maskParams=None, name='image', opacity=1, ori=0.0, pos=array([0., 0.]), size=array([0.5, 0.5]), texRes=128.0, units='height', win=Window(...))
10.4960 	EXP 	Created breakimage = ImageStim(__class__=<class 'psychopy.visual.image.ImageStim'>, autoLog=True, color=array([1, 1, 1]), colorSpace='rgb', contrast=1.0, depth=0.0, flipHoriz=False, flipVert=False, image='breakfile.jpg', interpolate=True, mask=None, maskParams=None, name='breakimage', opacity=1, ori=0.0, pos=array([0., 0.]), size=array([1.6, 0.9]), texRes=128.0, units='height', win=Window(...))
10.5172 	EXP 	Created end_text = TextStim(__class__=<class 'psychopy.visual.text.TextStim'>, alignHoriz=method-wrapper(...), alignText='center', alignVert=method-wrapper(...), anchorHoriz='center', anchorVert='center', antialias=True, autoLog=True, bold=False, color=array([-1, -1, -1]), colorSpace='rgb', contrast=1.0, depth=0.0, flipHoriz=False, flipVert=False, font='Open Sans', fontFiles=[], height=0.1, italic=False, languageStyle='LTR', name='end_text', opacity=1, ori=0.0, pos=array([0., 0.]), rgb=UNKNOWN, text=str(...), units='height', win=Window(...), wrapWidth=1)
10.5632 	EXP 	std_instructions: autoDraw = True
11.6474 	DEBUG 	Read csv file with pandas: standardizingRTs.csv
11.6492 	DEBUG 	Clearing unnamed columns from standardizingRTs.csv
11.6495 	EXP 	Imported standardizingRTs.csv as conditions, 2 conditions, 2 params
11.6499 	EXP 	Created sequence: random, trialTypes=2, nReps=5, seed=None
11.6502 	EXP 	New trial (rep=0, index=0): OrderedDict([('stimulus', "Press the 'yes' key."), ('corrAns', 'c')])
11.6594 	DATA 	Keypress: space
11.6773 	EXP 	std_instructions: autoDraw = False
11.6773 	EXP 	text: text = "Press the 'yes' key."
11.6773 	EXP 	text: autoDraw = True
12.3373 	DATA 	Keypress: c
12.3562 	EXP 	New trial (rep=0, index=1): OrderedDict([('stimulus', "Press the 'no' key."), ('corrAns', 'n')])
12.3797 	EXP 	text: autoDraw = False
12.3797 	EXP 	text: text = "Press the 'no' key."
12.3797 	EXP 	text: autoDraw = True
12.8550 	EXP 	New trial (rep=1, index=0): OrderedDict([('stimulus', "Press the 'yes' key."), ('corrAns', 'c')])
12.8737 	DATA 	Keypress: n
12.8951 	EXP 	text: autoDraw = False
12.8951 	EXP 	text: text = "Press the 'yes' key."
12.8951 	EXP 	text: autoDraw = True
13.3834 	EXP 	New trial (rep=1, index=1): OrderedDict([('stimulus', "Press the 'no' key."), ('corrAns', 'n')])
13.3983 	DATA 	Keypress: c
13.4132 	EXP 	text: autoDraw = False
13.4132 	EXP 	text: text = "Press the 'no' key."
13.4132 	EXP 	text: autoDraw = True
13.8759 	DATA 	Keypress: n
13.9016 	EXP 	New trial (rep=2, index=0): OrderedDict([('stimulus', "Press the 'yes' key."), ('corrAns', 'c')])
13.9273 	EXP 	text: autoDraw = False
13.9273 	EXP 	text: text = "Press the 'yes' key."
13.9273 	EXP 	text: autoDraw = True
14.3020 	EXP 	New trial (rep=2, index=1): OrderedDict([('stimulus', "Press the 'no' key."), ('corrAns', 'n')])
14.3201 	DATA 	Keypress: c
14.3300 	EXP 	text: autoDraw = False
14.3300 	EXP 	text: text = "Press the 'no' key."
14.3300 	EXP 	text: autoDraw = True
14.6689 	EXP 	New trial (rep=3, index=0): OrderedDict([('stimulus', "Press the 'no' key."), ('corrAns', 'n')])
14.6726 	DATA 	Keypress: n
14.6971 	EXP 	text: autoDraw = False
14.6971 	EXP 	text: text = "Press the 'no' key."
14.6971 	EXP 	text: autoDraw = True
15.2043 	EXP 	New trial (rep=3, index=1): OrderedDict([('stimulus', "Press the 'yes' key."), ('corrAns', 'c')])
15.2306 	DATA 	Keypress: n
15.2493 	EXP 	text: autoDraw = False
15.2493 	EXP 	text: text = "Press the 'yes' key."
15.2493 	EXP 	text: autoDraw = True
15.6029 	EXP 	New trial (rep=4, index=0): OrderedDict([('stimulus', "Press the 'yes' key."), ('corrAns', 'c')])
15.6065 	DATA 	Keypress: c
15.6297 	EXP 	text: autoDraw = False
15.6297 	EXP 	text: text = "Press the 'yes' key."
15.6297 	EXP 	text: autoDraw = True
16.1362 	EXP 	New trial (rep=4, index=1): OrderedDict([('stimulus', "Press the 'no' key."), ('corrAns', 'n')])
16.1506 	DATA 	Keypress: c
16.1677 	EXP 	text: autoDraw = False
16.1677 	EXP 	text: text = "Press the 'no' key."
16.1677 	EXP 	text: autoDraw = True
16.5086 	DATA 	Keypress: n
16.5326 	EXP 	text: autoDraw = False
16.5326 	EXP 	task_instructions: autoDraw = True
22.4533 	DATA 	Keypress: space
22.4962 	EXP 	task_instructions: autoDraw = False
22.4962 	EXP 	practice_block: autoDraw = True
25.5011 	EXP 	practice_block: autoDraw = False
30.3474 	DEBUG 	Read csv file with pandas: practice.csv
30.3508 	DEBUG 	Clearing unnamed columns from practice.csv
30.3546 	EXP 	Imported practice.csv as conditions, 20 conditions, 5 params
30.3557 	EXP 	Created sequence: random, trialTypes=20, nReps=1, seed=None
30.3570 	EXP 	New trial (rep=0, index=0): OrderedDict([('file', 'practice_images/looking at xray.jpg'), ('stimulus', 'looking at xray.jpg'), ('condition', 'plausible'), ('block', 'practice'), ('corrAns', 'c')])
30.3906 	DATA 	Keypress: space
30.4132 	EXP 	practice_block: autoDraw = False
30.4132 	EXP 	image_practice: size = array([0.62555556, 0.46888889])
30.4132 	EXP 	image_practice: image = 'practice_images/looking at xray.jpg'
30.4132 	EXP 	trial_instructions_practice: autoDraw = True
30.4132 	EXP 	image_practice: autoDraw = True
36.6255 	EXP 	New trial (rep=0, index=1): OrderedDict([('file', 'practice_images/man with paper in mouth.jpg'), ('stimulus', 'man with paper in mouth.jpg'), ('condition', 'implausible'), ('block', 'practice'), ('corrAns', 'n')])
36.6405 	DATA 	Keypress: c
36.6601 	EXP 	trial_instructions_practice: autoDraw = False
36.6601 	EXP 	image_practice: autoDraw = False
36.6601 	EXP 	image_practice: size = array([0.62555556, 0.46888889])
36.6601 	EXP 	image_practice: image = 'practice_images/man with paper in mouth.jpg'
36.6601 	EXP 	trial_instructions_practice: autoDraw = True
36.6601 	EXP 	image_practice: autoDraw = True
37.4170 	EXP 	New trial (rep=0, index=2): OrderedDict([('file', 'practice_images/man running.jpg'), ('stimulus', 'man running.jpg'), ('condition', 'plausible'), ('block', 'practice'), ('corrAns', 'c')])
37.4306 	DATA 	Keypress: n
37.4451 	EXP 	trial_instructions_practice: autoDraw = False
37.4451 	EXP 	image_practice: autoDraw = False
37.4451 	EXP 	image_practice: size = array([0.62555556, 0.46888889])
37.4451 	EXP 	image_practice: image = 'practice_images/man running.jpg'
37.4451 	EXP 	trial_instructions_practice: autoDraw = True
37.4451 	EXP 	image_practice: autoDraw = True
38.4379 	EXP 	New trial (rep=0, index=3): OrderedDict([('file', 'practice_images/boss baby.jpg'), ('stimulus', 'boss bably.jpg'), ('condition', 'implausible'), ('block', 'practice'), ('corrAns', 'n')])
38.4610 	DATA 	Keypress: c
38.4781 	EXP 	trial_instructions_practice: autoDraw = False
38.4781 	EXP 	image_practice: autoDraw = False
38.4781 	EXP 	image_practice: size = array([0.62555556, 0.46888889])
38.4781 	EXP 	image_practice: image = 'practice_images/boss baby.jpg'
38.4781 	EXP 	trial_instructions_practice: autoDraw = True
38.4781 	EXP 	image_practice: autoDraw = True
39.4088 	EXP 	New trial (rep=0, index=4): OrderedDict([('file', 'practice_images/kids playing.jpg'), ('stimulus', 'kids playing.jpg'), ('condition', 'plausible'), ('block', 'practice'), ('corrAns', 'c')])
39.4198 	DATA 	Keypress: n
39.4296 	EXP 	trial_instructions_practice: autoDraw = False
39.4296 	EXP 	image_practice: autoDraw = False
39.4296 	EXP 	image_practice: size = array([0.62555556, 0.46888889])
39.4296 	EXP 	image_practice: image = 'practice_images/kids playing.jpg'
39.4296 	EXP 	trial_instructions_practice: autoDraw = True
39.4296 	EXP 	image_practice: autoDraw = True
40.4342 	EXP 	New trial (rep=0, index=5): OrderedDict([('file', 'practice_images/girl and woman_patio.jpg'), ('stimulus', 'girl and woman_patio.jpg'), ('condition', 'plausible'), ('block', 'practice'), ('corrAns', 'c')])
40.4423 	EXP 	New trial (rep=0, index=6): OrderedDict([('file', 'practice_images/mowing the lawn.jpg'), ('stimulus', 'mowing the lawn.jpg'), ('condition', 'plausible'), ('block', 'practice'), ('corrAns', 'c')])
40.4492 	EXP 	New trial (rep=0, index=7): OrderedDict([('file', 'practice_images/sawing apple.jpg'), ('stimulus', 'sawing apple.jpg'), ('condition', 'implausible'), ('block', 'practice'), ('corrAns', 'n')])
40.4552 	EXP 	New trial (rep=0, index=8): OrderedDict([('file', 'practice_images/boxer training.jpg'), ('stimulus', 'boxer training.jpg'), ('condition', 'plausible'), ('block', 'practice'), ('corrAns', 'c')])
40.4622 	EXP 	New trial (rep=0, index=9): OrderedDict([('file', 'practice_images/giant coffee.jpg'), ('stimulus', 'giant coffee.jpg'), ('condition', 'implausible'), ('block', 'practice'), ('corrAns', 'n')])
40.4681 	EXP 	New trial (rep=0, index=10): OrderedDict([('file', 'practice_images/family cooking.jpg'), ('stimulus', 'family cooking.jpg'), ('condition', 'plausible'), ('block', 'practice'), ('corrAns', 'c')])
40.4743 	EXP 	New trial (rep=0, index=11): OrderedDict([('file', 'practice_images/buisness man working.jpg'), ('stimulus', 'buisness man working.jpg'), ('condition', 'plausible'), ('block', 'practice'), ('corrAns', 'c')])
40.4802 	EXP 	New trial (rep=0, index=12): OrderedDict([('file', 'practice_images/woman vacuuming grass.jpg'), ('stimulus', 'woman vacuuming grass.jpg'), ('condition', 'implausible'), ('block', 'practice'), ('corrAns', 'n')])
40.4872 	EXP 	New trial (rep=0, index=13): OrderedDict([('file', 'practice_images/dog pilot.jpg'), ('stimulus', 'dog pilot.jpg'), ('condition', 'implausible'), ('block', 'practice'), ('corrAns', 'n')])
40.4962 	EXP 	New trial (rep=0, index=14): OrderedDict([('file', 'practice_images/underwater skateboard.jpg'), ('stimulus', 'underwater skateboard.jpg'), ('condition', 'implausible'), ('block', 'practice'), ('corrAns', 'n')])
40.5040 	EXP 	New trial (rep=0, index=15): OrderedDict([('file', 'practice_images/throwing noodles.jpg'), ('stimulus', 'throwing noodles.jpg'), ('condition', 'implausible'), ('block', 'practice'), ('corrAns', 'n')])
40.5100 	EXP 	New trial (rep=0, index=16): OrderedDict([('file', 'practice_images/parking lot.jpg'), ('stimulus', 'parking lot.jpg'), ('condition', 'plausible'), ('block', 'practice'), ('corrAns', 'c')])
40.5160 	EXP 	New trial (rep=0, index=17): OrderedDict([('file', 'practice_images/dog playing.jpg'), ('stimulus', 'dog playing.jpg'), ('condition', 'plausible'), ('block', 'practice'), ('corrAns', 'c')])
40.5230 	EXP 	New trial (rep=0, index=18): OrderedDict([('file', 'practice_images/bikini woman gun.jpg'), ('stimulus', 'bikini woman gun.jpg'), ('condition', 'implausible'), ('block', 'practice'), ('corrAns', 'n')])
40.5290 	EXP 	New trial (rep=0, index=19): OrderedDict([('file', 'practice_images/balancing on umbrella.jpg'), ('stimulus', 'balancing on umbrella.jpg'), ('condition', 'implausible'), ('block', 'practice'), ('corrAns', 'n')])
40.5392 	DATA 	Keypress: c
40.5597 	EXP 	trial_instructions_practice: autoDraw = False
40.5597 	EXP 	image_practice: autoDraw = False
40.5597 	EXP 	image_practice: size = array([0.62555556, 0.46888889])
40.5597 	EXP 	image_practice: image = 'practice_images/girl and woman_patio.jpg'
40.5597 	EXP 	trial_instructions_practice: autoDraw = True
40.5597 	EXP 	image_practice: autoDraw = True
40.5597 	EXP 	trial_instructions_practice: autoDraw = False
40.5597 	EXP 	image_practice: autoDraw = False
40.5597 	EXP 	image_practice: size = array([0.62555556, 0.46888889])
40.5597 	EXP 	image_practice: image = 'practice_images/mowing the lawn.jpg'
40.5597 	EXP 	trial_instructions_practice: autoDraw = True
40.5597 	EXP 	image_practice: autoDraw = True
40.5597 	EXP 	trial_instructions_practice: autoDraw = False
40.5597 	EXP 	image_practice: autoDraw = False
40.5597 	EXP 	image_practice: size = array([0.62555556, 0.46888889])
40.5597 	EXP 	image_practice: image = 'practice_images/sawing apple.jpg'
40.5597 	EXP 	trial_instructions_practice: autoDraw = True
40.5597 	EXP 	image_practice: autoDraw = True
40.5597 	EXP 	trial_instructions_practice: autoDraw = False
40.5597 	EXP 	image_practice: autoDraw = False
40.5597 	EXP 	image_practice: size = array([0.62555556, 0.46888889])
40.5597 	EXP 	image_practice: image = 'practice_images/boxer training.jpg'
40.5597 	EXP 	trial_instructions_practice: autoDraw = True
40.5597 	EXP 	image_practice: autoDraw = True
40.5597 	EXP 	trial_instructions_practice: autoDraw = False
40.5597 	EXP 	image_practice: autoDraw = False
40.5597 	EXP 	image_practice: size = array([0.62555556, 0.46888889])
40.5597 	EXP 	image_practice: image = 'practice_images/giant coffee.jpg'
40.5597 	EXP 	trial_instructions_practice: autoDraw = True
40.5597 	EXP 	image_practice: autoDraw = True
40.5597 	EXP 	trial_instructions_practice: autoDraw = False
40.5597 	EXP 	image_practice: autoDraw = False
40.5597 	EXP 	image_practice: size = array([0.62555556, 0.46888889])
40.5597 	EXP 	image_practice: image = 'practice_images/family cooking.jpg'
40.5597 	EXP 	trial_instructions_practice: autoDraw = True
40.5597 	EXP 	image_practice: autoDraw = True
40.5597 	EXP 	trial_instructions_practice: autoDraw = False
40.5597 	EXP 	image_practice: autoDraw = False
40.5597 	EXP 	image_practice: size = array([0.62555556, 0.46888889])
40.5597 	EXP 	image_practice: image = 'practice_images/buisness man working.jpg'
40.5597 	EXP 	trial_instructions_practice: autoDraw = True
40.5597 	EXP 	image_practice: autoDraw = True
40.5597 	EXP 	trial_instructions_practice: autoDraw = False
40.5597 	EXP 	image_practice: autoDraw = False
40.5597 	EXP 	image_practice: size = array([0.62555556, 0.46888889])
40.5597 	EXP 	image_practice: image = 'practice_images/woman vacuuming grass.jpg'
40.5597 	EXP 	trial_instructions_practice: autoDraw = True
40.5597 	EXP 	image_practice: autoDraw = True
40.5597 	EXP 	trial_instructions_practice: autoDraw = False
40.5597 	EXP 	image_practice: autoDraw = False
40.5597 	EXP 	image_practice: size = array([0.62555556, 0.46888889])
40.5597 	EXP 	image_practice: image = 'practice_images/dog pilot.jpg'
40.5597 	EXP 	trial_instructions_practice: autoDraw = True
40.5597 	EXP 	image_practice: autoDraw = True
40.5597 	EXP 	trial_instructions_practice: autoDraw = False
40.5597 	EXP 	image_practice: autoDraw = False
40.5597 	EXP 	image_practice: size = array([0.62555556, 0.46888889])
40.5597 	EXP 	image_practice: image = 'practice_images/underwater skateboard.jpg'
40.5597 	EXP 	trial_instructions_practice: autoDraw = True
40.5597 	EXP 	image_practice: autoDraw = True
40.5597 	EXP 	trial_instructions_practice: autoDraw = False
40.5597 	EXP 	image_practice: autoDraw = False
40.5597 	EXP 	image_practice: size = array([0.62555556, 0.46888889])
40.5597 	EXP 	image_practice: image = 'practice_images/throwing noodles.jpg'
40.5597 	EXP 	trial_instructions_practice: autoDraw = True
40.5597 	EXP 	image_practice: autoDraw = True
40.5597 	EXP 	trial_instructions_practice: autoDraw = False
40.5597 	EXP 	image_practice: autoDraw = False
40.5597 	EXP 	image_practice: size = array([0.62555556, 0.46888889])
40.5597 	EXP 	image_practice: image = 'practice_images/parking lot.jpg'
40.5597 	EXP 	trial_instructions_practice: autoDraw = True
40.5597 	EXP 	image_practice: autoDraw = True
40.5597 	EXP 	trial_instructions_practice: autoDraw = False
40.5597 	EXP 	image_practice: autoDraw = False
40.5597 	EXP 	image_practice: size = array([0.62555556, 0.46888889])
40.5597 	EXP 	image_practice: image = 'practice_images/dog playing.jpg'
40.5597 	EXP 	trial_instructions_practice: autoDraw = True
40.5597 	EXP 	image_practice: autoDraw = True
40.5597 	EXP 	trial_instructions_practice: autoDraw = False
40.5597 	EXP 	image_practice: autoDraw = False
40.5597 	EXP 	image_practice: size = array([0.62555556, 0.46888889])
40.5597 	EXP 	image_practice: image = 'practice_images/bikini woman gun.jpg'
40.5597 	EXP 	trial_instructions_practice: autoDraw = True
40.5597 	EXP 	image_practice: autoDraw = True
40.5597 	EXP 	trial_instructions_practice: autoDraw = False
40.5597 	EXP 	image_practice: autoDraw = False
40.5597 	EXP 	image_practice: size = array([0.62555556, 0.46888889])
40.5597 	EXP 	image_practice: image = 'practice_images/balancing on umbrella.jpg'
40.5597 	EXP 	trial_instructions_practice: autoDraw = True
40.5597 	EXP 	image_practice: autoDraw = True
40.5597 	EXP 	trial_instructions_practice: autoDraw = False
40.5597 	EXP 	image_practice: autoDraw = False
40.5597 	EXP 	experiment_block: autoDraw = True
52.9518 	DEBUG 	Read csv file with pandas: experiment.csv
52.9541 	DEBUG 	Clearing unnamed columns from experiment.csv
52.9751 	EXP 	Imported experiment.csv as conditions, 256 conditions, 5 params
52.9768 	EXP 	Created sequence: random, trialTypes=256, nReps=1, seed=None
52.9775 	EXP 	New trial (rep=0, index=0): OrderedDict([('file', 'images/divers in empty pool.jpg'), ('stimulus', 'divers in empty pool.jpg'), ('condition', 'Implausible'), ('block', 2), ('corrAns', 'n')])
52.9906 	DATA 	Keypress: space
53.0099 	EXP 	experiment_block: autoDraw = False
53.0099 	EXP 	image: size = array([0.62555556, 0.46888889])
53.0099 	EXP 	image: image = 'images/divers in empty pool.jpg'
53.0099 	EXP 	trial_instructions: autoDraw = True
53.0099 	EXP 	image: autoDraw = True
54.4215 	EXP 	Created sequence: random, trialTypes=1, nReps=0, seed=None
54.4224 	EXP 	New trial (rep=0, index=1): OrderedDict([('file', 'images/baby crib in desk drawer.jpg'), ('stimulus', 'baby crib in desk drawer.jpg'), ('condition', 'Implausible'), ('block', 2), ('corrAns', 'n')])
54.4679 	DATA 	Keypress: c
54.4759 	EXP 	trial_instructions: autoDraw = False
54.4759 	EXP 	image: autoDraw = False
54.4759 	EXP 	image: size = array([0.62555556, 0.46888889])
54.4759 	EXP 	image: image = 'images/baby crib in desk drawer.jpg'
54.4759 	EXP 	trial_instructions: autoDraw = True
54.4759 	EXP 	image: autoDraw = True
56.2198 	DATA 	Keypress: n
56.2502 	EXP 	Created sequence: random, trialTypes=1, nReps=0, seed=None
56.2510 	EXP 	New trial (rep=0, index=2): OrderedDict([('file', 'images/man praying to soccer ball in tv.jpg'), ('stimulus', 'man praying to soccer ball in tv.jpg'), ('condition', 'Implausible'), ('block', 2), ('corrAns', 'n')])
56.3081 	EXP 	trial_instructions: autoDraw = False
56.3081 	EXP 	image: autoDraw = False
56.3081 	EXP 	image: size = array([0.62555556, 0.46888889])
56.3081 	EXP 	image: image = 'images/man praying to soccer ball in tv.jpg'
56.3081 	EXP 	trial_instructions: autoDraw = True
56.3081 	EXP 	image: autoDraw = True
58.0853 	EXP 	Created sequence: random, trialTypes=1, nReps=0, seed=None
58.0861 	EXP 	New trial (rep=0, index=3): OrderedDict([('file', 'images/man_playing guitar.jpg'), ('stimulus', 'man_playing guitar.jpg'), ('condition', 'Plausible'), ('block', 1), ('corrAns', 'c')])
58.1086 	DATA 	Keypress: n
58.1246 	EXP 	trial_instructions: autoDraw = False
58.1246 	EXP 	image: autoDraw = False
58.1246 	EXP 	image: size = array([0.62555556, 0.46888889])
58.1246 	EXP 	image: image = 'images/man_playing guitar.jpg'
58.1246 	EXP 	trial_instructions: autoDraw = True
58.1246 	EXP 	image: autoDraw = True
60.5834 	EXP 	Created sequence: random, trialTypes=1, nReps=0, seed=None
60.5842 	EXP 	New trial (rep=0, index=4): OrderedDict([('file', 'images/girl_hugging dog.jpg'), ('stimulus', 'girl_hugging dog.jpg'), ('condition', 'Plausible'), ('block', 1), ('corrAns', 'c')])
60.6316 	DATA 	Keypress: c
60.6423 	EXP 	trial_instructions: autoDraw = False
60.6423 	EXP 	image: autoDraw = False
60.6423 	EXP 	image: size = array([0.62555556, 0.46888889])
60.6423 	EXP 	image: image = 'images/girl_hugging dog.jpg'
60.6423 	EXP 	trial_instructions: autoDraw = True
60.6423 	EXP 	image: autoDraw = True
61.8019 	DATA 	Keypress: c
61.8313 	EXP 	Created sequence: random, trialTypes=1, nReps=0, seed=None
61.8323 	EXP 	New trial (rep=0, index=5): OrderedDict([('file', 'images/man_playing violin.jpg'), ('stimulus', 'man_playing violin.jpg'), ('condition', 'Plausible'), ('block', 1), ('corrAns', 'c')])
61.8923 	EXP 	trial_instructions: autoDraw = False
61.8923 	EXP 	image: autoDraw = False
61.8923 	EXP 	image: size = array([0.62555556, 0.46888889])
61.8923 	EXP 	image: image = 'images/man_playing violin.jpg'
61.8923 	EXP 	trial_instructions: autoDraw = True
61.8923 	EXP 	image: autoDraw = True
62.6335 	EXP 	Created sequence: random, trialTypes=1, nReps=0, seed=None
62.6343 	EXP 	New trial (rep=0, index=6): OrderedDict([('file', 'images/man_golfing mtn.jpg'), ('stimulus', 'man_golfing mtn.jpg'), ('condition', 'Plausible'), ('block', 1), ('corrAns', 'c')])
62.6804 	DATA 	Keypress: c
62.6921 	EXP 	trial_instructions: autoDraw = False
62.6921 	EXP 	image: autoDraw = False
62.6921 	EXP 	image: size = array([0.62555556, 0.46888889])
62.6921 	EXP 	image: image = 'images/man_golfing mtn.jpg'
62.6921 	EXP 	trial_instructions: autoDraw = True
62.6921 	EXP 	image: autoDraw = True
63.5991 	DATA 	Keypress: c
63.6159 	EXP 	Created sequence: random, trialTypes=1, nReps=0, seed=None
63.6165 	EXP 	New trial (rep=0, index=7): OrderedDict([('file', 'images/sawing loaf of bread.jpg'), ('stimulus', 'sawing loaf of bread.jpg'), ('condition', 'Implausible'), ('block', 1), ('corrAns', 'n')])
63.6574 	EXP 	trial_instructions: autoDraw = False
63.6574 	EXP 	image: autoDraw = False
63.6574 	EXP 	image: size = array([0.62555556, 0.46888889])
63.6574 	EXP 	image: image = 'images/sawing loaf of bread.jpg'
63.6574 	EXP 	trial_instructions: autoDraw = True
63.6574 	EXP 	image: autoDraw = True
64.6358 	DATA 	Keypress: n
64.6663 	EXP 	Created sequence: random, trialTypes=1, nReps=0, seed=None
64.6671 	EXP 	New trial (rep=0, index=8): OrderedDict([('file', 'images/kid_fishing.jpg'), ('stimulus', 'kid_fishing.jpg'), ('condition', 'Plausible'), ('block', 1), ('corrAns', 'c')])
64.7069 	EXP 	trial_instructions: autoDraw = False
64.7069 	EXP 	image: autoDraw = False
64.7069 	EXP 	image: size = array([0.62555556, 0.46888889])
64.7069 	EXP 	image: image = 'images/kid_fishing.jpg'
64.7069 	EXP 	trial_instructions: autoDraw = True
64.7069 	EXP 	image: autoDraw = True
66.0147 	EXP 	Created sequence: random, trialTypes=1, nReps=0, seed=None
66.0158 	EXP 	New trial (rep=0, index=9): OrderedDict([('file', 'images/woman_kicking garment bag.jpg'), ('stimulus', 'woman_kicking garment bag.jpg'), ('condition', 'Implausible'), ('block', 1), ('corrAns', 'n')])
66.0365 	DATA 	Keypress: c
66.0583 	EXP 	trial_instructions: autoDraw = False
66.0583 	EXP 	image: autoDraw = False
66.0583 	EXP 	image: size = array([0.62555556, 0.46888889])
66.0583 	EXP 	image: image = 'images/woman_kicking garment bag.jpg'
66.0583 	EXP 	trial_instructions: autoDraw = True
66.0583 	EXP 	image: autoDraw = True
67.2826 	EXP 	Created sequence: random, trialTypes=1, nReps=0, seed=None
67.2834 	EXP 	New trial (rep=0, index=10): OrderedDict([('file', 'images/stethoscope to egg.jpg'), ('stimulus', 'stethoscope to egg.jpg'), ('condition', 'Implausible'), ('block', 1), ('corrAns', 'n')])
67.3049 	DATA 	Keypress: n
67.3259 	EXP 	trial_instructions: autoDraw = False
67.3259 	EXP 	image: autoDraw = False
67.3259 	EXP 	image: size = array([0.62555556, 0.46888889])
67.3259 	EXP 	image: image = 'images/stethoscope to egg.jpg'
67.3259 	EXP 	trial_instructions: autoDraw = True
67.3259 	EXP 	image: autoDraw = True
68.8477 	EXP 	Created sequence: random, trialTypes=1, nReps=0, seed=None
68.8483 	EXP 	New trial (rep=0, index=11): OrderedDict([('file', 'images/woman_runner.jpg'), ('stimulus', 'woman_runner.jpg'), ('condition', 'Plausible'), ('block', 2), ('corrAns', 'c')])
68.8814 	DATA 	Keypress: n
68.8916 	EXP 	trial_instructions: autoDraw = False
68.8916 	EXP 	image: autoDraw = False
68.8916 	EXP 	image: size = array([0.62555556, 0.46888889])
68.8916 	EXP 	image: image = 'images/woman_runner.jpg'
68.8916 	EXP 	trial_instructions: autoDraw = True
68.8916 	EXP 	image: autoDraw = True
69.8310 	EXP 	Created sequence: random, trialTypes=1, nReps=0, seed=None
69.8320 	EXP 	New trial (rep=0, index=12): OrderedDict([('file', 'images/man cleaning_boxing match asst.jpg'), ('stimulus', 'man cleaning_boxing match asst.jpg'), ('condition', 'Implausible'), ('block', 2), ('corrAns', 'n')])
69.8561 	DATA 	Keypress: c
69.8739 	EXP 	trial_instructions: autoDraw = False
69.8739 	EXP 	image: autoDraw = False
69.8739 	EXP 	image: size = array([0.62555556, 0.46888889])
69.8739 	EXP 	image: image = 'images/man cleaning_boxing match asst.jpg'
69.8739 	EXP 	trial_instructions: autoDraw = True
69.8739 	EXP 	image: autoDraw = True
72.2636 	EXP 	Created sequence: random, trialTypes=1, nReps=0, seed=None
72.2644 	EXP 	New trial (rep=0, index=13): OrderedDict([('file', 'images/boy_walking dog.jpg'), ('stimulus', 'boy_walking dog.jpg'), ('condition', 'Plausible'), ('block', 1), ('corrAns', 'c')])
72.3110 	DATA 	Keypress: n
72.3253 	EXP 	trial_instructions: autoDraw = False
72.3253 	EXP 	image: autoDraw = False
72.3253 	EXP 	image: size = array([0.62555556, 0.46888889])
72.3253 	EXP 	image: image = 'images/boy_walking dog.jpg'
72.3253 	EXP 	trial_instructions: autoDraw = True
72.3253 	EXP 	image: autoDraw = True
73.4008 	DATA 	Keypress: c
73.4302 	EXP 	Created sequence: random, trialTypes=1, nReps=0, seed=None
73.4310 	EXP 	New trial (rep=0, index=14): OrderedDict([('file', 'images/woman_rock climbing.jpg'), ('stimulus', 'woman_rock climbing.jpg'), ('condition', 'Plausible'), ('block', 2), ('corrAns', 'c')])
73.4754 	EXP 	trial_instructions: autoDraw = False
73.4754 	EXP 	image: autoDraw = False
73.4754 	EXP 	image: size = array([0.62555556, 0.46888889])
73.4754 	EXP 	image: image = 'images/woman_rock climbing.jpg'
73.4754 	EXP 	trial_instructions: autoDraw = True
73.4754 	EXP 	image: autoDraw = True
75.0451 	EXP 	Created sequence: random, trialTypes=1, nReps=0, seed=None
75.0454 	EXP 	New trial (rep=0, index=15): OrderedDict([('file', 'images/man_golfing.jpg'), ('stimulus', 'man_golfing.jpg'), ('condition', 'Plausible'), ('block', 1), ('corrAns', 'c')])
75.0791 	DATA 	Keypress: c
75.0915 	EXP 	trial_instructions: autoDraw = False
75.0915 	EXP 	image: autoDraw = False
75.0915 	EXP 	image: size = array([0.62555556, 0.46888889])
75.0915 	EXP 	image: image = 'images/man_golfing.jpg'
75.0915 	EXP 	trial_instructions: autoDraw = True
75.0915 	EXP 	image: autoDraw = True
75.8317 	DATA 	Keypress: n
75.8462 	EXP 	Created sequence: random, trialTypes=1, nReps=0, seed=None
75.8467 	EXP 	New trial (rep=0, index=16): OrderedDict([('file', 'images/band in the street.jpg'), ('stimulus', 'band in the street.jpg'), ('condition', 'Plausible'), ('block', 1), ('corrAns', 'c')])
75.8727 	EXP 	trial_instructions: autoDraw = False
75.8727 	EXP 	image: autoDraw = False
75.8727 	EXP 	image: size = array([0.62555556, 0.46888889])
75.8727 	EXP 	image: image = 'images/band in the street.jpg'
75.8727 	EXP 	trial_instructions: autoDraw = True
75.8727 	EXP 	image: autoDraw = True
77.6794 	EXP 	Created sequence: random, trialTypes=1, nReps=0, seed=None
77.6799 	EXP 	New trial (rep=0, index=17): OrderedDict([('file', 'images/man and woman_jumping into water.jpg'), ('stimulus', 'man and woman_jumping into water.jpg'), ('condition', 'Plausible'), ('block', 1), ('corrAns', 'c')])
77.7155 	DATA 	Keypress: c
77.7224 	EXP 	trial_instructions: autoDraw = False
77.7224 	EXP 	image: autoDraw = False
77.7224 	EXP 	image: size = array([0.62555556, 0.46888889])
77.7224 	EXP 	image: image = 'images/man and woman_jumping into water.jpg'
77.7224 	EXP 	trial_instructions: autoDraw = True
77.7224 	EXP 	image: autoDraw = True
78.9990 	EXP 	Created sequence: random, trialTypes=1, nReps=0, seed=None
78.9999 	EXP 	New trial (rep=0, index=18): OrderedDict([('file', 'images/man holding up toilet.jpg'), ('stimulus', 'man holding up toilet.jpg'), ('condition', 'Implausible'), ('block', 2), ('corrAns', 'n')])
79.0508 	DATA 	Keypress: c
79.0726 	EXP 	trial_instructions: autoDraw = False
79.0726 	EXP 	image: autoDraw = False
79.0726 	EXP 	image: size = array([0.62555556, 0.46888889])
79.0726 	EXP 	image: image = 'images/man holding up toilet.jpg'
79.0726 	EXP 	trial_instructions: autoDraw = True
79.0726 	EXP 	image: autoDraw = True
80.2815 	EXP 	Created sequence: random, trialTypes=1, nReps=0, seed=None
80.2824 	EXP 	New trial (rep=0, index=19): OrderedDict([('file', 'images/meeting with naked woman.jpg'), ('stimulus', 'meeting with naked woman.jpg'), ('condition', 'Implausible'), ('block', 1), ('corrAns', 'n')])
80.3050 	DATA 	Keypress: n
80.3219 	EXP 	trial_instructions: autoDraw = False
80.3219 	EXP 	image: autoDraw = False
80.3219 	EXP 	image: size = array([0.62555556, 0.46888889])
80.3219 	EXP 	image: image = 'images/meeting with naked woman.jpg'
80.3219 	EXP 	trial_instructions: autoDraw = True
80.3219 	EXP 	image: autoDraw = True
80.9651 	EXP 	Created sequence: random, trialTypes=1, nReps=0, seed=None
80.9660 	EXP 	New trial (rep=0, index=20): OrderedDict([('file', 'images/kicking soccer ball underwater.jpg'), ('stimulus', 'kicking soccer ball underwater.jpg'), ('condition', 'Implausible'), ('block', 2), ('corrAns', 'n')])
81.0071 	DATA 	Keypress: n
81.0238 	EXP 	trial_instructions: autoDraw = False
81.0238 	EXP 	image: autoDraw = False
81.0238 	EXP 	image: size = array([0.62555556, 0.46888889])
81.0238 	EXP 	image: image = 'images/kicking soccer ball underwater.jpg'
81.0238 	EXP 	trial_instructions: autoDraw = True
81.0238 	EXP 	image: autoDraw = True
82.8976 	EXP 	Created sequence: random, trialTypes=1, nReps=0, seed=None
82.8981 	EXP 	New trial (rep=0, index=21): OrderedDict([('file', 'images/man_BMX bike.jpg'), ('stimulus', 'man_BMX bike.jpg'), ('condition', 'Plausible'), ('block', 1), ('corrAns', 'c')])
82.9351 	DATA 	Keypress: n
82.9569 	EXP 	trial_instructions: autoDraw = False
82.9569 	EXP 	image: autoDraw = False
82.9569 	EXP 	image: size = array([0.62555556, 0.46888889])
82.9569 	EXP 	image: image = 'images/man_BMX bike.jpg'
82.9569 	EXP 	trial_instructions: autoDraw = True
82.9569 	EXP 	image: autoDraw = True
83.9838 	DATA 	Keypress: c
84.0130 	EXP 	Created sequence: random, trialTypes=1, nReps=0, seed=None
84.0138 	EXP 	New trial (rep=0, index=22): OrderedDict([('file', 'images/scuba diver on mtn.jpg'), ('stimulus', 'scuba diver on mtn.jpg'), ('condition', 'Implausible'), ('block', 1), ('corrAns', 'n')])
84.0717 	EXP 	trial_instructions: autoDraw = False
84.0717 	EXP 	image: autoDraw = False
84.0717 	EXP 	image: size = array([0.62555556, 0.46888889])
84.0717 	EXP 	image: image = 'images/scuba diver on mtn.jpg'
84.0717 	EXP 	trial_instructions: autoDraw = True
84.0717 	EXP 	image: autoDraw = True
85.6474 	EXP 	Created sequence: random, trialTypes=1, nReps=0, seed=None
85.6480 	EXP 	New trial (rep=0, index=23): OrderedDict([('file', 'images/woman_ball and chain in desert.jpg'), ('stimulus', 'woman_ball and chain in desert.jpg'), ('condition', 'Implausible'), ('block', 1), ('corrAns', 'n')])
85.6859 	DATA 	Keypress: c
85.7053 	EXP 	trial_instructions: autoDraw = False
85.7053 	EXP 	image: autoDraw = False
85.7053 	EXP 	image: size = array([0.62555556, 0.46888889])
85.7053 	EXP 	image: image = 'images/woman_ball and chain in desert.jpg'
85.7053 	EXP 	trial_instructions: autoDraw = True
85.7053 	EXP 	image: autoDraw = True
85.8822 	DATA 	Keypress: c
85.9129 	EXP 	Created sequence: random, trialTypes=1, nReps=0, seed=None
85.9137 	EXP 	New trial (rep=0, index=24): OrderedDict([('file', 'images/woman_ironing.jpg'), ('stimulus', 'woman_ironing.jpg'), ('condition', 'Plausible'), ('block', 2), ('corrAns', 'c')])
85.9715 	EXP 	trial_instructions: autoDraw = False
85.9715 	EXP 	image: autoDraw = False
85.9715 	EXP 	image: size = array([0.62555556, 0.46888889])
85.9715 	EXP 	image: image = 'images/woman_ironing.jpg'
85.9715 	EXP 	trial_instructions: autoDraw = True
85.9715 	EXP 	image: autoDraw = True
86.1130 	DATA 	Keypress: c
86.1302 	EXP 	Created sequence: random, trialTypes=1, nReps=0, seed=None
86.1307 	EXP 	New trial (rep=0, index=25): OrderedDict([('file', 'images/man swinging on street pole.jpg'), ('stimulus', 'man swinging on street pole.jpg'), ('condition', 'Implausible'), ('block', 2), ('corrAns', 'n')])
86.1716 	EXP 	trial_instructions: autoDraw = False
86.1716 	EXP 	image: autoDraw = False
86.1716 	EXP 	image: size = array([0.62555556, 0.46888889])
86.1716 	EXP 	image: image = 'images/man swinging on street pole.jpg'
86.1716 	EXP 	trial_instructions: autoDraw = True
86.1716 	EXP 	image: autoDraw = True
86.3286 	EXP 	Created sequence: random, trialTypes=1, nReps=0, seed=None
86.3295 	EXP 	New trial (rep=0, index=26): OrderedDict([('file', 'images/boys at ATM.jpg'), ('stimulus', 'boys at ATM.jpg'), ('condition', 'Implausible'), ('block', 2), ('corrAns', 'n')])
86.3734 	DATA 	Keypress: c
86.3897 	EXP 	trial_instructions: autoDraw = False
86.3897 	EXP 	image: autoDraw = False
86.3897 	EXP 	image: size = array([0.62555556, 0.46888889])
86.3897 	EXP 	image: image = 'images/boys at ATM.jpg'
86.3897 	EXP 	trial_instructions: autoDraw = True
86.3897 	EXP 	image: autoDraw = True
86.5141 	EXP 	Created sequence: random, trialTypes=1, nReps=0, seed=None
86.5146 	EXP 	New trial (rep=0, index=27): OrderedDict([('file', 'images/man_cracking coconut island.jpg'), ('stimulus', 'man_cracking coconut island.jpg'), ('condition', 'Plausible'), ('block', 1), ('corrAns', 'c')])
86.5330 	DATA 	Keypress: c
86.5548 	EXP 	trial_instructions: autoDraw = False
86.5548 	EXP 	image: autoDraw = False
86.5548 	EXP 	image: size = array([0.62555556, 0.46888889])
86.5548 	EXP 	image: image = 'images/man_cracking coconut island.jpg'
86.5548 	EXP 	trial_instructions: autoDraw = True
86.5548 	EXP 	image: autoDraw = True
86.7138 	EXP 	Created sequence: random, trialTypes=1, nReps=0, seed=None
86.7147 	EXP 	New trial (rep=0, index=28): OrderedDict([('file', 'images/girl_jumping broken bridge.jpg'), ('stimulus', 'girl_jumping broken bridge.jpg'), ('condition', 'Plausible'), ('block', 1), ('corrAns', 'c')])
86.7698 	DATA 	Keypress: c
86.7908 	EXP 	trial_instructions: autoDraw = False
86.7908 	EXP 	image: autoDraw = False
86.7908 	EXP 	image: size = array([0.62555556, 0.46888889])
86.7908 	EXP 	image: image = 'images/girl_jumping broken bridge.jpg'
86.7908 	EXP 	trial_instructions: autoDraw = True
86.7908 	EXP 	image: autoDraw = True
86.8834 	EXP 	Created sequence: random, trialTypes=1, nReps=0, seed=None
86.8843 	EXP 	New trial (rep=0, index=29): OrderedDict([('file', 'images/man_roller skating.jpg'), ('stimulus', 'man_roller skating.jpg'), ('condition', 'Plausible'), ('block', 1), ('corrAns', 'c')])
86.9202 	DATA 	Keypress: c
86.9400 	EXP 	trial_instructions: autoDraw = False
86.9400 	EXP 	image: autoDraw = False
86.9400 	EXP 	image: size = array([0.62555556, 0.46888889])
86.9400 	EXP 	image: image = 'images/man_roller skating.jpg'
86.9400 	EXP 	trial_instructions: autoDraw = True
86.9400 	EXP 	image: autoDraw = True
87.0634 	EXP 	Created sequence: random, trialTypes=1, nReps=0, seed=None
87.0643 	EXP 	New trial (rep=0, index=30): OrderedDict([('file', 'images/man_skateboard in city.jpg'), ('stimulus', 'man_skateboard in city.jpg'), ('condition', 'Plausible'), ('block', 1), ('corrAns', 'c')])
87.1028 	DATA 	Keypress: c
87.1232 	EXP 	trial_instructions: autoDraw = False
87.1232 	EXP 	image: autoDraw = False
87.1232 	EXP 	image: size = array([0.62555556, 0.46888889])
87.1232 	EXP 	image: image = 'images/man_skateboard in city.jpg'
87.1232 	EXP 	trial_instructions: autoDraw = True
87.1232 	EXP 	image: autoDraw = True
87.2008 	EXP 	Created sequence: random, trialTypes=1, nReps=0, seed=None
87.2023 	EXP 	New trial (rep=0, index=31): OrderedDict([('file', 'images/business man in cape.jpg'), ('stimulus', 'business man in cape.jpg'), ('condition', 'Implausible'), ('block', 2), ('corrAns', 'n')])
87.2458 	DATA 	Keypress: c
87.2561 	EXP 	trial_instructions: autoDraw = False
87.2561 	EXP 	image: autoDraw = False
87.2561 	EXP 	image: size = array([0.62555556, 0.46888889])
87.2561 	EXP 	image: image = 'images/business man in cape.jpg'
87.2561 	EXP 	trial_instructions: autoDraw = True
87.2561 	EXP 	image: autoDraw = True
87.3315 	DATA 	Keypress: c
87.3489 	EXP 	Created sequence: random, trialTypes=1, nReps=0, seed=None
87.3498 	EXP 	New trial (rep=0, index=32): OrderedDict([('file', 'images/business man jumping over briefcase.jpg'), ('stimulus', 'business man jumping over briefcase.jpg'), ('condition', 'Implausible'), ('block', 1), ('corrAns', 'n')])
87.3907 	EXP 	trial_instructions: autoDraw = False
87.3907 	EXP 	image: autoDraw = False
87.3907 	EXP 	image: size = array([0.62555556, 0.46888889])
87.3907 	EXP 	image: image = 'images/business man jumping over briefcase.jpg'
87.3907 	EXP 	trial_instructions: autoDraw = True
87.3907 	EXP 	image: autoDraw = True
87.5139 	EXP 	Created sequence: random, trialTypes=1, nReps=0, seed=None
87.5148 	EXP 	New trial (rep=0, index=33): OrderedDict([('file', 'images/woman_mowing lawn.jpg'), ('stimulus', 'woman_mowing lawn.jpg'), ('condition', 'Plausible'), ('block', 2), ('corrAns', 'c')])
87.5686 	DATA 	Keypress: c
87.5884 	EXP 	trial_instructions: autoDraw = False
87.5884 	EXP 	image: autoDraw = False
87.5884 	EXP 	image: size = array([0.62555556, 0.46888889])
87.5884 	EXP 	image: image = 'images/woman_mowing lawn.jpg'
87.5884 	EXP 	trial_instructions: autoDraw = True
87.5884 	EXP 	image: autoDraw = True
87.6791 	DATA 	Keypress: c
87.6949 	EXP 	Created sequence: random, trialTypes=1, nReps=0, seed=None
87.6954 	EXP 	New trial (rep=0, index=34): OrderedDict([('file', 'images/man eating shredded paper.jpg'), ('stimulus', 'man eating shredded paper.jpg'), ('condition', 'Implausible'), ('block', 2), ('corrAns', 'n')])
87.7402 	EXP 	trial_instructions: autoDraw = False
87.7402 	EXP 	image: autoDraw = False
87.7402 	EXP 	image: size = array([0.62555556, 0.46888889])
87.7402 	EXP 	image: image = 'images/man eating shredded paper.jpg'
87.7402 	EXP 	trial_instructions: autoDraw = True
87.7402 	EXP 	image: autoDraw = True
87.8981 	EXP 	Created sequence: random, trialTypes=1, nReps=0, seed=None
87.8989 	EXP 	New trial (rep=0, index=35): OrderedDict([('file', 'images/business man long jump over binders.jpg'), ('stimulus', 'business man long jump over binders.jpg'), ('condition', 'Implausible'), ('block', 2), ('corrAns', 'n')])
87.9399 	DATA 	Keypress: c
87.9563 	EXP 	trial_instructions: autoDraw = False
87.9563 	EXP 	image: autoDraw = False
87.9563 	EXP 	image: size = array([0.62555556, 0.46888889])
87.9563 	EXP 	image: image = 'images/business man long jump over binders.jpg'
87.9563 	EXP 	trial_instructions: autoDraw = True
87.9563 	EXP 	image: autoDraw = True
88.0811 	EXP 	Created sequence: random, trialTypes=1, nReps=0, seed=None
88.0819 	EXP 	New trial (rep=0, index=36): OrderedDict([('file', 'images/office presentation in desert.jpg'), ('stimulus', 'office presentation in desert.jpg'), ('condition', 'Implausible'), ('block', 1), ('corrAns', 'n')])
88.1198 	DATA 	Keypress: c
88.1384 	EXP 	trial_instructions: autoDraw = False
88.1384 	EXP 	image: autoDraw = False
88.1384 	EXP 	image: size = array([0.62555556, 0.46888889])
88.1384 	EXP 	image: image = 'images/office presentation in desert.jpg'
88.1384 	EXP 	trial_instructions: autoDraw = True
88.1384 	EXP 	image: autoDraw = True
88.2621 	EXP 	Created sequence: random, trialTypes=1, nReps=0, seed=None
88.2629 	EXP 	New trial (rep=0, index=37): OrderedDict([('file', 'images/cheese grater on rock.jpg'), ('stimulus', 'cheese grater on rock.jpg'), ('condition', 'Implausible'), ('block', 2), ('corrAns', 'n')])
88.2943 	DATA 	Keypress: c
88.3043 	EXP 	trial_instructions: autoDraw = False
88.3043 	EXP 	image: autoDraw = False
88.3043 	EXP 	image: size = array([0.62555556, 0.46888889])
88.3043 	EXP 	image: image = 'images/cheese grater on rock.jpg'
88.3043 	EXP 	trial_instructions: autoDraw = True
88.3043 	EXP 	image: autoDraw = True
88.4288 	EXP 	Created sequence: random, trialTypes=1, nReps=0, seed=None
88.4293 	EXP 	New trial (rep=0, index=38): OrderedDict([('file', 'images/woman_ice skating.jpg'), ('stimulus', 'woman_ice skating.jpg'), ('condition', 'Plausible'), ('block', 2), ('corrAns', 'c')])
88.4526 	DATA 	Keypress: c
88.4728 	EXP 	trial_instructions: autoDraw = False
88.4728 	EXP 	image: autoDraw = False
88.4728 	EXP 	image: size = array([0.62555556, 0.46888889])
88.4728 	EXP 	image: image = 'images/woman_ice skating.jpg'
88.4728 	EXP 	trial_instructions: autoDraw = True
88.4728 	EXP 	image: autoDraw = True
88.5985 	EXP 	Created sequence: random, trialTypes=1, nReps=0, seed=None
88.5995 	EXP 	New trial (rep=0, index=39): OrderedDict([('file', 'images/person walking on car.jpg'), ('stimulus', 'person walking on car.jpg'), ('condition', 'Implausible'), ('block', 1), ('corrAns', 'n')])
88.6465 	DATA 	Keypress: c
88.6544 	EXP 	trial_instructions: autoDraw = False
88.6544 	EXP 	image: autoDraw = False
88.6544 	EXP 	image: size = array([0.62555556, 0.46888889])
88.6544 	EXP 	image: image = 'images/person walking on car.jpg'
88.6544 	EXP 	trial_instructions: autoDraw = True
88.6544 	EXP 	image: autoDraw = True
88.7816 	DATA 	Keypress: c
88.7992 	EXP 	Created sequence: random, trialTypes=1, nReps=0, seed=None
88.8000 	EXP 	New trial (rep=0, index=40): OrderedDict([('file', 'images/woman_plucking eyebrow.jpg'), ('stimulus', 'woman_plucking eyebrow.jpg'), ('condition', 'Plausible'), ('block', 2), ('corrAns', 'c')])
88.8548 	EXP 	trial_instructions: autoDraw = False
88.8548 	EXP 	image: autoDraw = False
88.8548 	EXP 	image: size = array([0.62555556, 0.46888889])
88.8548 	EXP 	image: image = 'images/woman_plucking eyebrow.jpg'
88.8548 	EXP 	trial_instructions: autoDraw = True
88.8548 	EXP 	image: autoDraw = True
88.9625 	EXP 	Created sequence: random, trialTypes=1, nReps=0, seed=None
88.9634 	EXP 	New trial (rep=0, index=41): OrderedDict([('file', 'images/boy with computer dog.jpg'), ('stimulus', 'boy with computer dog.jpg'), ('condition', 'Implausible'), ('block', 2), ('corrAns', 'n')])
89.0090 	DATA 	Keypress: c
89.0229 	EXP 	trial_instructions: autoDraw = False
89.0229 	EXP 	image: autoDraw = False
89.0229 	EXP 	image: size = array([0.62555556, 0.46888889])
89.0229 	EXP 	image: image = 'images/boy with computer dog.jpg'
89.0229 	EXP 	trial_instructions: autoDraw = True
89.0229 	EXP 	image: autoDraw = True
89.1634 	DATA 	Keypress: c
89.1832 	EXP 	Created sequence: random, trialTypes=1, nReps=0, seed=None
89.1837 	EXP 	New trial (rep=0, index=42): OrderedDict([('file', 'images/woman_running w surfboard.jpg'), ('stimulus', 'woman_running w surfboard.jpg'), ('condition', 'Plausible'), ('block', 2), ('corrAns', 'c')])
89.2069 	EXP 	trial_instructions: autoDraw = False
89.2069 	EXP 	image: autoDraw = False
89.2069 	EXP 	image: size = array([0.62555556, 0.46888889])
89.2069 	EXP 	image: image = 'images/woman_running w surfboard.jpg'
89.2069 	EXP 	trial_instructions: autoDraw = True
89.2069 	EXP 	image: autoDraw = True
89.3964 	EXP 	Created sequence: random, trialTypes=1, nReps=0, seed=None
89.3972 	EXP 	New trial (rep=0, index=43): OrderedDict([('file', 'images/man_high jump.jpg'), ('stimulus', 'man_high jump.jpg'), ('condition', 'Plausible'), ('block', 1), ('corrAns', 'c')])
89.4390 	DATA 	Keypress: c
89.4564 	EXP 	trial_instructions: autoDraw = False
89.4564 	EXP 	image: autoDraw = False
89.4564 	EXP 	image: size = array([0.62555556, 0.46888889])
89.4564 	EXP 	image: image = 'images/man_high jump.jpg'
89.4564 	EXP 	trial_instructions: autoDraw = True
89.4564 	EXP 	image: autoDraw = True
89.5992 	DATA 	Keypress: c
89.6305 	EXP 	Created sequence: random, trialTypes=1, nReps=0, seed=None
89.6313 	EXP 	New trial (rep=0, index=44): OrderedDict([('file', 'images/kicking soccer ball.jpg'), ('stimulus', 'kicking soccer ball.jpg'), ('condition', 'Plausible'), ('block', 1), ('corrAns', 'c')])
89.6882 	EXP 	trial_instructions: autoDraw = False
89.6882 	EXP 	image: autoDraw = False
89.6882 	EXP 	image: size = array([0.62555556, 0.46888889])
89.6882 	EXP 	image: image = 'images/kicking soccer ball.jpg'
89.6882 	EXP 	trial_instructions: autoDraw = True
89.6882 	EXP 	image: autoDraw = True
89.7793 	EXP 	Created sequence: random, trialTypes=1, nReps=0, seed=None
89.7799 	EXP 	New trial (rep=0, index=45): OrderedDict([('file', 'images/man_courthouse steps.jpg'), ('stimulus', 'man_courthouse steps.jpg'), ('condition', 'Plausible'), ('block', 1), ('corrAns', 'c')])
89.7957 	DATA 	Keypress: c
89.8063 	EXP 	trial_instructions: autoDraw = False
89.8063 	EXP 	image: autoDraw = False
89.8063 	EXP 	image: size = array([0.62555556, 0.46888889])
89.8063 	EXP 	image: image = 'images/man_courthouse steps.jpg'
89.8063 	EXP 	trial_instructions: autoDraw = True
89.8063 	EXP 	image: autoDraw = True
89.9477 	EXP 	Created sequence: random, trialTypes=1, nReps=0, seed=None
89.9485 	EXP 	New trial (rep=0, index=46): OrderedDict([('file', 'images/woman_clothesline.jpg'), ('stimulus', 'woman_clothesline.jpg'), ('condition', 'Plausible'), ('block', 2), ('corrAns', 'c')])
89.9892 	DATA 	Keypress: c
90.0063 	EXP 	trial_instructions: autoDraw = False
90.0063 	EXP 	image: autoDraw = False
90.0063 	EXP 	image: size = array([0.62555556, 0.46888889])
90.0063 	EXP 	image: image = 'images/woman_clothesline.jpg'
90.0063 	EXP 	trial_instructions: autoDraw = True
90.0063 	EXP 	image: autoDraw = True
90.1283 	EXP 	Created sequence: random, trialTypes=1, nReps=0, seed=None
90.1288 	EXP 	New trial (rep=0, index=47): OrderedDict([('file', 'images/man_playing violin under water.jpg'), ('stimulus', 'man_playing violin under water.jpg'), ('condition', 'Implausible'), ('block', 1), ('corrAns', 'n')])
90.1395 	DATA 	Keypress: c
90.1549 	EXP 	trial_instructions: autoDraw = False
90.1549 	EXP 	image: autoDraw = False
90.1549 	EXP 	image: size = array([0.62555556, 0.46888889])
90.1549 	EXP 	image: image = 'images/man_playing violin under water.jpg'
90.1549 	EXP 	trial_instructions: autoDraw = True
90.1549 	EXP 	image: autoDraw = True
90.3311 	EXP 	Created sequence: random, trialTypes=1, nReps=0, seed=None
90.3319 	EXP 	New trial (rep=0, index=48): OrderedDict([('file', 'images/eating raw fish.jpg'), ('stimulus', 'eating raw fish.jpg'), ('condition', 'Implausible'), ('block', 2), ('corrAns', 'n')])
90.3554 	DATA 	Keypress: c
90.3718 	EXP 	trial_instructions: autoDraw = False
90.3718 	EXP 	image: autoDraw = False
90.3718 	EXP 	image: size = array([0.62555556, 0.46888889])
90.3718 	EXP 	image: image = 'images/eating raw fish.jpg'
90.3718 	EXP 	trial_instructions: autoDraw = True
90.3718 	EXP 	image: autoDraw = True
90.5297 	EXP 	Created sequence: random, trialTypes=1, nReps=0, seed=None
90.5301 	EXP 	New trial (rep=0, index=49): OrderedDict([('file', 'images/woman_shoe shopping.jpg'), ('stimulus', 'woman_shoe shopping.jpg'), ('condition', 'Plausible'), ('block', 2), ('corrAns', 'c')])
90.5526 	DATA 	Keypress: c
90.5737 	EXP 	trial_instructions: autoDraw = False
90.5737 	EXP 	image: autoDraw = False
90.5737 	EXP 	image: size = array([0.62555556, 0.46888889])
90.5737 	EXP 	image: image = 'images/woman_shoe shopping.jpg'
90.5737 	EXP 	trial_instructions: autoDraw = True
90.5737 	EXP 	image: autoDraw = True
90.7333 	DATA 	Keypress: c
90.7644 	EXP 	Created sequence: random, trialTypes=1, nReps=0, seed=None
90.7653 	EXP 	New trial (rep=0, index=50): OrderedDict([('file', 'images/boy_holding dog.jpg'), ('stimulus', 'boy_holding dog.jpg'), ('condition', 'Plausible'), ('block', 1), ('corrAns', 'c')])
90.8222 	EXP 	trial_instructions: autoDraw = False
90.8222 	EXP 	image: autoDraw = False
90.8222 	EXP 	image: size = array([0.62555556, 0.46888889])
90.8222 	EXP 	image: image = 'images/boy_holding dog.jpg'
90.8222 	EXP 	trial_instructions: autoDraw = True
90.8222 	EXP 	image: autoDraw = True
90.9456 	EXP 	Created sequence: random, trialTypes=1, nReps=0, seed=None
90.9462 	EXP 	New trial (rep=0, index=51): OrderedDict([('file', 'images/woman sewing hair.jpg'), ('stimulus', 'woman sewing hair.jpg'), ('condition', 'Implausible'), ('block', 1), ('corrAns', 'n')])
90.9772 	DATA 	Keypress: c
90.9897 	EXP 	trial_instructions: autoDraw = False
90.9897 	EXP 	image: autoDraw = False
90.9897 	EXP 	image: size = array([0.62555556, 0.46888889])
90.9897 	EXP 	image: image = 'images/woman sewing hair.jpg'
90.9897 	EXP 	trial_instructions: autoDraw = True
90.9897 	EXP 	image: autoDraw = True
91.1491 	EXP 	Created sequence: random, trialTypes=1, nReps=0, seed=None
91.1495 	EXP 	New trial (rep=0, index=52): OrderedDict([('file', 'images/office woman_plastic wrap on face and hands.jpg'), ('stimulus', 'office woman_plastic wrap on face and hands.jpg'), ('condition', 'Implausible'), ('block', 1), ('corrAns', 'n')])
91.1705 	DATA 	Keypress: c
91.1881 	EXP 	trial_instructions: autoDraw = False
91.1881 	EXP 	image: autoDraw = False
91.1881 	EXP 	image: size = array([0.62555556, 0.46888889])
91.1881 	EXP 	image: image = 'images/office woman_plastic wrap on face and hands.jpg'
91.1881 	EXP 	trial_instructions: autoDraw = True
91.1881 	EXP 	image: autoDraw = True
91.4626 	EXP 	Created sequence: random, trialTypes=1, nReps=0, seed=None
91.4632 	EXP 	New trial (rep=0, index=53): OrderedDict([('file', 'images/eating cords w chopsticks.jpg'), ('stimulus', 'eating cords w chopsticks.jpg'), ('condition', 'Implausible'), ('block', 2), ('corrAns', 'n')])
91.5014 	DATA 	Keypress: c
91.5212 	EXP 	trial_instructions: autoDraw = False
91.5212 	EXP 	image: autoDraw = False
91.5212 	EXP 	image: size = array([0.62555556, 0.46888889])
91.5212 	EXP 	image: image = 'images/eating cords w chopsticks.jpg'
91.5212 	EXP 	trial_instructions: autoDraw = True
91.5212 	EXP 	image: autoDraw = True
91.8132 	DATA 	Keypress: c
91.8299 	EXP 	Created sequence: random, trialTypes=1, nReps=0, seed=None
91.8305 	EXP 	New trial (rep=0, index=54): OrderedDict([('file', 'images/man drinking water with goldfish.jpg'), ('stimulus', 'man drinking water with goldfish.jpg'), ('condition', 'Implausible'), ('block', 2), ('corrAns', 'n')])
91.8561 	EXP 	trial_instructions: autoDraw = False
91.8561 	EXP 	image: autoDraw = False
91.8561 	EXP 	image: size = array([0.62555556, 0.46888889])
91.8561 	EXP 	image: image = 'images/man drinking water with goldfish.jpg'
91.8561 	EXP 	trial_instructions: autoDraw = True
91.8561 	EXP 	image: autoDraw = True
92.0301 	EXP 	Created sequence: random, trialTypes=1, nReps=0, seed=None
92.0306 	EXP 	New trial (rep=0, index=55): OrderedDict([('file', 'images/man_wind instrument on bench.jpg'), ('stimulus', 'man_wind instrument on bench.jpg'), ('condition', 'Plausible'), ('block', 2), ('corrAns', 'c')])
92.0673 	DATA 	Keypress: c
92.0878 	EXP 	trial_instructions: autoDraw = False
92.0878 	EXP 	image: autoDraw = False
92.0878 	EXP 	image: size = array([0.62555556, 0.46888889])
92.0878 	EXP 	image: image = 'images/man_wind instrument on bench.jpg'
92.0878 	EXP 	trial_instructions: autoDraw = True
92.0878 	EXP 	image: autoDraw = True
92.2655 	EXP 	Created sequence: random, trialTypes=1, nReps=0, seed=None
92.2670 	EXP 	New trial (rep=0, index=56): OrderedDict([('file', 'images/lifeguard at beach.jpg'), ('stimulus', 'lifeguard at beach.jpg'), ('condition', 'Plausible'), ('block', 1), ('corrAns', 'c')])
92.3093 	DATA 	Keypress: c
92.3228 	EXP 	trial_instructions: autoDraw = False
92.3228 	EXP 	image: autoDraw = False
92.3228 	EXP 	image: size = array([0.62555556, 0.46888889])
92.3228 	EXP 	image: image = 'images/lifeguard at beach.jpg'
92.3228 	EXP 	trial_instructions: autoDraw = True
92.3228 	EXP 	image: autoDraw = True
92.4642 	DATA 	Keypress: c
92.4821 	EXP 	Created sequence: random, trialTypes=1, nReps=0, seed=None
92.4829 	EXP 	New trial (rep=0, index=57): OrderedDict([('file', 'images/woman_kitchen frisbee.jpg'), ('stimulus', 'woman_kitchen frisbee.jpg'), ('condition', 'Implausible'), ('block', 1), ('corrAns', 'n')])
92.5376 	EXP 	trial_instructions: autoDraw = False
92.5376 	EXP 	image: autoDraw = False
92.5376 	EXP 	image: size = array([0.62555556, 0.46888889])
92.5376 	EXP 	image: image = 'images/woman_kitchen frisbee.jpg'
92.5376 	EXP 	trial_instructions: autoDraw = True
92.5376 	EXP 	image: autoDraw = True
92.7134 	EXP 	Created sequence: random, trialTypes=1, nReps=0, seed=None
92.7143 	EXP 	New trial (rep=0, index=58): OrderedDict([('file', 'images/woman golfing off mans face.jpg'), ('stimulus', 'woman golfing off mans face.jpg'), ('condition', 'Implausible'), ('block', 1), ('corrAns', 'n')])
92.7656 	DATA 	Keypress: c
92.7880 	EXP 	trial_instructions: autoDraw = False
92.7880 	EXP 	image: autoDraw = False
92.7880 	EXP 	image: size = array([0.62555556, 0.46888889])
92.7880 	EXP 	image: image = 'images/woman golfing off mans face.jpg'
92.7880 	EXP 	trial_instructions: autoDraw = True
92.7880 	EXP 	image: autoDraw = True
92.9466 	EXP 	Created sequence: random, trialTypes=1, nReps=0, seed=None
92.9471 	EXP 	New trial (rep=0, index=59): OrderedDict([('file', 'images/chefs_menu.jpg'), ('stimulus', 'chefs_menu.jpg'), ('condition', 'Plausible'), ('block', 1), ('corrAns', 'c')])
92.9616 	DATA 	Keypress: c
92.9731 	EXP 	trial_instructions: autoDraw = False
92.9731 	EXP 	image: autoDraw = False
92.9731 	EXP 	image: size = array([0.62555556, 0.46888889])
92.9731 	EXP 	image: image = 'images/chefs_menu.jpg'
92.9731 	EXP 	trial_instructions: autoDraw = True
92.9731 	EXP 	image: autoDraw = True
93.2123 	EXP 	Created sequence: random, trialTypes=1, nReps=0, seed=None
93.2126 	EXP 	New trial (rep=0, index=60): OrderedDict([('file', 'images/walking wooden bridge.jpg'), ('stimulus', 'walking wooden bridge.jpg'), ('condition', 'Plausible'), ('block', 2), ('corrAns', 'c')])
93.2383 	DATA 	Keypress: c
93.2545 	EXP 	trial_instructions: autoDraw = False
93.2545 	EXP 	image: autoDraw = False
93.2545 	EXP 	image: size = array([0.62555556, 0.46888889])
93.2545 	EXP 	image: image = 'images/walking wooden bridge.jpg'
93.2545 	EXP 	trial_instructions: autoDraw = True
93.2545 	EXP 	image: autoDraw = True
93.5132 	EXP 	Created sequence: random, trialTypes=1, nReps=0, seed=None
93.5140 	EXP 	New trial (rep=0, index=61): OrderedDict([('file', 'images/salting turf.jpg'), ('stimulus', 'salting turf.jpg'), ('condition', 'Implausible'), ('block', 1), ('corrAns', 'n')])
93.5582 	DATA 	Keypress: c
93.5714 	EXP 	trial_instructions: autoDraw = False
93.5714 	EXP 	image: autoDraw = False
93.5714 	EXP 	image: size = array([0.62555556, 0.46888889])
93.5714 	EXP 	image: image = 'images/salting turf.jpg'
93.5714 	EXP 	trial_instructions: autoDraw = True
93.5714 	EXP 	image: autoDraw = True
93.7123 	DATA 	Keypress: c
93.7290 	EXP 	Created sequence: random, trialTypes=1, nReps=0, seed=None
93.7295 	EXP 	New trial (rep=0, index=62): OrderedDict([('file', 'images/romantic beach dinner.jpg'), ('stimulus', 'romantic beach dinner.jpg'), ('condition', 'Plausible'), ('block', 2), ('corrAns', 'c')])
93.7709 	EXP 	trial_instructions: autoDraw = False
93.7709 	EXP 	image: autoDraw = False
93.7709 	EXP 	image: size = array([0.62555556, 0.46888889])
93.7709 	EXP 	image: image = 'images/romantic beach dinner.jpg'
93.7709 	EXP 	trial_instructions: autoDraw = True
93.7709 	EXP 	image: autoDraw = True
93.9634 	EXP 	Created sequence: random, trialTypes=1, nReps=0, seed=None
93.9642 	EXP 	New trial (rep=0, index=63): OrderedDict([('file', 'images/two girls_picture.jpg'), ('stimulus', 'two girls_picture.jpg'), ('condition', 'Plausible'), ('block', 2), ('corrAns', 'c')])
93.9875 	DATA 	Keypress: c
94.0038 	EXP 	trial_instructions: autoDraw = False
94.0038 	EXP 	image: autoDraw = False
94.0038 	EXP 	image: size = array([0.62555556, 0.46888889])
94.0038 	EXP 	image: image = 'images/two girls_picture.jpg'
94.0038 	EXP 	trial_instructions: autoDraw = True
94.0038 	EXP 	image: autoDraw = True
94.1657 	EXP 	Created sequence: random, trialTypes=1, nReps=1, seed=None
94.1663 	EXP 	New trial (rep=0, index=0): None
94.1708 	DATA 	Keypress: c
94.1925 	EXP 	trial_instructions: autoDraw = False
94.1925 	EXP 	image: autoDraw = False
94.1925 	EXP 	breakimage: autoDraw = True
98.3805 	DATA 	Mouse: Left button down, pos=(1079,362)
98.4652 	DATA 	Mouse:  Left button up, pos=(1079,362)
98.5633 	EXP 	New trial (rep=0, index=64): OrderedDict([('file', 'images/man_eating pizza.jpg'), ('stimulus', 'man_eating pizza.jpg'), ('condition', 'Plausible'), ('block', 1), ('corrAns', 'c')])
98.5724 	DATA 	Keypress: space
98.5873 	EXP 	breakimage: autoDraw = False
98.5873 	EXP 	image: size = array([0.62555556, 0.46888889])
98.5873 	EXP 	image: image = 'images/man_eating pizza.jpg'
98.5873 	EXP 	trial_instructions: autoDraw = True
98.5873 	EXP 	image: autoDraw = True
99.1715 	EXP 	Created sequence: random, trialTypes=1, nReps=0, seed=None
99.1721 	EXP 	New trial (rep=0, index=65): OrderedDict([('file', 'images/cracking nut.jpg'), ('stimulus', 'cracking nut.jpg'), ('condition', 'Plausible'), ('block', 1), ('corrAns', 'c')])
99.1842 	DATA 	Keypress: c
99.2093 	EXP 	trial_instructions: autoDraw = False
99.2093 	EXP 	image: autoDraw = False
99.2093 	EXP 	image: size = array([0.62555556, 0.46888889])
99.2093 	EXP 	image: image = 'images/cracking nut.jpg'
99.2093 	EXP 	trial_instructions: autoDraw = True
99.2093 	EXP 	image: autoDraw = True
103.9009 	DATA 	Mouse: Left button down, pos=(1080,81)
103.9800 	DATA 	Mouse:  Left button up, pos=(1081,81)
104.2327 	DATA 	Keypress: escape
104.5035 	EXP 	window1: mouseVisible = True
104.5036 	DEBUG 	Saving data for EventTask ExperimentHandler
104.5103 	INFO 	saved data to C:\Users\cukel\OneDrive\Documents\GitHub\Event-Task\data/_EventTask_2021_Jun_16_1034.psydat
104.5287 	INFO 	saved data to 'C:\\Users\\cukel\\OneDrive\\Documents\\GitHub\\Event-Task\\data/_EventTask_2021_Jun_16_1034.csv'
