1.1564 	WARNING 	We strongly recommend you activate the PTB sound engine in PsychoPy prefs as the preferred audio engine. Its timing is vastly superior. Your prefs are currently set to use ['sounddevice', 'PTB', 'pyo', 'pygame'] (in that order).
81.2952 	INFO 	Loaded monitor calibration from ['2020_10_01 13:01']
84.6654 	WARNING 	Couldn't measure a consistent frame rate.
  - Is your graphics card set to sync to vertical blank?
  - Are you running other processes on your computer?

84.6658 	EXP 	Created window1 = Window(allowGUI=True, allowStencil=False, autoLog=True, backendConf=UNKNOWN, bitsMode=UNKNOWN, blendMode='avg', bpc=(8, 8, 8), color=array([0, 0, 0]), colorSpace='rgb', depthBits=8, fullscr=<method-wrapper '__getattribute__' of attributeSetter object at 0x000001E9BDB82438>, gamma=None, gammaErrorPolicy='raise', lms=UNKNOWN, monitor=<psychopy.monitors.calibTools.Monitor object at 0x000001E9BDB46B00>, multiSample=False, name='window1', numSamples=2, pos=[240.0, 90.0], screen=0, size=array([1440,  900]), stencilBits=0, stereo=False, units='height', useFBO=True, useRetina=False, viewOri=0.0, viewPos=None, viewScale=None, waitBlanking=True, winType='pyglet')
84.6713 	EXP 	window1: mouseVisible = True
84.6713 	EXP 	window1: recordFrameIntervals = False
84.8321 	EXP 	window1: recordFrameIntervals = True
84.9687 	WARNING 	t of last frame was 20.06ms (=1/49)
85.0341 	WARNING 	t of last frame was 20.49ms (=1/48)
85.3898 	WARNING 	t of last frame was 23.97ms (=1/41)
85.4124 	WARNING 	t of last frame was 22.59ms (=1/44)
85.4327 	WARNING 	Multiple dropped frames have occurred - I'll stop bothering you about them!
86.5147 	WARNING 	Couldn't measure a consistent frame rate.
  - Is your graphics card set to sync to vertical blank?
  - Are you running other processes on your computer?

86.9984 	EXP 	Created std_instructions = TextStim(__class__=<class 'psychopy.visual.text.TextStim'>, alignHoriz=method-wrapper(...), alignText='center', alignVert=method-wrapper(...), anchorHoriz='center', anchorVert='center', antialias=True, autoLog=True, bold=False, color=array([-1, -1, -1]), colorSpace='rgb', contrast=1.0, depth=0.0, flipHoriz=False, flipVert=False, font='Open Sans', fontFiles=[], height=0.05, italic=False, languageStyle='LTR', name='std_instructions', opacity=1, ori=0.0, pos=array([0., 0.]), rgb=UNKNOWN, text=str(...), units='height', win=Window(...), wrapWidth=1)
86.9992 	EXP 	Created text = TextStim(__class__=<class 'psychopy.visual.text.TextStim'>, alignHoriz=method-wrapper(...), alignText='center', alignVert=method-wrapper(...), anchorHoriz='center', anchorVert='center', antialias=True, autoLog=True, bold=False, color=array([-1, -1, -1]), colorSpace='rgb', contrast=1.0, depth=-1.0, flipHoriz=False, flipVert=False, font='Open Sans', fontFiles=[], height=0.05, italic=False, languageStyle='LTR', name='text', opacity=1, ori=0.0, pos=array([0., 0.]), rgb=UNKNOWN, text='', units='height', win=Window(...), wrapWidth=1)
87.0257 	EXP 	Created task_instructions = TextStim(__class__=<class 'psychopy.visual.text.TextStim'>, alignHoriz=method-wrapper(...), alignText='center', alignVert=method-wrapper(...), anchorHoriz='center', anchorVert='center', antialias=True, autoLog=True, bold=False, color=array([-1, -1, -1]), colorSpace='rgb', contrast=1.0, depth=0.0, flipHoriz=False, flipVert=False, font='Open Sans', fontFiles=[], height=0.05, italic=False, languageStyle='LTR', name='task_instructions', opacity=1, ori=0.0, pos=array([0., 0.]), rgb=UNKNOWN, text=str(...), units='height', win=Window(...), wrapWidth=1)
87.0397 	EXP 	Created practice_block = TextStim(__class__=<class 'psychopy.visual.text.TextStim'>, alignHoriz=method-wrapper(...), alignText='center', alignVert=method-wrapper(...), anchorHoriz='center', anchorVert='center', antialias=True, autoLog=True, bold=False, color=array([-1, -1, -1]), colorSpace='rgb', contrast=1.0, depth=0.0, flipHoriz=False, flipVert=False, font='Open Sans', fontFiles=[], height=0.1, italic=False, languageStyle='LTR', name='practice_block', opacity=1, ori=0.0, pos=array([0., 0.]), rgb=UNKNOWN, text='Practice Block', units='height', win=Window(...), wrapWidth=1)
87.0516 	EXP 	Created trial_instructions_practice = TextStim(__class__=<class 'psychopy.visual.text.TextStim'>, alignHoriz=method-wrapper(...), alignText='center', alignVert=method-wrapper(...), anchorHoriz='center', anchorVert='center', antialias=True, autoLog=True, bold=False, color=array([-1, -1, -1]), colorSpace='rgb', contrast=1.0, depth=0.0, flipHoriz=False, flipVert=False, font='Open Sans', fontFiles=[], height=30.0, italic=False, languageStyle='LTR', name='trial_instructions_practice', opacity=1, ori=0.0, pos=array([   0., -300.]), rgb=UNKNOWN, text='C = “YES”             N = “NO”', units='pix', win=Window(...), wrapWidth=500)
87.0617 	EXP 	Created image_practice = ImageStim(__class__=<class 'psychopy.visual.image.ImageStim'>, autoLog=True, color=array([1, 1, 1]), colorSpace='rgb', contrast=1.0, depth=-2.0, flipHoriz=False, flipVert=False, image='sin', interpolate=True, mask=None, maskParams=None, name='image_practice', opacity=1, ori=0.0, pos=array([0., 0.]), size=array([0.5, 0.5]), texRes=128.0, units='height', win=Window(...))
87.0712 	EXP 	Created experiment_block = TextStim(__class__=<class 'psychopy.visual.text.TextStim'>, alignHoriz=method-wrapper(...), alignText='center', alignVert=method-wrapper(...), anchorHoriz='center', anchorVert='center', antialias=True, autoLog=True, bold=False, color=array([-1, -1, -1]), colorSpace='rgb', contrast=1.0, depth=0.0, flipHoriz=False, flipVert=False, font='Open Sans', fontFiles=[], height=0.1, italic=False, languageStyle='LTR', name='experiment_block', opacity=1, ori=0.0, pos=array([0., 0.]), rgb=UNKNOWN, text='Experiment Block', units='height', win=Window(...), wrapWidth=1)
87.0750 	EXP 	Created trial_instructions = TextStim(__class__=<class 'psychopy.visual.text.TextStim'>, alignHoriz=method-wrapper(...), alignText='center', alignVert=method-wrapper(...), anchorHoriz='center', anchorVert='center', antialias=True, autoLog=True, bold=False, color=array([-1, -1, -1]), colorSpace='rgb', contrast=1.0, depth=0.0, flipHoriz=False, flipVert=False, font='Open Sans', fontFiles=[], height=30.0, italic=False, languageStyle='LTR', name='trial_instructions', opacity=1, ori=0.0, pos=array([   0., -300.]), rgb=UNKNOWN, text='C = “YES”             N = “NO”', units='pix', win=Window(...), wrapWidth=500)
87.0782 	EXP 	Created image = ImageStim(__class__=<class 'psychopy.visual.image.ImageStim'>, autoLog=True, color=array([1, 1, 1]), colorSpace='rgb', contrast=1.0, depth=-2.0, flipHoriz=False, flipVert=False, image='sin', interpolate=True, mask=None, maskParams=None, name='image', opacity=1, ori=0.0, pos=array([0., 0.]), size=array([0.5, 0.5]), texRes=128.0, units='height', win=Window(...))
87.0936 	EXP 	Created end_text = TextStim(__class__=<class 'psychopy.visual.text.TextStim'>, alignHoriz=method-wrapper(...), alignText='center', alignVert=method-wrapper(...), anchorHoriz='center', anchorVert='center', antialias=True, autoLog=True, bold=False, color=array([-1, -1, -1]), colorSpace='rgb', contrast=1.0, depth=0.0, flipHoriz=False, flipVert=False, font='Open Sans', fontFiles=[], height=0.1, italic=False, languageStyle='LTR', name='end_text', opacity=1, ori=0.0, pos=array([0., 0.]), rgb=UNKNOWN, text=str(...), units='height', win=Window(...), wrapWidth=1)
87.1285 	EXP 	std_instructions: autoDraw = True
88.1749 	DATA 	Mouse: Left button down, pos=(763,455)
88.2708 	DATA 	Mouse:  Left button up, pos=(763,455)
89.1514 	DEBUG 	Read csv file with pandas: standardizingRTs.csv
89.1545 	DEBUG 	Clearing unnamed columns from standardizingRTs.csv
89.1549 	EXP 	Imported standardizingRTs.csv as conditions, 2 conditions, 2 params
89.1568 	EXP 	Created sequence: random, trialTypes=2, nReps=5, seed=None
89.1572 	EXP 	New trial (rep=0, index=0): OrderedDict([('stimulus', "Press the 'yes' key."), ('corrAns', 'c')])
89.1696 	DATA 	Keypress: space
89.1792 	EXP 	std_instructions: autoDraw = False
89.1792 	EXP 	text: text = "Press the 'yes' key."
89.1792 	EXP 	text: autoDraw = True
90.1055 	DATA 	Keypress: c
90.1299 	EXP 	New trial (rep=0, index=1): OrderedDict([('stimulus', "Press the 'no' key."), ('corrAns', 'n')])
90.1632 	EXP 	text: autoDraw = False
90.1632 	EXP 	text: text = "Press the 'no' key."
90.1632 	EXP 	text: autoDraw = True
90.2543 	EXP 	New trial (rep=1, index=0): OrderedDict([('stimulus', "Press the 'no' key."), ('corrAns', 'n')])
90.2604 	DATA 	Keypress: n
90.2808 	EXP 	text: autoDraw = False
90.2808 	EXP 	text: text = "Press the 'no' key."
90.2808 	EXP 	text: autoDraw = True
90.5073 	DATA 	Keypress: c
90.5353 	EXP 	New trial (rep=1, index=1): OrderedDict([('stimulus', "Press the 'yes' key."), ('corrAns', 'c')])
90.5641 	EXP 	text: autoDraw = False
90.5641 	EXP 	text: text = "Press the 'yes' key."
90.5641 	EXP 	text: autoDraw = True
90.6868 	EXP 	New trial (rep=2, index=0): OrderedDict([('stimulus', "Press the 'yes' key."), ('corrAns', 'c')])
90.6913 	DATA 	Keypress: n
90.7129 	EXP 	text: autoDraw = False
90.7129 	EXP 	text: text = "Press the 'yes' key."
90.7129 	EXP 	text: autoDraw = True
91.3442 	EXP 	New trial (rep=2, index=1): OrderedDict([('stimulus', "Press the 'no' key."), ('corrAns', 'n')])
91.3522 	DATA 	Keypress: c
91.3637 	EXP 	text: autoDraw = False
91.3637 	EXP 	text: text = "Press the 'no' key."
91.3637 	EXP 	text: autoDraw = True
91.8898 	DATA 	Keypress: n
91.9192 	EXP 	New trial (rep=3, index=0): OrderedDict([('stimulus', "Press the 'no' key."), ('corrAns', 'n')])
91.9469 	EXP 	text: autoDraw = False
91.9469 	EXP 	text: text = "Press the 'no' key."
91.9469 	EXP 	text: autoDraw = True
92.3541 	EXP 	New trial (rep=3, index=1): OrderedDict([('stimulus', "Press the 'yes' key."), ('corrAns', 'c')])
92.3704 	DATA 	Keypress: c
92.3790 	EXP 	text: autoDraw = False
92.3790 	EXP 	text: text = "Press the 'yes' key."
92.3790 	EXP 	text: autoDraw = True
92.9709 	EXP 	New trial (rep=4, index=0): OrderedDict([('stimulus', "Press the 'no' key."), ('corrAns', 'n')])
92.9896 	DATA 	Keypress: c
93.0153 	EXP 	text: autoDraw = False
93.0153 	EXP 	text: text = "Press the 'no' key."
93.0153 	EXP 	text: autoDraw = True
93.3187 	DATA 	Keypress: n
93.3346 	EXP 	New trial (rep=4, index=1): OrderedDict([('stimulus', "Press the 'yes' key."), ('corrAns', 'c')])
93.3619 	EXP 	text: autoDraw = False
93.3619 	EXP 	text: text = "Press the 'yes' key."
93.3619 	EXP 	text: autoDraw = True
93.8075 	DATA 	Keypress: c
93.8283 	EXP 	text: autoDraw = False
93.8283 	EXP 	task_instructions: autoDraw = True
94.7100 	DATA 	Keypress: space
94.7283 	EXP 	task_instructions: autoDraw = False
94.7283 	EXP 	practice_block: autoDraw = True
95.5438 	DEBUG 	Read csv file with pandas: practice.csv
95.5458 	DEBUG 	Clearing unnamed columns from practice.csv
95.5480 	EXP 	Imported practice.csv as conditions, 20 conditions, 5 params
95.5486 	EXP 	Created sequence: random, trialTypes=20, nReps=1, seed=None
95.5492 	EXP 	New trial (rep=0, index=0): OrderedDict([('file', 'practice_images/man running.jpg'), ('stimulus', 'man running.jpg'), ('condition', 'plausible'), ('block', 'practice'), ('corrAns', 'c')])
95.5773 	DATA 	Keypress: space
95.5954 	EXP 	practice_block: autoDraw = False
95.5954 	EXP 	image_practice: size = array([0.62555556, 0.46888889])
95.5954 	EXP 	image_practice: image = 'practice_images/man running.jpg'
95.5954 	EXP 	trial_instructions_practice: autoDraw = True
95.5954 	EXP 	image_practice: autoDraw = True
96.9551 	DATA 	Keypress: c
96.9727 	EXP 	New trial (rep=0, index=1): OrderedDict([('file', 'practice_images/looking at xray.jpg'), ('stimulus', 'looking at xray.jpg'), ('condition', 'plausible'), ('block', 'practice'), ('corrAns', 'c')])
96.9970 	EXP 	trial_instructions_practice: autoDraw = False
96.9970 	EXP 	image_practice: autoDraw = False
96.9970 	EXP 	image_practice: size = array([0.62555556, 0.46888889])
96.9970 	EXP 	image_practice: image = 'practice_images/looking at xray.jpg'
96.9970 	EXP 	trial_instructions_practice: autoDraw = True
96.9970 	EXP 	image_practice: autoDraw = True
98.0245 	EXP 	New trial (rep=0, index=2): OrderedDict([('file', 'practice_images/man with paper in mouth.jpg'), ('stimulus', 'man with paper in mouth.jpg'), ('condition', 'implausible'), ('block', 'practice'), ('corrAns', 'n')])
98.0446 	DATA 	Keypress: c
98.0618 	EXP 	trial_instructions_practice: autoDraw = False
98.0618 	EXP 	image_practice: autoDraw = False
98.0618 	EXP 	image_practice: size = array([0.62555556, 0.46888889])
98.0618 	EXP 	image_practice: image = 'practice_images/man with paper in mouth.jpg'
98.0618 	EXP 	trial_instructions_practice: autoDraw = True
98.0618 	EXP 	image_practice: autoDraw = True
98.9535 	EXP 	New trial (rep=0, index=3): OrderedDict([('file', 'practice_images/buisness man working.jpg'), ('stimulus', 'buisness man working.jpg'), ('condition', 'plausible'), ('block', 'practice'), ('corrAns', 'c')])
98.9699 	DATA 	Keypress: n
98.9851 	EXP 	trial_instructions_practice: autoDraw = False
98.9851 	EXP 	image_practice: autoDraw = False
98.9851 	EXP 	image_practice: size = array([0.62555556, 0.46888889])
98.9851 	EXP 	image_practice: image = 'practice_images/buisness man working.jpg'
98.9851 	EXP 	trial_instructions_practice: autoDraw = True
98.9851 	EXP 	image_practice: autoDraw = True
100.7542 	EXP 	New trial (rep=0, index=4): OrderedDict([('file', 'practice_images/throwing noodles.jpg'), ('stimulus', 'throwing noodles.jpg'), ('condition', 'implausible'), ('block', 'practice'), ('corrAns', 'n')])
100.7709 	DATA 	Keypress: c
100.7798 	EXP 	trial_instructions_practice: autoDraw = False
100.7798 	EXP 	image_practice: autoDraw = False
100.7798 	EXP 	image_practice: size = array([0.62555556, 0.46888889])
100.7798 	EXP 	image_practice: image = 'practice_images/throwing noodles.jpg'
100.7798 	EXP 	trial_instructions_practice: autoDraw = True
100.7798 	EXP 	image_practice: autoDraw = True
102.1053 	EXP 	New trial (rep=0, index=5): OrderedDict([('file', 'practice_images/bikini woman gun.jpg'), ('stimulus', 'bikini woman gun.jpg'), ('condition', 'implausible'), ('block', 'practice'), ('corrAns', 'n')])
102.1211 	EXP 	New trial (rep=0, index=6): OrderedDict([('file', 'practice_images/boss bably.jpg'), ('stimulus', 'boss bably.jpg'), ('condition', 'implausible'), ('block', 'practice'), ('corrAns', 'n')])
102.1221 	ERROR 	Couldn't find image practice_images/boss bably.jpg; check path? (tried: C:\Users\cukel\OneDrive\Documents\GitHub\Event-Task\practice_images\boss bably.jpg)
102.2700 	EXP 	window1: mouseVisible = True
102.2701 	DEBUG 	Saving data for EventTask ExperimentHandler
102.2722 	INFO 	saved data to C:\Users\cukel\OneDrive\Documents\GitHub\Event-Task\data/_EventTask_2021_Jun_16_1021.psydat
102.2756 	INFO 	saved data to 'C:\\Users\\cukel\\OneDrive\\Documents\\GitHub\\Event-Task\\data/_EventTask_2021_Jun_16_1021.csv'
