1.0662 	WARNING 	We strongly recommend you activate the PTB sound engine in PsychoPy prefs as the preferred audio engine. Its timing is vastly superior. Your prefs are currently set to use ['sounddevice', 'PTB', 'pyo', 'pygame'] (in that order).
5.2858 	INFO 	Loaded monitor calibration from ['2020_10_01 13:01']
6.5485 	EXP 	Created window1 = Window(allowGUI=True, allowStencil=False, autoLog=True, backendConf=UNKNOWN, bitsMode=UNKNOWN, blendMode='avg', bpc=(8, 8, 8), color=array([0, 0, 0]), colorSpace='rgb', depthBits=8, fullscr=<method-wrapper '__getattribute__' of attributeSetter object at 0x0000019078204588>, gamma=None, gammaErrorPolicy='raise', lms=UNKNOWN, monitor=<psychopy.monitors.calibTools.Monitor object at 0x0000019078299C50>, multiSample=False, name='window1', numSamples=2, pos=[240.0, 90.0], screen=0, size=array([1440,  900]), stencilBits=0, stereo=False, units='height', useFBO=True, useRetina=False, viewOri=0.0, viewPos=None, viewScale=None, waitBlanking=True, winType='pyglet')
6.5487 	EXP 	window1: mouseVisible = True
6.5488 	EXP 	window1: recordFrameIntervals = False
6.7156 	EXP 	window1: recordFrameIntervals = True
7.1528 	WARNING 	t of last frame was 22.14ms (=1/45)
7.1738 	WARNING 	t of last frame was 20.99ms (=1/47)
7.1974 	WARNING 	t of last frame was 23.59ms (=1/42)
7.4512 	WARNING 	t of last frame was 20.60ms (=1/48)
8.3997 	WARNING 	Couldn't measure a consistent frame rate.
  - Is your graphics card set to sync to vertical blank?
  - Are you running other processes on your computer?

8.6766 	EXP 	Created std_instructions = TextStim(__class__=<class 'psychopy.visual.text.TextStim'>, alignHoriz=method-wrapper(...), alignText='center', alignVert=method-wrapper(...), anchorHoriz='center', anchorVert='center', antialias=True, autoLog=True, bold=False, color=array([-1, -1, -1]), colorSpace='rgb', contrast=1.0, depth=0.0, flipHoriz=False, flipVert=False, font='Open Sans', fontFiles=[], height=0.05, italic=False, languageStyle='LTR', name='std_instructions', opacity=1, ori=0.0, pos=array([0., 0.]), rgb=UNKNOWN, text=str(...), units='height', win=Window(...), wrapWidth=1)
8.6773 	EXP 	Created text = TextStim(__class__=<class 'psychopy.visual.text.TextStim'>, alignHoriz=method-wrapper(...), alignText='center', alignVert=method-wrapper(...), anchorHoriz='center', anchorVert='center', antialias=True, autoLog=True, bold=False, color=array([-1, -1, -1]), colorSpace='rgb', contrast=1.0, depth=-1.0, flipHoriz=False, flipVert=False, font='Open Sans', fontFiles=[], height=0.05, italic=False, languageStyle='LTR', name='text', opacity=1, ori=0.0, pos=array([0., 0.]), rgb=UNKNOWN, text='', units='height', win=Window(...), wrapWidth=1)
8.7037 	EXP 	Created task_instructions = TextStim(__class__=<class 'psychopy.visual.text.TextStim'>, alignHoriz=method-wrapper(...), alignText='center', alignVert=method-wrapper(...), anchorHoriz='center', anchorVert='center', antialias=True, autoLog=True, bold=False, color=array([-1, -1, -1]), colorSpace='rgb', contrast=1.0, depth=0.0, flipHoriz=False, flipVert=False, font='Open Sans', fontFiles=[], height=0.05, italic=False, languageStyle='LTR', name='task_instructions', opacity=1, ori=0.0, pos=array([0., 0.]), rgb=UNKNOWN, text=str(...), units='height', win=Window(...), wrapWidth=1)
8.7163 	EXP 	Created practice_block = TextStim(__class__=<class 'psychopy.visual.text.TextStim'>, alignHoriz=method-wrapper(...), alignText='center', alignVert=method-wrapper(...), anchorHoriz='center', anchorVert='center', antialias=True, autoLog=True, bold=False, color=array([-1, -1, -1]), colorSpace='rgb', contrast=1.0, depth=0.0, flipHoriz=False, flipVert=False, font='Open Sans', fontFiles=[], height=0.1, italic=False, languageStyle='LTR', name='practice_block', opacity=1, ori=0.0, pos=array([0., 0.]), rgb=UNKNOWN, text='Practice Block', units='height', win=Window(...), wrapWidth=1)
8.7281 	EXP 	Created trial_instructions_practice = TextStim(__class__=<class 'psychopy.visual.text.TextStim'>, alignHoriz=method-wrapper(...), alignText='center', alignVert=method-wrapper(...), anchorHoriz='center', anchorVert='center', antialias=True, autoLog=True, bold=False, color=array([-1, -1, -1]), colorSpace='rgb', contrast=1.0, depth=0.0, flipHoriz=False, flipVert=False, font='Open Sans', fontFiles=[], height=30.0, italic=False, languageStyle='LTR', name='trial_instructions_practice', opacity=1, ori=0.0, pos=array([   0., -300.]), rgb=UNKNOWN, text='C = “YES”             N = “NO”', units='pix', win=Window(...), wrapWidth=500)
8.7328 	EXP 	Created image_practice = ImageStim(__class__=<class 'psychopy.visual.image.ImageStim'>, autoLog=True, color=array([1, 1, 1]), colorSpace='rgb', contrast=1.0, depth=-2.0, flipHoriz=False, flipVert=False, image='sin', interpolate=True, mask=None, maskParams=None, name='image_practice', opacity=1, ori=0.0, pos=array([0., 0.]), size=array([0.5, 0.5]), texRes=128.0, units='height', win=Window(...))
8.7659 	EXP 	Created experiment_block = TextStim(__class__=<class 'psychopy.visual.text.TextStim'>, alignHoriz=method-wrapper(...), alignText='center', alignVert=method-wrapper(...), anchorHoriz='center', anchorVert='center', antialias=True, autoLog=True, bold=False, color=array([-1, -1, -1]), colorSpace='rgb', contrast=1.0, depth=0.0, flipHoriz=False, flipVert=False, font='Open Sans', fontFiles=[], height=0.05, italic=False, languageStyle='LTR', name='experiment_block', opacity=1, ori=0.0, pos=array([0., 0.]), rgb=UNKNOWN, text=str(...), units='height', win=Window(...), wrapWidth=1)
8.7693 	EXP 	Created trial_instructions = TextStim(__class__=<class 'psychopy.visual.text.TextStim'>, alignHoriz=method-wrapper(...), alignText='center', alignVert=method-wrapper(...), anchorHoriz='center', anchorVert='center', antialias=True, autoLog=True, bold=False, color=array([-1, -1, -1]), colorSpace='rgb', contrast=1.0, depth=0.0, flipHoriz=False, flipVert=False, font='Open Sans', fontFiles=[], height=30.0, italic=False, languageStyle='LTR', name='trial_instructions', opacity=1, ori=0.0, pos=array([   0., -300.]), rgb=UNKNOWN, text='C = “YES”             N = “NO”', units='pix', win=Window(...), wrapWidth=500)
8.7728 	EXP 	Created image = ImageStim(__class__=<class 'psychopy.visual.image.ImageStim'>, autoLog=True, color=array([1, 1, 1]), colorSpace='rgb', contrast=1.0, depth=-2.0, flipHoriz=False, flipVert=False, image='sin', interpolate=True, mask=None, maskParams=None, name='image', opacity=1, ori=0.0, pos=array([0., 0.]), size=array([0.5, 0.5]), texRes=128.0, units='height', win=Window(...))
8.8988 	EXP 	Created breakimage = ImageStim(__class__=<class 'psychopy.visual.image.ImageStim'>, autoLog=True, color=array([1, 1, 1]), colorSpace='rgb', contrast=1.0, depth=0.0, flipHoriz=False, flipVert=False, image='breakfile.jpg', interpolate=True, mask=None, maskParams=None, name='breakimage', opacity=1, ori=0.0, pos=array([0., 0.]), size=array([1.6, 0.9]), texRes=128.0, units='height', win=Window(...))
8.9158 	EXP 	Created end_text = TextStim(__class__=<class 'psychopy.visual.text.TextStim'>, alignHoriz=method-wrapper(...), alignText='center', alignVert=method-wrapper(...), anchorHoriz='center', anchorVert='center', antialias=True, autoLog=True, bold=False, color=array([-1, -1, -1]), colorSpace='rgb', contrast=1.0, depth=0.0, flipHoriz=False, flipVert=False, font='Open Sans', fontFiles=[], height=0.1, italic=False, languageStyle='LTR', name='end_text', opacity=1, ori=0.0, pos=array([0., 0.]), rgb=UNKNOWN, text=str(...), units='height', win=Window(...), wrapWidth=1)
8.9636 	WARNING 	Multiple dropped frames have occurred - I'll stop bothering you about them!
8.9623 	EXP 	std_instructions: autoDraw = True
9.5973 	DEBUG 	Read csv file with pandas: standardizingRTs.csv
9.5988 	DEBUG 	Clearing unnamed columns from standardizingRTs.csv
9.5991 	EXP 	Imported standardizingRTs.csv as conditions, 2 conditions, 2 params
9.5995 	EXP 	Created sequence: random, trialTypes=2, nReps=10, seed=None
9.5998 	EXP 	New trial (rep=0, index=0): OrderedDict([('stimulus', "Press the 'yes' key."), ('corrAns', 'c')])
9.6089 	DATA 	Keypress: space
9.6284 	EXP 	std_instructions: autoDraw = False
9.6284 	EXP 	text: text = "Press the 'yes' key."
9.6284 	EXP 	text: autoDraw = True
10.0389 	EXP 	New trial (rep=0, index=1): OrderedDict([('stimulus', "Press the 'no' key."), ('corrAns', 'n')])
10.0535 	DATA 	Keypress: c
10.0636 	EXP 	text: autoDraw = False
10.0636 	EXP 	text: text = "Press the 'no' key."
10.0636 	EXP 	text: autoDraw = True
10.3369 	DATA 	Keypress: n
10.3542 	EXP 	New trial (rep=1, index=0): OrderedDict([('stimulus', "Press the 'no' key."), ('corrAns', 'n')])
10.3817 	EXP 	text: autoDraw = False
10.3817 	EXP 	text: text = "Press the 'no' key."
10.3817 	EXP 	text: autoDraw = True
10.6533 	EXP 	New trial (rep=1, index=1): OrderedDict([('stimulus', "Press the 'yes' key."), ('corrAns', 'c')])
10.6663 	DATA 	Keypress: c
10.6782 	EXP 	text: autoDraw = False
10.6782 	EXP 	text: text = "Press the 'yes' key."
10.6782 	EXP 	text: autoDraw = True
10.9366 	DATA 	Keypress: n
10.9538 	EXP 	New trial (rep=2, index=0): OrderedDict([('stimulus', "Press the 'no' key."), ('corrAns', 'n')])
10.9790 	EXP 	text: autoDraw = False
10.9790 	EXP 	text: text = "Press the 'no' key."
10.9790 	EXP 	text: autoDraw = True
11.5056 	EXP 	New trial (rep=2, index=1): OrderedDict([('stimulus', "Press the 'yes' key."), ('corrAns', 'c')])
11.5228 	DATA 	Keypress: c
11.5468 	EXP 	text: autoDraw = False
11.5468 	EXP 	text: text = "Press the 'yes' key."
11.5468 	EXP 	text: autoDraw = True
12.0192 	EXP 	New trial (rep=3, index=0): OrderedDict([('stimulus', "Press the 'yes' key."), ('corrAns', 'c')])
12.0265 	DATA 	Keypress: n
12.0473 	EXP 	text: autoDraw = False
12.0473 	EXP 	text: text = "Press the 'yes' key."
12.0473 	EXP 	text: autoDraw = True
12.3398 	DATA 	Keypress: c
12.3710 	EXP 	New trial (rep=3, index=1): OrderedDict([('stimulus', "Press the 'no' key."), ('corrAns', 'n')])
12.3964 	EXP 	text: autoDraw = False
12.3964 	EXP 	text: text = "Press the 'no' key."
12.3964 	EXP 	text: autoDraw = True
12.8526 	EXP 	New trial (rep=4, index=0): OrderedDict([('stimulus', "Press the 'no' key."), ('corrAns', 'n')])
12.8575 	DATA 	Keypress: n
12.8780 	EXP 	text: autoDraw = False
12.8780 	EXP 	text: text = "Press the 'no' key."
12.8780 	EXP 	text: autoDraw = True
13.1956 	EXP 	New trial (rep=4, index=1): OrderedDict([('stimulus', "Press the 'yes' key."), ('corrAns', 'c')])
13.2088 	DATA 	Keypress: n
13.2284 	EXP 	text: autoDraw = False
13.2284 	EXP 	text: text = "Press the 'yes' key."
13.2284 	EXP 	text: autoDraw = True
13.6391 	DATA 	Keypress: c
13.6558 	EXP 	New trial (rep=5, index=0): OrderedDict([('stimulus', "Press the 'yes' key."), ('corrAns', 'c')])
13.6792 	EXP 	text: autoDraw = False
13.6792 	EXP 	text: text = "Press the 'yes' key."
13.6792 	EXP 	text: autoDraw = True
14.0362 	EXP 	New trial (rep=5, index=1): OrderedDict([('stimulus', "Press the 'no' key."), ('corrAns', 'n')])
14.0482 	DATA 	Keypress: c
14.0631 	EXP 	text: autoDraw = False
14.0631 	EXP 	text: text = "Press the 'no' key."
14.0631 	EXP 	text: autoDraw = True
14.4698 	EXP 	New trial (rep=6, index=0): OrderedDict([('stimulus', "Press the 'no' key."), ('corrAns', 'n')])
14.4747 	DATA 	Keypress: n
14.4963 	EXP 	text: autoDraw = False
14.4963 	EXP 	text: text = "Press the 'no' key."
14.4963 	EXP 	text: autoDraw = True
14.7874 	EXP 	New trial (rep=6, index=1): OrderedDict([('stimulus', "Press the 'yes' key."), ('corrAns', 'c')])
14.8021 	DATA 	Keypress: n
14.8131 	EXP 	text: autoDraw = False
14.8131 	EXP 	text: text = "Press the 'yes' key."
14.8131 	EXP 	text: autoDraw = True
15.2352 	EXP 	New trial (rep=7, index=0): OrderedDict([('stimulus', "Press the 'no' key."), ('corrAns', 'n')])
15.2465 	DATA 	Keypress: c
15.2610 	EXP 	text: autoDraw = False
15.2610 	EXP 	text: text = "Press the 'no' key."
15.2610 	EXP 	text: autoDraw = True
15.6103 	DATA 	Keypress: n
15.6393 	EXP 	New trial (rep=7, index=1): OrderedDict([('stimulus', "Press the 'yes' key."), ('corrAns', 'c')])
15.6775 	EXP 	text: autoDraw = False
15.6775 	EXP 	text: text = "Press the 'yes' key."
15.6775 	EXP 	text: autoDraw = True
16.0213 	DATA 	Keypress: c
16.0386 	EXP 	New trial (rep=8, index=0): OrderedDict([('stimulus', "Press the 'no' key."), ('corrAns', 'n')])
16.0784 	EXP 	text: autoDraw = False
16.0784 	EXP 	text: text = "Press the 'no' key."
16.0784 	EXP 	text: autoDraw = True
16.3876 	DATA 	Keypress: n
16.9040 	EXP 	New trial (rep=8, index=1): OrderedDict([('stimulus', "Press the 'yes' key."), ('corrAns', 'c')])
16.9240 	DATA 	Keypress: n
16.9470 	EXP 	text: autoDraw = False
16.9470 	EXP 	text: text = "Press the 'yes' key."
16.9470 	EXP 	text: autoDraw = True
17.3372 	DATA 	Keypress: c
17.3551 	EXP 	New trial (rep=9, index=0): OrderedDict([('stimulus', "Press the 'no' key."), ('corrAns', 'n')])
17.3792 	EXP 	text: autoDraw = False
17.3792 	EXP 	text: text = "Press the 'no' key."
17.3792 	EXP 	text: autoDraw = True
17.7373 	EXP 	New trial (rep=9, index=1): OrderedDict([('stimulus', "Press the 'yes' key."), ('corrAns', 'c')])
17.7599 	DATA 	Keypress: n
17.7775 	EXP 	text: autoDraw = False
17.7775 	EXP 	text: text = "Press the 'yes' key."
17.7775 	EXP 	text: autoDraw = True
18.1275 	DATA 	Keypress: c
18.1454 	EXP 	text: autoDraw = False
18.1454 	EXP 	task_instructions: autoDraw = True
19.3679 	DATA 	Keypress: space
22.9040 	DATA 	Keypress: space
23.4886 	DATA 	Keypress: space
23.5464 	EXP 	task_instructions: autoDraw = False
23.5464 	EXP 	practice_block: autoDraw = True
26.5407 	DEBUG 	Read csv file with pandas: practice.csv
26.5443 	DEBUG 	Clearing unnamed columns from practice.csv
26.5468 	EXP 	Imported practice.csv as conditions, 20 conditions, 5 params
26.5476 	EXP 	Created sequence: random, trialTypes=20, nReps=1, seed=None
26.5484 	EXP 	New trial (rep=0, index=0): OrderedDict([('file', 'practice_images/looking at xray.jpg'), ('stimulus', 'looking at xray.jpg'), ('condition', 'plausible'), ('block', 'practice'), ('corrAns', 'c')])
26.5953 	EXP 	practice_block: autoDraw = False
26.5953 	EXP 	image_practice: size = array([0.62555556, 0.46888889])
26.5953 	EXP 	image_practice: image = 'practice_images/looking at xray.jpg'
26.5953 	EXP 	trial_instructions_practice: autoDraw = True
26.5953 	EXP 	image_practice: autoDraw = True
28.8063 	DATA 	Keypress: d
29.2875 	DATA 	Keypress: d
30.0714 	DATA 	Keypress: c
30.1036 	EXP 	New trial (rep=0, index=1): OrderedDict([('file', 'practice_images/giant coffee.jpg'), ('stimulus', 'giant coffee.jpg'), ('condition', 'implausible'), ('block', 'practice'), ('corrAns', 'n')])
30.1289 	EXP 	trial_instructions_practice: autoDraw = False
30.1289 	EXP 	image_practice: autoDraw = False
30.1289 	EXP 	image_practice: size = array([0.62555556, 0.46888889])
30.1289 	EXP 	image_practice: image = 'practice_images/giant coffee.jpg'
30.1289 	EXP 	trial_instructions_practice: autoDraw = True
30.1289 	EXP 	image_practice: autoDraw = True
31.2533 	DATA 	Keypress: n
31.2698 	EXP 	New trial (rep=0, index=2): OrderedDict([('file', 'practice_images/throwing noodles.jpg'), ('stimulus', 'throwing noodles.jpg'), ('condition', 'implausible'), ('block', 'practice'), ('corrAns', 'n')])
31.3104 	EXP 	trial_instructions_practice: autoDraw = False
31.3104 	EXP 	image_practice: autoDraw = False
31.3104 	EXP 	image_practice: size = array([0.62555556, 0.46888889])
31.3104 	EXP 	image_practice: image = 'practice_images/throwing noodles.jpg'
31.3104 	EXP 	trial_instructions_practice: autoDraw = True
31.3104 	EXP 	image_practice: autoDraw = True
31.9544 	EXP 	New trial (rep=0, index=3): OrderedDict([('file', 'practice_images/balancing on umbrella.jpg'), ('stimulus', 'balancing on umbrella.jpg'), ('condition', 'implausible'), ('block', 'practice'), ('corrAns', 'n')])
31.9783 	DATA 	Keypress: c
31.9937 	EXP 	trial_instructions_practice: autoDraw = False
31.9937 	EXP 	image_practice: autoDraw = False
31.9937 	EXP 	image_practice: size = array([0.62555556, 0.46888889])
31.9937 	EXP 	image_practice: image = 'practice_images/balancing on umbrella.jpg'
31.9937 	EXP 	trial_instructions_practice: autoDraw = True
31.9937 	EXP 	image_practice: autoDraw = True
32.5033 	EXP 	New trial (rep=0, index=4): OrderedDict([('file', 'practice_images/buisness man working.jpg'), ('stimulus', 'buisness man working.jpg'), ('condition', 'plausible'), ('block', 'practice'), ('corrAns', 'c')])
32.5218 	DATA 	Keypress: c
32.5439 	EXP 	trial_instructions_practice: autoDraw = False
32.5439 	EXP 	image_practice: autoDraw = False
32.5439 	EXP 	image_practice: size = array([0.62555556, 0.46888889])
32.5439 	EXP 	image_practice: image = 'practice_images/buisness man working.jpg'
32.5439 	EXP 	trial_instructions_practice: autoDraw = True
32.5439 	EXP 	image_practice: autoDraw = True
33.8215 	EXP 	New trial (rep=0, index=5): OrderedDict([('file', 'practice_images/mowing the lawn.jpg'), ('stimulus', 'mowing the lawn.jpg'), ('condition', 'plausible'), ('block', 'practice'), ('corrAns', 'c')])
33.8417 	DATA 	Keypress: c
33.8616 	EXP 	trial_instructions_practice: autoDraw = False
33.8616 	EXP 	image_practice: autoDraw = False
33.8616 	EXP 	image_practice: size = array([0.62555556, 0.46888889])
33.8616 	EXP 	image_practice: image = 'practice_images/mowing the lawn.jpg'
33.8616 	EXP 	trial_instructions_practice: autoDraw = True
33.8616 	EXP 	image_practice: autoDraw = True
34.9207 	EXP 	New trial (rep=0, index=6): OrderedDict([('file', 'practice_images/sawing apple.jpg'), ('stimulus', 'sawing apple.jpg'), ('condition', 'implausible'), ('block', 'practice'), ('corrAns', 'n')])
34.9310 	DATA 	Keypress: c
34.9475 	EXP 	trial_instructions_practice: autoDraw = False
34.9475 	EXP 	image_practice: autoDraw = False
34.9475 	EXP 	image_practice: size = array([0.62555556, 0.46888889])
34.9475 	EXP 	image_practice: image = 'practice_images/sawing apple.jpg'
34.9475 	EXP 	trial_instructions_practice: autoDraw = True
34.9475 	EXP 	image_practice: autoDraw = True
36.0711 	DATA 	Keypress: n
36.1011 	EXP 	New trial (rep=0, index=7): OrderedDict([('file', 'practice_images/bikini woman gun.jpg'), ('stimulus', 'bikini woman gun.jpg'), ('condition', 'implausible'), ('block', 'practice'), ('corrAns', 'n')])
36.1451 	EXP 	trial_instructions_practice: autoDraw = False
36.1451 	EXP 	image_practice: autoDraw = False
36.1451 	EXP 	image_practice: size = array([0.62555556, 0.46888889])
36.1451 	EXP 	image_practice: image = 'practice_images/bikini woman gun.jpg'
36.1451 	EXP 	trial_instructions_practice: autoDraw = True
36.1451 	EXP 	image_practice: autoDraw = True
36.8848 	EXP 	New trial (rep=0, index=8): OrderedDict([('file', 'practice_images/dog playing.jpg'), ('stimulus', 'dog playing.jpg'), ('condition', 'plausible'), ('block', 'practice'), ('corrAns', 'c')])
36.9161 	DATA 	Keypress: n
36.9299 	EXP 	trial_instructions_practice: autoDraw = False
36.9299 	EXP 	image_practice: autoDraw = False
36.9299 	EXP 	image_practice: size = array([0.62555556, 0.46888889])
36.9299 	EXP 	image_practice: image = 'practice_images/dog playing.jpg'
36.9299 	EXP 	trial_instructions_practice: autoDraw = True
36.9299 	EXP 	image_practice: autoDraw = True
37.7685 	EXP 	New trial (rep=0, index=9): OrderedDict([('file', 'practice_images/boss baby.jpg'), ('stimulus', 'boss bably.jpg'), ('condition', 'implausible'), ('block', 'practice'), ('corrAns', 'n')])
37.7902 	EXP 	New trial (rep=0, index=10): OrderedDict([('file', 'practice_images/dog pilot.jpg'), ('stimulus', 'dog pilot.jpg'), ('condition', 'implausible'), ('block', 'practice'), ('corrAns', 'n')])
37.8028 	EXP 	New trial (rep=0, index=11): OrderedDict([('file', 'practice_images/man with paper in mouth.jpg'), ('stimulus', 'man with paper in mouth.jpg'), ('condition', 'implausible'), ('block', 'practice'), ('corrAns', 'n')])
37.8148 	EXP 	New trial (rep=0, index=12): OrderedDict([('file', 'practice_images/man running.jpg'), ('stimulus', 'man running.jpg'), ('condition', 'plausible'), ('block', 'practice'), ('corrAns', 'c')])
37.8267 	EXP 	New trial (rep=0, index=13): OrderedDict([('file', 'practice_images/woman vacuuming grass.jpg'), ('stimulus', 'woman vacuuming grass.jpg'), ('condition', 'implausible'), ('block', 'practice'), ('corrAns', 'n')])
37.8365 	EXP 	New trial (rep=0, index=14): OrderedDict([('file', 'practice_images/boxer training.jpg'), ('stimulus', 'boxer training.jpg'), ('condition', 'plausible'), ('block', 'practice'), ('corrAns', 'c')])
37.8444 	EXP 	New trial (rep=0, index=15): OrderedDict([('file', 'practice_images/parking lot.jpg'), ('stimulus', 'parking lot.jpg'), ('condition', 'plausible'), ('block', 'practice'), ('corrAns', 'c')])
37.8514 	EXP 	New trial (rep=0, index=16): OrderedDict([('file', 'practice_images/underwater skateboard.jpg'), ('stimulus', 'underwater skateboard.jpg'), ('condition', 'implausible'), ('block', 'practice'), ('corrAns', 'n')])
37.8584 	EXP 	New trial (rep=0, index=17): OrderedDict([('file', 'practice_images/kids playing.jpg'), ('stimulus', 'kids playing.jpg'), ('condition', 'plausible'), ('block', 'practice'), ('corrAns', 'c')])
37.8654 	EXP 	New trial (rep=0, index=18): OrderedDict([('file', 'practice_images/girl and woman_patio.jpg'), ('stimulus', 'girl and woman_patio.jpg'), ('condition', 'plausible'), ('block', 'practice'), ('corrAns', 'c')])
37.8736 	EXP 	New trial (rep=0, index=19): OrderedDict([('file', 'practice_images/family cooking.jpg'), ('stimulus', 'family cooking.jpg'), ('condition', 'plausible'), ('block', 'practice'), ('corrAns', 'c')])
37.8838 	DATA 	Keypress: c
37.8939 	EXP 	trial_instructions_practice: autoDraw = False
37.8939 	EXP 	image_practice: autoDraw = False
37.8939 	EXP 	image_practice: size = array([0.62555556, 0.46888889])
37.8939 	EXP 	image_practice: image = 'practice_images/boss baby.jpg'
37.8939 	EXP 	trial_instructions_practice: autoDraw = True
37.8939 	EXP 	image_practice: autoDraw = True
37.8939 	EXP 	trial_instructions_practice: autoDraw = False
37.8939 	EXP 	image_practice: autoDraw = False
37.8939 	EXP 	image_practice: size = array([0.62555556, 0.46888889])
37.8939 	EXP 	image_practice: image = 'practice_images/dog pilot.jpg'
37.8939 	EXP 	trial_instructions_practice: autoDraw = True
37.8939 	EXP 	image_practice: autoDraw = True
37.8939 	EXP 	trial_instructions_practice: autoDraw = False
37.8939 	EXP 	image_practice: autoDraw = False
37.8939 	EXP 	image_practice: size = array([0.62555556, 0.46888889])
37.8939 	EXP 	image_practice: image = 'practice_images/man with paper in mouth.jpg'
37.8939 	EXP 	trial_instructions_practice: autoDraw = True
37.8939 	EXP 	image_practice: autoDraw = True
37.8939 	EXP 	trial_instructions_practice: autoDraw = False
37.8939 	EXP 	image_practice: autoDraw = False
37.8939 	EXP 	image_practice: size = array([0.62555556, 0.46888889])
37.8939 	EXP 	image_practice: image = 'practice_images/man running.jpg'
37.8939 	EXP 	trial_instructions_practice: autoDraw = True
37.8939 	EXP 	image_practice: autoDraw = True
37.8939 	EXP 	trial_instructions_practice: autoDraw = False
37.8939 	EXP 	image_practice: autoDraw = False
37.8939 	EXP 	image_practice: size = array([0.62555556, 0.46888889])
37.8939 	EXP 	image_practice: image = 'practice_images/woman vacuuming grass.jpg'
37.8939 	EXP 	trial_instructions_practice: autoDraw = True
37.8939 	EXP 	image_practice: autoDraw = True
37.8939 	EXP 	trial_instructions_practice: autoDraw = False
37.8939 	EXP 	image_practice: autoDraw = False
37.8939 	EXP 	image_practice: size = array([0.62555556, 0.46888889])
37.8939 	EXP 	image_practice: image = 'practice_images/boxer training.jpg'
37.8939 	EXP 	trial_instructions_practice: autoDraw = True
37.8939 	EXP 	image_practice: autoDraw = True
37.8939 	EXP 	trial_instructions_practice: autoDraw = False
37.8939 	EXP 	image_practice: autoDraw = False
37.8939 	EXP 	image_practice: size = array([0.62555556, 0.46888889])
37.8939 	EXP 	image_practice: image = 'practice_images/parking lot.jpg'
37.8939 	EXP 	trial_instructions_practice: autoDraw = True
37.8939 	EXP 	image_practice: autoDraw = True
37.8939 	EXP 	trial_instructions_practice: autoDraw = False
37.8939 	EXP 	image_practice: autoDraw = False
37.8939 	EXP 	image_practice: size = array([0.62555556, 0.46888889])
37.8939 	EXP 	image_practice: image = 'practice_images/underwater skateboard.jpg'
37.8939 	EXP 	trial_instructions_practice: autoDraw = True
37.8939 	EXP 	image_practice: autoDraw = True
37.8939 	EXP 	trial_instructions_practice: autoDraw = False
37.8939 	EXP 	image_practice: autoDraw = False
37.8939 	EXP 	image_practice: size = array([0.62555556, 0.46888889])
37.8939 	EXP 	image_practice: image = 'practice_images/kids playing.jpg'
37.8939 	EXP 	trial_instructions_practice: autoDraw = True
37.8939 	EXP 	image_practice: autoDraw = True
37.8939 	EXP 	trial_instructions_practice: autoDraw = False
37.8939 	EXP 	image_practice: autoDraw = False
37.8939 	EXP 	image_practice: size = array([0.62555556, 0.46888889])
37.8939 	EXP 	image_practice: image = 'practice_images/girl and woman_patio.jpg'
37.8939 	EXP 	trial_instructions_practice: autoDraw = True
37.8939 	EXP 	image_practice: autoDraw = True
37.8939 	EXP 	trial_instructions_practice: autoDraw = False
37.8939 	EXP 	image_practice: autoDraw = False
37.8939 	EXP 	image_practice: size = array([0.62555556, 0.46888889])
37.8939 	EXP 	image_practice: image = 'practice_images/family cooking.jpg'
37.8939 	EXP 	trial_instructions_practice: autoDraw = True
37.8939 	EXP 	image_practice: autoDraw = True
37.8939 	EXP 	trial_instructions_practice: autoDraw = False
37.8939 	EXP 	image_practice: autoDraw = False
37.8939 	EXP 	experiment_block: autoDraw = True
41.3071 	DEBUG 	Read csv file with pandas: experiment.csv
41.3098 	DEBUG 	Clearing unnamed columns from experiment.csv
41.3286 	EXP 	Imported experiment.csv as conditions, 256 conditions, 5 params
41.3302 	EXP 	Created sequence: random, trialTypes=256, nReps=1, seed=None
41.3308 	EXP 	New trial (rep=0, index=0): OrderedDict([('file', 'images/man_home office.jpg'), ('stimulus', 'man_home office.jpg'), ('condition', 'Plausible'), ('block', 1), ('corrAns', 'c')])
41.3531 	DATA 	Keypress: space
41.3588 	EXP 	experiment_block: autoDraw = False
41.3588 	EXP 	image: size = array([0.62555556, 0.46888889])
41.3588 	EXP 	image: image = 'images/man_home office.jpg'
41.3588 	EXP 	trial_instructions: autoDraw = True
41.3588 	EXP 	image: autoDraw = True
42.9885 	EXP 	Created sequence: random, trialTypes=1, nReps=0, seed=None
42.9894 	EXP 	New trial (rep=0, index=1): OrderedDict([('file', 'images/man_golfing.jpg'), ('stimulus', 'man_golfing.jpg'), ('condition', 'Plausible'), ('block', 1), ('corrAns', 'c')])
43.0147 	DATA 	Keypress: c
43.0275 	EXP 	trial_instructions: autoDraw = False
43.0275 	EXP 	image: autoDraw = False
43.0275 	EXP 	image: size = array([0.62555556, 0.46888889])
43.0275 	EXP 	image: image = 'images/man_golfing.jpg'
43.0275 	EXP 	trial_instructions: autoDraw = True
43.0275 	EXP 	image: autoDraw = True
43.9543 	DATA 	Keypress: c
43.9865 	EXP 	Created sequence: random, trialTypes=1, nReps=0, seed=None
43.9875 	EXP 	New trial (rep=0, index=2): OrderedDict([('file', 'images/man catching grenade.jpg'), ('stimulus', 'man catching grenade.jpg'), ('condition', 'Implausible'), ('block', 2), ('corrAns', 'n')])
44.0592 	EXP 	trial_instructions: autoDraw = False
44.0592 	EXP 	image: autoDraw = False
44.0592 	EXP 	image: size = array([0.62555556, 0.46888889])
44.0592 	EXP 	image: image = 'images/man catching grenade.jpg'
44.0592 	EXP 	trial_instructions: autoDraw = True
44.0592 	EXP 	image: autoDraw = True
44.3856 	EXP 	Created sequence: random, trialTypes=1, nReps=0, seed=None
44.3859 	EXP 	New trial (rep=0, index=3): OrderedDict([('file', 'images/woman_bikini grocery store.jpg'), ('stimulus', 'woman_bikini grocery store.jpg'), ('condition', 'Implausible'), ('block', 1), ('corrAns', 'n')])
44.3948 	DATA 	Keypress: n
44.4138 	EXP 	trial_instructions: autoDraw = False
44.4138 	EXP 	image: autoDraw = False
44.4138 	EXP 	image: size = array([0.62555556, 0.46888889])
44.4138 	EXP 	image: image = 'images/woman_bikini grocery store.jpg'
44.4138 	EXP 	trial_instructions: autoDraw = True
44.4138 	EXP 	image: autoDraw = True
44.5597 	EXP 	Created sequence: random, trialTypes=1, nReps=0, seed=None
44.5601 	EXP 	New trial (rep=0, index=4): OrderedDict([('file', 'images/business man pole vaulting.jpg'), ('stimulus', 'business man pole vaulting.jpg'), ('condition', 'Implausible'), ('block', 2), ('corrAns', 'n')])
44.5740 	DATA 	Keypress: c
44.5982 	EXP 	trial_instructions: autoDraw = False
44.5982 	EXP 	image: autoDraw = False
44.5982 	EXP 	image: size = array([0.62555556, 0.46888889])
44.5982 	EXP 	image: image = 'images/business man pole vaulting.jpg'
44.5982 	EXP 	trial_instructions: autoDraw = True
44.5982 	EXP 	image: autoDraw = True
44.9355 	EXP 	Created sequence: random, trialTypes=1, nReps=0, seed=None
44.9358 	EXP 	New trial (rep=0, index=5): OrderedDict([('file', 'images/band in the street.jpg'), ('stimulus', 'band in the street.jpg'), ('condition', 'Plausible'), ('block', 1), ('corrAns', 'c')])
44.9505 	DATA 	Keypress: n
44.9662 	EXP 	trial_instructions: autoDraw = False
44.9662 	EXP 	image: autoDraw = False
44.9662 	EXP 	image: size = array([0.62555556, 0.46888889])
44.9662 	EXP 	image: image = 'images/band in the street.jpg'
44.9662 	EXP 	trial_instructions: autoDraw = True
44.9662 	EXP 	image: autoDraw = True
45.1020 	EXP 	Created sequence: random, trialTypes=1, nReps=0, seed=None
45.1026 	EXP 	New trial (rep=0, index=6): OrderedDict([('file', 'images/man praying to soccer ball in tv.jpg'), ('stimulus', 'man praying to soccer ball in tv.jpg'), ('condition', 'Implausible'), ('block', 2), ('corrAns', 'n')])
45.1193 	DATA 	Keypress: c
45.1276 	EXP 	trial_instructions: autoDraw = False
45.1276 	EXP 	image: autoDraw = False
45.1276 	EXP 	image: size = array([0.62555556, 0.46888889])
45.1276 	EXP 	image: image = 'images/man praying to soccer ball in tv.jpg'
45.1276 	EXP 	trial_instructions: autoDraw = True
45.1276 	EXP 	image: autoDraw = True
45.2329 	EXP 	Created sequence: random, trialTypes=1, nReps=0, seed=None
45.2337 	EXP 	New trial (rep=0, index=7): OrderedDict([('file', 'images/cabbage headphones.jpg'), ('stimulus', 'cabbage headphones.jpg'), ('condition', 'Implausible'), ('block', 2), ('corrAns', 'n')])
45.2744 	DATA 	Keypress: n
45.2962 	EXP 	trial_instructions: autoDraw = False
45.2962 	EXP 	image: autoDraw = False
45.2962 	EXP 	image: size = array([0.62555556, 0.46888889])
45.2962 	EXP 	image: image = 'images/cabbage headphones.jpg'
45.2962 	EXP 	trial_instructions: autoDraw = True
45.2962 	EXP 	image: autoDraw = True
45.3709 	DATA 	Keypress: c
45.4001 	EXP 	Created sequence: random, trialTypes=1, nReps=0, seed=None
45.4010 	EXP 	New trial (rep=0, index=8): OrderedDict([('file', 'images/business man with inline skates.jpg'), ('stimulus', 'business man with inline skates.jpg'), ('condition', 'Implausible'), ('block', 2), ('corrAns', 'n')])
45.4638 	EXP 	trial_instructions: autoDraw = False
45.4638 	EXP 	image: autoDraw = False
45.4638 	EXP 	image: size = array([0.62555556, 0.46888889])
45.4638 	EXP 	image: image = 'images/business man with inline skates.jpg'
45.4638 	EXP 	trial_instructions: autoDraw = True
45.4638 	EXP 	image: autoDraw = True
45.4727 	DATA 	Keypress: n
45.6187 	DATA 	Keypress: c
45.6358 	EXP 	Created sequence: random, trialTypes=1, nReps=0, seed=None
45.6366 	EXP 	New trial (rep=0, index=9): OrderedDict([('file', 'images/men standing on doors.jpg'), ('stimulus', 'men standing on doors.jpg'), ('condition', 'Implausible'), ('block', 1), ('corrAns', 'n')])
45.6942 	DATA 	Keypress: n
45.7106 	EXP 	trial_instructions: autoDraw = False
45.7106 	EXP 	image: autoDraw = False
45.7106 	EXP 	image: size = array([0.62555556, 0.46888889])
45.7106 	EXP 	image: image = 'images/men standing on doors.jpg'
45.7106 	EXP 	trial_instructions: autoDraw = True
45.7106 	EXP 	image: autoDraw = True
45.8859 	EXP 	Created sequence: random, trialTypes=1, nReps=0, seed=None
45.8868 	EXP 	New trial (rep=0, index=10): OrderedDict([('file', 'images/man_golfing mtn.jpg'), ('stimulus', 'man_golfing mtn.jpg'), ('condition', 'Plausible'), ('block', 1), ('corrAns', 'c')])
45.9146 	DATA 	Keypress: n
45.9153 	DATA 	Keypress: c
45.9266 	EXP 	trial_instructions: autoDraw = False
45.9266 	EXP 	image: autoDraw = False
45.9266 	EXP 	image: size = array([0.62555556, 0.46888889])
45.9266 	EXP 	image: image = 'images/man_golfing mtn.jpg'
45.9266 	EXP 	trial_instructions: autoDraw = True
45.9266 	EXP 	image: autoDraw = True
46.1861 	EXP 	Created sequence: random, trialTypes=1, nReps=0, seed=None
46.1870 	EXP 	New trial (rep=0, index=11): OrderedDict([('file', 'images/woman_smelling flower.jpg'), ('stimulus', 'woman_smelling flower.jpg'), ('condition', 'Plausible'), ('block', 2), ('corrAns', 'c')])
46.2321 	DATA 	Keypress: n
46.2441 	EXP 	trial_instructions: autoDraw = False
46.2441 	EXP 	image: autoDraw = False
46.2441 	EXP 	image: size = array([0.62555556, 0.46888889])
46.2441 	EXP 	image: image = 'images/woman_smelling flower.jpg'
46.2441 	EXP 	trial_instructions: autoDraw = True
46.2441 	EXP 	image: autoDraw = True
46.3518 	DATA 	Keypress: escape
46.6095 	EXP 	window1: mouseVisible = True
46.6097 	DEBUG 	Saving data for EventTask ExperimentHandler
46.6147 	INFO 	saved data to C:\Users\cukel\OneDrive\Documents\GitHub\Event-Task\data/_EventTask_2021_Jun_16_1038.psydat
46.6234 	INFO 	saved data to 'C:\\Users\\cukel\\OneDrive\\Documents\\GitHub\\Event-Task\\data/_EventTask_2021_Jun_16_1038.csv'
