1.0583 	WARNING 	We strongly recommend you activate the PTB sound engine in PsychoPy prefs as the preferred audio engine. Its timing is vastly superior. Your prefs are currently set to use ['sounddevice', 'PTB', 'pyo', 'pygame'] (in that order).
5.0539 	INFO 	Loaded monitor calibration from ['2020_10_01 13:01']
7.6515 	WARNING 	Couldn't measure a consistent frame rate.
  - Is your graphics card set to sync to vertical blank?
  - Are you running other processes on your computer?

7.6524 	EXP 	Created window1 = Window(allowGUI=True, allowStencil=False, autoLog=True, backendConf=UNKNOWN, bitsMode=UNKNOWN, blendMode='avg', bpc=(8, 8, 8), color=array([0, 0, 0]), colorSpace='rgb', depthBits=8, fullscr=<method-wrapper '__getattribute__' of attributeSetter object at 0x000002848EC50550>, gamma=None, gammaErrorPolicy='raise', lms=UNKNOWN, monitor=<psychopy.monitors.calibTools.Monitor object at 0x000002848ECD4C18>, multiSample=False, name='window1', numSamples=2, pos=[240.0, 90.0], screen=0, size=array([1440,  900]), stencilBits=0, stereo=False, units='height', useFBO=True, useRetina=False, viewOri=0.0, viewPos=None, viewScale=None, waitBlanking=True, winType='pyglet')
7.6527 	EXP 	window1: mouseVisible = True
7.6528 	EXP 	window1: recordFrameIntervals = False
7.8165 	EXP 	window1: recordFrameIntervals = True
9.4835 	WARNING 	Couldn't measure a consistent frame rate.
  - Is your graphics card set to sync to vertical blank?
  - Are you running other processes on your computer?

9.7510 	EXP 	Created std_instructions = TextStim(__class__=<class 'psychopy.visual.text.TextStim'>, alignHoriz=method-wrapper(...), alignText='center', alignVert=method-wrapper(...), anchorHoriz='center', anchorVert='center', antialias=True, autoLog=True, bold=False, color=array([-1, -1, -1]), colorSpace='rgb', contrast=1.0, depth=0.0, flipHoriz=False, flipVert=False, font='Open Sans', fontFiles=[], height=0.05, italic=False, languageStyle='LTR', name='std_instructions', opacity=1, ori=0.0, pos=array([0., 0.]), rgb=UNKNOWN, text=str(...), units='height', win=Window(...), wrapWidth=1)
9.7518 	EXP 	Created text = TextStim(__class__=<class 'psychopy.visual.text.TextStim'>, alignHoriz=method-wrapper(...), alignText='center', alignVert=method-wrapper(...), anchorHoriz='center', anchorVert='center', antialias=True, autoLog=True, bold=False, color=array([-1, -1, -1]), colorSpace='rgb', contrast=1.0, depth=-1.0, flipHoriz=False, flipVert=False, font='Open Sans', fontFiles=[], height=0.05, italic=False, languageStyle='LTR', name='text', opacity=1, ori=0.0, pos=array([0., 0.]), rgb=UNKNOWN, text='', units='height', win=Window(...), wrapWidth=1)
9.7785 	EXP 	Created task_instructions = TextStim(__class__=<class 'psychopy.visual.text.TextStim'>, alignHoriz=method-wrapper(...), alignText='center', alignVert=method-wrapper(...), anchorHoriz='center', anchorVert='center', antialias=True, autoLog=True, bold=False, color=array([-1, -1, -1]), colorSpace='rgb', contrast=1.0, depth=0.0, flipHoriz=False, flipVert=False, font='Open Sans', fontFiles=[], height=0.05, italic=False, languageStyle='LTR', name='task_instructions', opacity=1, ori=0.0, pos=array([0., 0.]), rgb=UNKNOWN, text=str(...), units='height', win=Window(...), wrapWidth=1)
9.7907 	EXP 	Created practice_block = TextStim(__class__=<class 'psychopy.visual.text.TextStim'>, alignHoriz=method-wrapper(...), alignText='center', alignVert=method-wrapper(...), anchorHoriz='center', anchorVert='center', antialias=True, autoLog=True, bold=False, color=array([-1, -1, -1]), colorSpace='rgb', contrast=1.0, depth=0.0, flipHoriz=False, flipVert=False, font='Open Sans', fontFiles=[], height=0.1, italic=False, languageStyle='LTR', name='practice_block', opacity=1, ori=0.0, pos=array([0., 0.]), rgb=UNKNOWN, text='Practice Block', units='height', win=Window(...), wrapWidth=1)
9.8032 	EXP 	Created trial_instructions_practice = TextStim(__class__=<class 'psychopy.visual.text.TextStim'>, alignHoriz=method-wrapper(...), alignText='center', alignVert=method-wrapper(...), anchorHoriz='center', anchorVert='center', antialias=True, autoLog=True, bold=False, color=array([-1, -1, -1]), colorSpace='rgb', contrast=1.0, depth=0.0, flipHoriz=False, flipVert=False, font='Open Sans', fontFiles=[], height=30.0, italic=False, languageStyle='LTR', name='trial_instructions_practice', opacity=1, ori=0.0, pos=array([   0., -300.]), rgb=UNKNOWN, text='C = “YES”             N = “NO”', units='pix', win=Window(...), wrapWidth=500)
9.8080 	EXP 	Created image_practice = ImageStim(__class__=<class 'psychopy.visual.image.ImageStim'>, autoLog=True, color=array([1, 1, 1]), colorSpace='rgb', contrast=1.0, depth=-2.0, flipHoriz=False, flipVert=False, image='sin', interpolate=True, mask=None, maskParams=None, name='image_practice', opacity=1, ori=0.0, pos=array([0., 0.]), size=array([0.5, 0.5]), texRes=128.0, units='height', win=Window(...))
9.8403 	EXP 	Created experiment_block = TextStim(__class__=<class 'psychopy.visual.text.TextStim'>, alignHoriz=method-wrapper(...), alignText='center', alignVert=method-wrapper(...), anchorHoriz='center', anchorVert='center', antialias=True, autoLog=True, bold=False, color=array([-1, -1, -1]), colorSpace='rgb', contrast=1.0, depth=0.0, flipHoriz=False, flipVert=False, font='Open Sans', fontFiles=[], height=0.05, italic=False, languageStyle='LTR', name='experiment_block', opacity=1, ori=0.0, pos=array([0., 0.]), rgb=UNKNOWN, text=str(...), units='height', win=Window(...), wrapWidth=1)
9.8439 	EXP 	Created trial_instructions = TextStim(__class__=<class 'psychopy.visual.text.TextStim'>, alignHoriz=method-wrapper(...), alignText='center', alignVert=method-wrapper(...), anchorHoriz='center', anchorVert='center', antialias=True, autoLog=True, bold=False, color=array([-1, -1, -1]), colorSpace='rgb', contrast=1.0, depth=0.0, flipHoriz=False, flipVert=False, font='Open Sans', fontFiles=[], height=30.0, italic=False, languageStyle='LTR', name='trial_instructions', opacity=1, ori=0.0, pos=array([   0., -300.]), rgb=UNKNOWN, text='C = “YES”             N = “NO”', units='pix', win=Window(...), wrapWidth=500)
9.8473 	EXP 	Created image = ImageStim(__class__=<class 'psychopy.visual.image.ImageStim'>, autoLog=True, color=array([1, 1, 1]), colorSpace='rgb', contrast=1.0, depth=-2.0, flipHoriz=False, flipVert=False, image='sin', interpolate=True, mask=None, maskParams=None, name='image', opacity=1, ori=0.0, pos=array([0., 0.]), size=array([0.5, 0.5]), texRes=128.0, units='height', win=Window(...))
9.9711 	EXP 	Created breakimage = ImageStim(__class__=<class 'psychopy.visual.image.ImageStim'>, autoLog=True, color=array([1, 1, 1]), colorSpace='rgb', contrast=1.0, depth=0.0, flipHoriz=False, flipVert=False, image='breakfile.jpg', interpolate=True, mask=None, maskParams=None, name='breakimage', opacity=1, ori=0.0, pos=array([0., 0.]), size=array([1.6, 0.9]), texRes=128.0, units='height', win=Window(...))
9.9892 	EXP 	Created end_text = TextStim(__class__=<class 'psychopy.visual.text.TextStim'>, alignHoriz=method-wrapper(...), alignText='center', alignVert=method-wrapper(...), anchorHoriz='center', anchorVert='center', antialias=True, autoLog=True, bold=False, color=array([-1, -1, -1]), colorSpace='rgb', contrast=1.0, depth=0.0, flipHoriz=False, flipVert=False, font='Open Sans', fontFiles=[], height=0.1, italic=False, languageStyle='LTR', name='end_text', opacity=1, ori=0.0, pos=array([0., 0.]), rgb=UNKNOWN, text=str(...), units='height', win=Window(...), wrapWidth=1)
10.0312 	WARNING 	t of last frame was 548.20ms (=1/1)
10.0312 	EXP 	std_instructions: autoDraw = True
10.2499 	WARNING 	t of last frame was 32.61ms (=1/30)
10.3167 	WARNING 	t of last frame was 32.22ms (=1/31)
10.3831 	WARNING 	t of last frame was 32.06ms (=1/31)
10.4508 	WARNING 	Multiple dropped frames have occurred - I'll stop bothering you about them!
11.4724 	DATA 	Keypress: space
11.5331 	DEBUG 	Read csv file with pandas: standardizingRTs.csv
11.5365 	DEBUG 	Clearing unnamed columns from standardizingRTs.csv
11.5368 	EXP 	Imported standardizingRTs.csv as conditions, 2 conditions, 2 params
11.5373 	EXP 	Created sequence: fullRandom, trialTypes=2, nReps=10, seed=None
11.5379 	EXP 	New trial (rep=0, index=0): OrderedDict([('stimulus', "Press the 'no' key."), ('corrAns', 'n')])
11.5655 	EXP 	std_instructions: autoDraw = False
11.5655 	EXP 	text: text = "Press the 'no' key."
11.5655 	EXP 	text: autoDraw = True
12.3430 	EXP 	New trial (rep=0, index=1): OrderedDict([('stimulus', "Press the 'no' key."), ('corrAns', 'n')])
12.3501 	DATA 	Keypress: n
12.3664 	EXP 	text: autoDraw = False
12.3664 	EXP 	text: text = "Press the 'no' key."
12.3664 	EXP 	text: autoDraw = True
12.7565 	EXP 	New trial (rep=1, index=0): OrderedDict([('stimulus', "Press the 'yes' key."), ('corrAns', 'c')])
12.7778 	DATA 	Keypress: n
12.7973 	EXP 	text: autoDraw = False
12.7973 	EXP 	text: text = "Press the 'yes' key."
12.7973 	EXP 	text: autoDraw = True
13.2230 	EXP 	New trial (rep=1, index=1): OrderedDict([('stimulus', "Press the 'yes' key."), ('corrAns', 'c')])
13.2297 	DATA 	Keypress: c
13.2493 	EXP 	text: autoDraw = False
13.2493 	EXP 	text: text = "Press the 'yes' key."
13.2493 	EXP 	text: autoDraw = True
13.6361 	EXP 	New trial (rep=2, index=0): OrderedDict([('stimulus', "Press the 'yes' key."), ('corrAns', 'c')])
13.6428 	DATA 	Keypress: c
13.6639 	EXP 	text: autoDraw = False
13.6639 	EXP 	text: text = "Press the 'yes' key."
13.6639 	EXP 	text: autoDraw = True
14.1545 	EXP 	New trial (rep=2, index=1): OrderedDict([('stimulus', "Press the 'yes' key."), ('corrAns', 'c')])
14.1624 	DATA 	Keypress: c
14.1811 	EXP 	text: autoDraw = False
14.1811 	EXP 	text: text = "Press the 'yes' key."
14.1811 	EXP 	text: autoDraw = True
14.5764 	EXP 	New trial (rep=3, index=0): OrderedDict([('stimulus', "Press the 'yes' key."), ('corrAns', 'c')])
14.5835 	DATA 	Keypress: c
14.5996 	EXP 	text: autoDraw = False
14.5996 	EXP 	text: text = "Press the 'yes' key."
14.5996 	EXP 	text: autoDraw = True
15.0245 	EXP 	New trial (rep=3, index=1): OrderedDict([('stimulus', "Press the 'no' key."), ('corrAns', 'n')])
15.0444 	DATA 	Keypress: c
15.0636 	EXP 	text: autoDraw = False
15.0636 	EXP 	text: text = "Press the 'no' key."
15.0636 	EXP 	text: autoDraw = True
15.4380 	EXP 	New trial (rep=4, index=0): OrderedDict([('stimulus', "Press the 'yes' key."), ('corrAns', 'c')])
15.4583 	DATA 	Keypress: n
15.4826 	EXP 	text: autoDraw = False
15.4826 	EXP 	text: text = "Press the 'yes' key."
15.4826 	EXP 	text: autoDraw = True
15.8910 	DATA 	Keypress: c
15.9055 	EXP 	New trial (rep=4, index=1): OrderedDict([('stimulus', "Press the 'no' key."), ('corrAns', 'n')])
15.9471 	EXP 	text: autoDraw = False
15.9471 	EXP 	text: text = "Press the 'no' key."
15.9471 	EXP 	text: autoDraw = True
16.2574 	EXP 	New trial (rep=5, index=0): OrderedDict([('stimulus', "Press the 'no' key."), ('corrAns', 'n')])
16.2635 	DATA 	Keypress: n
16.2805 	EXP 	text: autoDraw = False
16.2805 	EXP 	text: text = "Press the 'no' key."
16.2805 	EXP 	text: autoDraw = True
16.7238 	EXP 	New trial (rep=5, index=1): OrderedDict([('stimulus', "Press the 'no' key."), ('corrAns', 'n')])
16.7301 	DATA 	Keypress: n
16.7475 	EXP 	text: autoDraw = False
16.7475 	EXP 	text: text = "Press the 'no' key."
16.7475 	EXP 	text: autoDraw = True
17.1177 	EXP 	New trial (rep=6, index=0): OrderedDict([('stimulus', "Press the 'no' key."), ('corrAns', 'n')])
17.1226 	DATA 	Keypress: n
17.1363 	EXP 	text: autoDraw = False
17.1363 	EXP 	text: text = "Press the 'no' key."
17.1363 	EXP 	text: autoDraw = True
17.5401 	DATA 	Keypress: n
17.5583 	EXP 	New trial (rep=6, index=1): OrderedDict([('stimulus', "Press the 'no' key."), ('corrAns', 'n')])
17.5813 	EXP 	text: autoDraw = False
17.5813 	EXP 	text: text = "Press the 'no' key."
17.5813 	EXP 	text: autoDraw = True
17.9741 	DATA 	Keypress: n
17.9905 	EXP 	New trial (rep=7, index=0): OrderedDict([('stimulus', "Press the 'yes' key."), ('corrAns', 'c')])
18.0295 	EXP 	text: autoDraw = False
18.0295 	EXP 	text: text = "Press the 'yes' key."
18.0295 	EXP 	text: autoDraw = True
18.4064 	EXP 	New trial (rep=7, index=1): OrderedDict([('stimulus', "Press the 'yes' key."), ('corrAns', 'c')])
18.4134 	DATA 	Keypress: c
18.4321 	EXP 	text: autoDraw = False
18.4321 	EXP 	text: text = "Press the 'yes' key."
18.4321 	EXP 	text: autoDraw = True
18.7733 	EXP 	New trial (rep=8, index=0): OrderedDict([('stimulus', "Press the 'yes' key."), ('corrAns', 'c')])
18.7799 	DATA 	Keypress: c
18.7990 	EXP 	text: autoDraw = False
18.7990 	EXP 	text: text = "Press the 'yes' key."
18.7990 	EXP 	text: autoDraw = True
19.0895 	EXP 	New trial (rep=8, index=1): OrderedDict([('stimulus', "Press the 'no' key."), ('corrAns', 'n')])
19.1075 	DATA 	Keypress: c
19.1303 	EXP 	text: autoDraw = False
19.1303 	EXP 	text: text = "Press the 'no' key."
19.1303 	EXP 	text: autoDraw = True
19.5236 	EXP 	New trial (rep=9, index=0): OrderedDict([('stimulus', "Press the 'no' key."), ('corrAns', 'n')])
19.5300 	DATA 	Keypress: n
19.5489 	EXP 	text: autoDraw = False
19.5489 	EXP 	text: text = "Press the 'no' key."
19.5489 	EXP 	text: autoDraw = True
19.9087 	DATA 	Keypress: n
19.9414 	EXP 	New trial (rep=9, index=1): OrderedDict([('stimulus', "Press the 'yes' key."), ('corrAns', 'c')])
19.9817 	EXP 	text: autoDraw = False
19.9817 	EXP 	text: text = "Press the 'yes' key."
19.9817 	EXP 	text: autoDraw = True
20.5749 	DATA 	Keypress: c
20.6309 	EXP 	text: autoDraw = False
20.6309 	EXP 	task_instructions: autoDraw = True
29.6937 	DATA 	Keypress: space
29.7146 	EXP 	task_instructions: autoDraw = False
29.7146 	EXP 	practice_block: autoDraw = True
30.3558 	DATA 	Keypress: escape
30.6283 	EXP 	window1: mouseVisible = True
30.6284 	DEBUG 	Saving data for EventTask ExperimentHandler
30.6297 	INFO 	saved data to C:\Users\cukel\OneDrive\Documents\GitHub\Event-Task\data/_EventTask_2021_Jun_16_1037.psydat
30.6330 	INFO 	saved data to 'C:\\Users\\cukel\\OneDrive\\Documents\\GitHub\\Event-Task\\data/_EventTask_2021_Jun_16_1037.csv'
